---------------------------------------------------------------
[ 2018-10-07T03:38:51+08:00 ] 203.208.60.84 GET /
[ info ] dage.gouwuduoduo.com/ [运行时间：0.171996s][吞吐率：5.81req/s] [内存消耗：3,597.48kb] [文件加载：79]
[ info ] [ BEHAVIOR ] Run Closure @app_init [ RunTime:0.000021s ]
[ info ] [ CACHE ] INIT File
[ info ] [ BEHAVIOR ] Run Closure @app_init [ RunTime:0.001920s ]
[ info ] [ LANG ] /www/wwwroot/dage.gouwuduoduo.com/thinkphp/lang/zh-cn.php
[ info ] [ ROUTE ] array (
  'type' => 'module',
  'module' => 
  array (
    0 => '',
    1 => NULL,
    2 => NULL,
  ),
)
[ info ] [ HEADER ] array (
  'accept-encoding' => 'gzip,deflate,br',
  'user-agent' => 'Mozilla/5.0 (Linux; Android 6.0.1; Nexus 5X Build/MMB29P) AppleWebKit/537.36 (KHTML, like Gecko) Chrome/41.0.2272.96 Mobile Safari/537.36 (compatible; Googlebot/2.1; +http://www.google.com/bot.html)',
  'from' => 'googlebot(at)googlebot.com',
  'accept' => 'text/html,application/xhtml+xml,application/xml;q=0.9,*/*;q=0.8',
  'connection' => 'keep-alive',
  'host' => 'dage.gouwuduoduo.com',
  'content-type' => '',
  'content-length' => '',
)
[ info ] [ PARAM ] array (
)
[ info ] [ LANG ] /www/wwwroot/dage.gouwuduoduo.com/public/../application/index/lang/zh-cn.php
[ info ] [ BEHAVIOR ] Run app\common\behavior\Common @module_init [ RunTime:0.000350s ]
[ info ] [ LANG ] /www/wwwroot/dage.gouwuduoduo.com/public/../application/index/lang/zh-cn/index.php
[ info ] [ DB ] INIT mysql
[ info ] [ RUN ] app\index\controller\Index->index[ /www/wwwroot/dage.gouwuduoduo.com/application/index/controller/Index.php ]
[ info ] [ VIEW ] /www/wwwroot/dage.gouwuduoduo.com/public/../application/index/view/index/index.html [ array (
  0 => 'user',
  1 => 'site',
  2 => 'config',
  3 => 'footer',
  4 => 'controller',
  5 => 'header',
  6 => 'title',
  7 => 'banner',
  8 => 'data',
  9 => 'area_list',
  10 => 'cate_list',
  11 => 'trans_list',
) ]
[ info ] [ LOG ] INIT File
[ sql ] [ DB ] CONNECT:[ UseTime:0.006989s ] mysql:host=47.94.166.69;dbname=dage_gouwuduodu;charset=utf8
[ sql ] [ SQL ] SHOW COLUMNS FROM `fa_category` [ RunTime:0.005385s ]
[ sql ] [ SQL ] SELECT * FROM `fa_category` WHERE  (  `type` = 'footer' ) ORDER BY `weigh` DESC [ RunTime:0.004695s ]
[ sql ] [ SQL ] SHOW COLUMNS FROM `fa_access_log` [ RunTime:0.004990s ]
[ sql ] [ SQL ] INSERT INTO `fa_access_log` (`user_id` , `url` , `from_url` , `ip` , `useragent` , `createtime`) VALUES (0 , '/' , 'index' , '203.208.60.84' , 'Mozilla/5.0 (Linux; Android 6.0.1; Nexus 5X Build/MMB29P) AppleWebKit/537.36 (KHTML, like Gecko) Chrome/41.0.2272.96 Mobile Safari/537.36 (compatible; Googlebot/2.1; +http://www.google.com/bot.html)' , 1538854731) [ RunTime:0.011182s ]
[ sql ] [ SQL ] SELECT * FROM `fa_category` WHERE  (  `type` = 'header' ) ORDER BY `weigh` DESC [ RunTime:0.004702s ]
[ sql ] [ SQL ] SELECT * FROM `fa_category` WHERE  (  `type` = 'banner' ) ORDER BY `weigh` DESC [ RunTime:0.004624s ]
[ sql ] [ SQL ] SELECT * FROM `fa_category` WHERE  (  `type` = 'index1' ) ORDER BY `weigh` DESC [ RunTime:0.004629s ]
[ sql ] [ SQL ] SHOW COLUMNS FROM `fa_videos` [ RunTime:0.005173s ]
[ sql ] [ SQL ] SELECT COUNT(*) AS tp_count FROM `fa_videos` WHERE  `type` = 'index1' LIMIT 1 [ RunTime:0.004643s ]
[ sql ] [ SQL ] SELECT * FROM `fa_videos` WHERE  `type` = 'index1' ORDER BY `id` DESC LIMIT 0,10 [ RunTime:0.004678s ]
[ sql ] [ SQL ] SELECT * FROM `fa_category` WHERE  (  `type` = 'index2' ) ORDER BY `weigh` DESC [ RunTime:0.004717s ]
[ sql ] [ SQL ] SELECT COUNT(*) AS tp_count FROM `fa_videos` WHERE  `type` = 'index2' LIMIT 1 [ RunTime:0.004578s ]
[ sql ] [ SQL ] SELECT * FROM `fa_videos` WHERE  `type` = 'index2' ORDER BY `id` DESC LIMIT 0,10 [ RunTime:0.004663s ]
[ sql ] [ SQL ] SELECT * FROM `fa_category` WHERE  (  `type` = 'index3' ) ORDER BY `weigh` DESC [ RunTime:0.004667s ]
[ sql ] [ SQL ] SELECT COUNT(*) AS tp_count FROM `fa_videos` WHERE  `type` = 'index3' LIMIT 1 [ RunTime:0.004601s ]
[ sql ] [ SQL ] SELECT * FROM `fa_videos` WHERE  `type` = 'index3' ORDER BY `id` DESC LIMIT 0,10 [ RunTime:0.004712s ]
[ sql ] [ SQL ] SHOW COLUMNS FROM `fa_area` [ RunTime:0.005093s ]
[ sql ] [ SQL ] SELECT * FROM `fa_area` WHERE  `status` = 1 [ RunTime:0.004565s ]
[ sql ] [ SQL ] SHOW COLUMNS FROM `fa_cate` [ RunTime:0.006378s ]
[ sql ] [ SQL ] SELECT * FROM `fa_cate` WHERE  `status` = 1 [ RunTime:0.004567s ]
[ sql ] [ SQL ] SHOW COLUMNS FROM `fa_trans` [ RunTime:0.004953s ]
[ sql ] [ SQL ] SELECT name,count(name) as num FROM `fa_trans` GROUP BY `name` ORDER BY `hots` DESC LIMIT 6 [ RunTime:0.004604s ]
---------------------------------------------------------------
[ 2018-10-07T03:38:56+08:00 ] 203.208.60.68 GET /assets/js/frontend/index.js?v=1538854731
[ info ] dage.gouwuduoduo.com/assets/js/frontend/index.js?v=1538854731 [运行时间：0.016688s][吞吐率：59.92req/s] [内存消耗：1,721.89kb] [文件加载：48]
[ info ] [ BEHAVIOR ] Run Closure @app_init [ RunTime:0.000030s ]
[ info ] [ CACHE ] INIT File
[ info ] [ BEHAVIOR ] Run Closure @app_init [ RunTime:0.000938s ]
[ info ] [ ROUTE ] array (
  'type' => 'module',
  'module' => 
  array (
    0 => '404',
    1 => NULL,
    2 => NULL,
  ),
)
[ info ] [ HEADER ] array (
  'accept-encoding' => 'gzip,deflate,br',
  'user-agent' => 'Mozilla/5.0 (Linux; Android 6.0.1; Nexus 5X Build/MMB29P) AppleWebKit/537.36 (KHTML, like Gecko) Chrome/41.0.2272.96 Mobile Safari/537.36 (compatible; Googlebot/2.1; +http://www.google.com/bot.html)',
  'from' => 'googlebot(at)googlebot.com',
  'accept' => '*/*',
  'connection' => 'keep-alive',
  'accept-language' => 'en-US',
  'referer' => 'http://dage.gouwuduoduo.com/',
  'host' => 'dage.gouwuduoduo.com',
  'content-type' => '',
  'content-length' => '',
)
[ info ] [ PARAM ] array (
)
[ info ] [ LOG ] INIT File
---------------------------------------------------------------
[ 2018-10-07T06:16:09+08:00 ] 106.15.186.63 GET /
[ info ] dage.gouwuduoduo.com/ [运行时间：0.275373s][吞吐率：3.63req/s] [内存消耗：3,591.94kb] [文件加载：79]
[ info ] [ BEHAVIOR ] Run Closure @app_init [ RunTime:0.000024s ]
[ info ] [ CACHE ] INIT File
[ info ] [ BEHAVIOR ] Run Closure @app_init [ RunTime:0.002274s ]
[ info ] [ LANG ] /www/wwwroot/dage.gouwuduoduo.com/thinkphp/lang/zh-cn.php
[ info ] [ ROUTE ] array (
  'type' => 'module',
  'module' => 
  array (
    0 => '',
    1 => NULL,
    2 => NULL,
  ),
)
[ info ] [ HEADER ] array (
  'connection' => 'keep-alive',
  'accept' => 'text/html, image/gif, image/jpeg, *; q=.2, */*; q=.2',
  'host' => 'dage.gouwuduoduo.com',
  'user-agent' => 'Mozilla/5.0 (X11; Ubuntu; Linux x86_64; rv:36.0) Gecko/20100101 Firefox/36.0',
  'content-type' => '',
  'content-length' => '',
)
[ info ] [ PARAM ] array (
)
[ info ] [ LANG ] /www/wwwroot/dage.gouwuduoduo.com/public/../application/index/lang/zh-cn.php
[ info ] [ BEHAVIOR ] Run app\common\behavior\Common @module_init [ RunTime:0.000447s ]
[ info ] [ LANG ] /www/wwwroot/dage.gouwuduoduo.com/public/../application/index/lang/zh-cn/index.php
[ info ] [ DB ] INIT mysql
[ info ] [ RUN ] app\index\controller\Index->index[ /www/wwwroot/dage.gouwuduoduo.com/application/index/controller/Index.php ]
[ info ] [ VIEW ] /www/wwwroot/dage.gouwuduoduo.com/public/../application/index/view/index/index.html [ array (
  0 => 'user',
  1 => 'site',
  2 => 'config',
  3 => 'footer',
  4 => 'controller',
  5 => 'header',
  6 => 'title',
  7 => 'banner',
  8 => 'data',
  9 => 'area_list',
  10 => 'cate_list',
  11 => 'trans_list',
) ]
[ info ] [ LOG ] INIT File
[ sql ] [ DB ] CONNECT:[ UseTime:0.006943s ] mysql:host=47.94.166.69;dbname=dage_gouwuduodu;charset=utf8
[ sql ] [ SQL ] SHOW COLUMNS FROM `fa_category` [ RunTime:0.005634s ]
[ sql ] [ SQL ] SELECT * FROM `fa_category` WHERE  (  `type` = 'footer' ) ORDER BY `weigh` DESC [ RunTime:0.004459s ]
[ sql ] [ SQL ] SHOW COLUMNS FROM `fa_access_log` [ RunTime:0.004681s ]
[ sql ] [ SQL ] INSERT INTO `fa_access_log` (`user_id` , `url` , `from_url` , `ip` , `useragent` , `createtime`) VALUES (0 , '/' , 'index' , '106.15.186.63' , 'Mozilla/5.0 (X11; Ubuntu; Linux x86_64; rv:36.0) Gecko/20100101 Firefox/36.0' , 1538864169) [ RunTime:0.011801s ]
[ sql ] [ SQL ] SELECT * FROM `fa_category` WHERE  (  `type` = 'header' ) ORDER BY `weigh` DESC [ RunTime:0.004381s ]
[ sql ] [ SQL ] SELECT * FROM `fa_category` WHERE  (  `type` = 'banner' ) ORDER BY `weigh` DESC [ RunTime:0.004424s ]
[ sql ] [ SQL ] SELECT * FROM `fa_category` WHERE  (  `type` = 'index1' ) ORDER BY `weigh` DESC [ RunTime:0.004361s ]
[ sql ] [ SQL ] SHOW COLUMNS FROM `fa_videos` [ RunTime:0.004872s ]
[ sql ] [ SQL ] SELECT COUNT(*) AS tp_count FROM `fa_videos` WHERE  `type` = 'index1' LIMIT 1 [ RunTime:0.004357s ]
[ sql ] [ SQL ] SELECT * FROM `fa_videos` WHERE  `type` = 'index1' ORDER BY `id` DESC LIMIT 0,10 [ RunTime:0.004458s ]
[ sql ] [ SQL ] SELECT * FROM `fa_category` WHERE  (  `type` = 'index2' ) ORDER BY `weigh` DESC [ RunTime:0.005229s ]
[ sql ] [ SQL ] SELECT COUNT(*) AS tp_count FROM `fa_videos` WHERE  `type` = 'index2' LIMIT 1 [ RunTime:0.004318s ]
[ sql ] [ SQL ] SELECT * FROM `fa_videos` WHERE  `type` = 'index2' ORDER BY `id` DESC LIMIT 0,10 [ RunTime:0.004389s ]
[ sql ] [ SQL ] SELECT * FROM `fa_category` WHERE  (  `type` = 'index3' ) ORDER BY `weigh` DESC [ RunTime:0.004370s ]
[ sql ] [ SQL ] SELECT COUNT(*) AS tp_count FROM `fa_videos` WHERE  `type` = 'index3' LIMIT 1 [ RunTime:0.004330s ]
[ sql ] [ SQL ] SELECT * FROM `fa_videos` WHERE  `type` = 'index3' ORDER BY `id` DESC LIMIT 0,10 [ RunTime:0.004385s ]
[ sql ] [ SQL ] SHOW COLUMNS FROM `fa_area` [ RunTime:0.004724s ]
[ sql ] [ SQL ] SELECT * FROM `fa_area` WHERE  `status` = 1 [ RunTime:0.004326s ]
[ sql ] [ SQL ] SHOW COLUMNS FROM `fa_cate` [ RunTime:0.004580s ]
[ sql ] [ SQL ] SELECT * FROM `fa_cate` WHERE  `status` = 1 [ RunTime:0.004338s ]
[ sql ] [ SQL ] SHOW COLUMNS FROM `fa_trans` [ RunTime:0.004619s ]
[ sql ] [ SQL ] SELECT name,count(name) as num FROM `fa_trans` GROUP BY `name` ORDER BY `hots` DESC LIMIT 6 [ RunTime:0.004375s ]
---------------------------------------------------------------
[ 2018-10-07T07:59:47+08:00 ] 203.208.60.43 GET /
[ info ] dage.gouwuduoduo.com/ [运行时间：0.259741s][吞吐率：3.85req/s] [内存消耗：3,596.46kb] [文件加载：79]
[ info ] [ BEHAVIOR ] Run Closure @app_init [ RunTime:0.000041s ]
[ info ] [ CACHE ] INIT File
[ info ] [ BEHAVIOR ] Run Closure @app_init [ RunTime:0.002502s ]
[ info ] [ LANG ] /www/wwwroot/dage.gouwuduoduo.com/thinkphp/lang/zh-cn.php
[ info ] [ ROUTE ] array (
  'type' => 'module',
  'module' => 
  array (
    0 => '',
    1 => NULL,
    2 => NULL,
  ),
)
[ info ] [ HEADER ] array (
  'accept-encoding' => 'gzip,deflate,br',
  'user-agent' => 'Mozilla/5.0 (compatible; Googlebot/2.1; +http://www.google.com/bot.html)',
  'from' => 'googlebot(at)googlebot.com',
  'accept' => 'text/html,application/xhtml+xml,application/xml;q=0.9,*/*;q=0.8',
  'connection' => 'keep-alive',
  'host' => 'dage.gouwuduoduo.com',
  'content-type' => '',
  'content-length' => '',
)
[ info ] [ PARAM ] array (
)
[ info ] [ LANG ] /www/wwwroot/dage.gouwuduoduo.com/public/../application/index/lang/zh-cn.php
[ info ] [ BEHAVIOR ] Run app\common\behavior\Common @module_init [ RunTime:0.000452s ]
[ info ] [ LANG ] /www/wwwroot/dage.gouwuduoduo.com/public/../application/index/lang/zh-cn/index.php
[ info ] [ DB ] INIT mysql
[ info ] [ RUN ] app\index\controller\Index->index[ /www/wwwroot/dage.gouwuduoduo.com/application/index/controller/Index.php ]
[ info ] [ VIEW ] /www/wwwroot/dage.gouwuduoduo.com/public/../application/index/view/index/index.html [ array (
  0 => 'user',
  1 => 'site',
  2 => 'config',
  3 => 'footer',
  4 => 'controller',
  5 => 'header',
  6 => 'title',
  7 => 'banner',
  8 => 'data',
  9 => 'area_list',
  10 => 'cate_list',
  11 => 'trans_list',
) ]
[ info ] [ LOG ] INIT File
[ sql ] [ DB ] CONNECT:[ UseTime:0.010576s ] mysql:host=47.94.166.69;dbname=dage_gouwuduodu;charset=utf8
[ sql ] [ SQL ] SHOW COLUMNS FROM `fa_category` [ RunTime:0.008199s ]
[ sql ] [ SQL ] SELECT * FROM `fa_category` WHERE  (  `type` = 'footer' ) ORDER BY `weigh` DESC [ RunTime:0.007100s ]
[ sql ] [ SQL ] SHOW COLUMNS FROM `fa_access_log` [ RunTime:0.007475s ]
[ sql ] [ SQL ] INSERT INTO `fa_access_log` (`user_id` , `url` , `from_url` , `ip` , `useragent` , `createtime`) VALUES (0 , '/' , 'index' , '203.208.60.43' , 'Mozilla/5.0 (compatible; Googlebot/2.1; +http://www.google.com/bot.html)' , 1538870387) [ RunTime:0.014242s ]
[ sql ] [ SQL ] SELECT * FROM `fa_category` WHERE  (  `type` = 'header' ) ORDER BY `weigh` DESC [ RunTime:0.007033s ]
[ sql ] [ SQL ] SELECT * FROM `fa_category` WHERE  (  `type` = 'banner' ) ORDER BY `weigh` DESC [ RunTime:0.006986s ]
[ sql ] [ SQL ] SELECT * FROM `fa_category` WHERE  (  `type` = 'index1' ) ORDER BY `weigh` DESC [ RunTime:0.006971s ]
[ sql ] [ SQL ] SHOW COLUMNS FROM `fa_videos` [ RunTime:0.007651s ]
[ sql ] [ SQL ] SELECT COUNT(*) AS tp_count FROM `fa_videos` WHERE  `type` = 'index1' LIMIT 1 [ RunTime:0.011724s ]
[ sql ] [ SQL ] SELECT * FROM `fa_videos` WHERE  `type` = 'index1' ORDER BY `id` DESC LIMIT 0,10 [ RunTime:0.007033s ]
[ sql ] [ SQL ] SELECT * FROM `fa_category` WHERE  (  `type` = 'index2' ) ORDER BY `weigh` DESC [ RunTime:0.007005s ]
[ sql ] [ SQL ] SELECT COUNT(*) AS tp_count FROM `fa_videos` WHERE  `type` = 'index2' LIMIT 1 [ RunTime:0.006936s ]
[ sql ] [ SQL ] SELECT * FROM `fa_videos` WHERE  `type` = 'index2' ORDER BY `id` DESC LIMIT 0,10 [ RunTime:0.007021s ]
[ sql ] [ SQL ] SELECT * FROM `fa_category` WHERE  (  `type` = 'index3' ) ORDER BY `weigh` DESC [ RunTime:0.006946s ]
[ sql ] [ SQL ] SELECT COUNT(*) AS tp_count FROM `fa_videos` WHERE  `type` = 'index3' LIMIT 1 [ RunTime:0.006924s ]
[ sql ] [ SQL ] SELECT * FROM `fa_videos` WHERE  `type` = 'index3' ORDER BY `id` DESC LIMIT 0,10 [ RunTime:0.006991s ]
[ sql ] [ SQL ] SHOW COLUMNS FROM `fa_area` [ RunTime:0.007549s ]
[ sql ] [ SQL ] SELECT * FROM `fa_area` WHERE  `status` = 1 [ RunTime:0.006891s ]
[ sql ] [ SQL ] SHOW COLUMNS FROM `fa_cate` [ RunTime:0.007498s ]
[ sql ] [ SQL ] SELECT * FROM `fa_cate` WHERE  `status` = 1 [ RunTime:0.006904s ]
[ sql ] [ SQL ] SHOW COLUMNS FROM `fa_trans` [ RunTime:0.007483s ]
[ sql ] [ SQL ] SELECT name,count(name) as num FROM `fa_trans` GROUP BY `name` ORDER BY `hots` DESC LIMIT 6 [ RunTime:0.006915s ]
---------------------------------------------------------------
[ 2018-10-07T07:59:50+08:00 ] 203.208.60.55 GET /assets/js/frontend/index.js?v=1537056000
[ info ] dage.gouwuduoduo.com/assets/js/frontend/index.js?v=1537056000 [运行时间：0.019694s][吞吐率：50.78req/s] [内存消耗：1,721.39kb] [文件加载：48]
[ info ] [ BEHAVIOR ] Run Closure @app_init [ RunTime:0.000020s ]
[ info ] [ CACHE ] INIT File
[ info ] [ BEHAVIOR ] Run Closure @app_init [ RunTime:0.000939s ]
[ info ] [ ROUTE ] array (
  'type' => 'module',
  'module' => 
  array (
    0 => '404',
    1 => NULL,
    2 => NULL,
  ),
)
[ info ] [ HEADER ] array (
  'accept-encoding' => 'gzip,deflate,br',
  'user-agent' => 'Mozilla/5.0 AppleWebKit/537.36 (KHTML, like Gecko; compatible; Googlebot/2.1; +http://www.google.com/bot.html) Safari/537.36',
  'from' => 'googlebot(at)googlebot.com',
  'accept' => '*/*',
  'connection' => 'keep-alive',
  'accept-language' => 'en-US',
  'referer' => 'http://dage.gouwuduoduo.com/',
  'host' => 'dage.gouwuduoduo.com',
  'content-type' => '',
  'content-length' => '',
)
[ info ] [ PARAM ] array (
)
[ info ] [ LOG ] INIT File
---------------------------------------------------------------
[ 2018-10-07T07:59:51+08:00 ] 203.208.60.109 GET /assets/js/frontend/index.js?v=1538870387
[ info ] dage.gouwuduoduo.com/assets/js/frontend/index.js?v=1538870387 [运行时间：0.015999s][吞吐率：62.50req/s] [内存消耗：1,721.39kb] [文件加载：48]
[ info ] [ BEHAVIOR ] Run Closure @app_init [ RunTime:0.000020s ]
[ info ] [ CACHE ] INIT File
[ info ] [ BEHAVIOR ] Run Closure @app_init [ RunTime:0.000933s ]
[ info ] [ ROUTE ] array (
  'type' => 'module',
  'module' => 
  array (
    0 => '404',
    1 => NULL,
    2 => NULL,
  ),
)
[ info ] [ HEADER ] array (
  'accept-encoding' => 'gzip,deflate,br',
  'user-agent' => 'Mozilla/5.0 AppleWebKit/537.36 (KHTML, like Gecko; compatible; Googlebot/2.1; +http://www.google.com/bot.html) Safari/537.36',
  'from' => 'googlebot(at)googlebot.com',
  'accept' => '*/*',
  'connection' => 'keep-alive',
  'accept-language' => 'en-US',
  'referer' => 'http://dage.gouwuduoduo.com/',
  'host' => 'dage.gouwuduoduo.com',
  'content-type' => '',
  'content-length' => '',
)
[ info ] [ PARAM ] array (
)
[ info ] [ LOG ] INIT File
---------------------------------------------------------------
[ 2018-10-07T12:31:06+08:00 ] 203.208.60.116 GET /
[ info ] dage.gouwuduoduo.com/ [运行时间：0.202248s][吞吐率：4.94req/s] [内存消耗：3,597.49kb] [文件加载：79]
[ info ] [ BEHAVIOR ] Run Closure @app_init [ RunTime:0.000022s ]
[ info ] [ CACHE ] INIT File
[ info ] [ BEHAVIOR ] Run Closure @app_init [ RunTime:0.002374s ]
[ info ] [ LANG ] /www/wwwroot/dage.gouwuduoduo.com/thinkphp/lang/zh-cn.php
[ info ] [ ROUTE ] array (
  'type' => 'module',
  'module' => 
  array (
    0 => '',
    1 => NULL,
    2 => NULL,
  ),
)
[ info ] [ HEADER ] array (
  'accept-encoding' => 'gzip,deflate,br',
  'user-agent' => 'Mozilla/5.0 (Linux; Android 6.0.1; Nexus 5X Build/MMB29P) AppleWebKit/537.36 (KHTML, like Gecko) Chrome/41.0.2272.96 Mobile Safari/537.36 (compatible; Googlebot/2.1; +http://www.google.com/bot.html)',
  'from' => 'googlebot(at)googlebot.com',
  'accept' => 'text/html,application/xhtml+xml,application/xml;q=0.9,*/*;q=0.8',
  'connection' => 'keep-alive',
  'host' => 'dage.gouwuduoduo.com',
  'content-type' => '',
  'content-length' => '',
)
[ info ] [ PARAM ] array (
)
[ info ] [ LANG ] /www/wwwroot/dage.gouwuduoduo.com/public/../application/index/lang/zh-cn.php
[ info ] [ BEHAVIOR ] Run app\common\behavior\Common @module_init [ RunTime:0.000407s ]
[ info ] [ LANG ] /www/wwwroot/dage.gouwuduoduo.com/public/../application/index/lang/zh-cn/index.php
[ info ] [ DB ] INIT mysql
[ info ] [ RUN ] app\index\controller\Index->index[ /www/wwwroot/dage.gouwuduoduo.com/application/index/controller/Index.php ]
[ info ] [ VIEW ] /www/wwwroot/dage.gouwuduoduo.com/public/../application/index/view/index/index.html [ array (
  0 => 'user',
  1 => 'site',
  2 => 'config',
  3 => 'footer',
  4 => 'controller',
  5 => 'header',
  6 => 'title',
  7 => 'banner',
  8 => 'data',
  9 => 'area_list',
  10 => 'cate_list',
  11 => 'trans_list',
) ]
[ info ] [ LOG ] INIT File
[ sql ] [ DB ] CONNECT:[ UseTime:0.007184s ] mysql:host=47.94.166.69;dbname=dage_gouwuduodu;charset=utf8
[ sql ] [ SQL ] SHOW COLUMNS FROM `fa_category` [ RunTime:0.006106s ]
[ sql ] [ SQL ] SELECT * FROM `fa_category` WHERE  (  `type` = 'footer' ) ORDER BY `weigh` DESC [ RunTime:0.004742s ]
[ sql ] [ SQL ] SHOW COLUMNS FROM `fa_access_log` [ RunTime:0.004895s ]
[ sql ] [ SQL ] INSERT INTO `fa_access_log` (`user_id` , `url` , `from_url` , `ip` , `useragent` , `createtime`) VALUES (0 , '/' , 'index' , '203.208.60.116' , 'Mozilla/5.0 (Linux; Android 6.0.1; Nexus 5X Build/MMB29P) AppleWebKit/537.36 (KHTML, like Gecko) Chrome/41.0.2272.96 Mobile Safari/537.36 (compatible; Googlebot/2.1; +http://www.google.com/bot.html)' , 1538886666) [ RunTime:0.029494s ]
[ sql ] [ SQL ] SELECT * FROM `fa_category` WHERE  (  `type` = 'header' ) ORDER BY `weigh` DESC [ RunTime:0.004701s ]
[ sql ] [ SQL ] SELECT * FROM `fa_category` WHERE  (  `type` = 'banner' ) ORDER BY `weigh` DESC [ RunTime:0.004650s ]
[ sql ] [ SQL ] SELECT * FROM `fa_category` WHERE  (  `type` = 'index1' ) ORDER BY `weigh` DESC [ RunTime:0.004610s ]
[ sql ] [ SQL ] SHOW COLUMNS FROM `fa_videos` [ RunTime:0.005132s ]
[ sql ] [ SQL ] SELECT COUNT(*) AS tp_count FROM `fa_videos` WHERE  `type` = 'index1' LIMIT 1 [ RunTime:0.004594s ]
[ sql ] [ SQL ] SELECT * FROM `fa_videos` WHERE  `type` = 'index1' ORDER BY `id` DESC LIMIT 0,10 [ RunTime:0.004679s ]
[ sql ] [ SQL ] SELECT * FROM `fa_category` WHERE  (  `type` = 'index2' ) ORDER BY `weigh` DESC [ RunTime:0.004599s ]
[ sql ] [ SQL ] SELECT COUNT(*) AS tp_count FROM `fa_videos` WHERE  `type` = 'index2' LIMIT 1 [ RunTime:0.004577s ]
[ sql ] [ SQL ] SELECT * FROM `fa_videos` WHERE  `type` = 'index2' ORDER BY `id` DESC LIMIT 0,10 [ RunTime:0.004627s ]
[ sql ] [ SQL ] SELECT * FROM `fa_category` WHERE  (  `type` = 'index3' ) ORDER BY `weigh` DESC [ RunTime:0.004631s ]
[ sql ] [ SQL ] SELECT COUNT(*) AS tp_count FROM `fa_videos` WHERE  `type` = 'index3' LIMIT 1 [ RunTime:0.004555s ]
[ sql ] [ SQL ] SELECT * FROM `fa_videos` WHERE  `type` = 'index3' ORDER BY `id` DESC LIMIT 0,10 [ RunTime:0.004660s ]
[ sql ] [ SQL ] SHOW COLUMNS FROM `fa_area` [ RunTime:0.005001s ]
[ sql ] [ SQL ] SELECT * FROM `fa_area` WHERE  `status` = 1 [ RunTime:0.004586s ]
[ sql ] [ SQL ] SHOW COLUMNS FROM `fa_cate` [ RunTime:0.004903s ]
[ sql ] [ SQL ] SELECT * FROM `fa_cate` WHERE  `status` = 1 [ RunTime:0.004695s ]
[ sql ] [ SQL ] SHOW COLUMNS FROM `fa_trans` [ RunTime:0.004897s ]
[ sql ] [ SQL ] SELECT name,count(name) as num FROM `fa_trans` GROUP BY `name` ORDER BY `hots` DESC LIMIT 6 [ RunTime:0.004603s ]
---------------------------------------------------------------
[ 2018-10-07T12:31:17+08:00 ] 203.208.60.84 GET /assets/js/frontend/index.js?v=1538886666
[ info ] dage.gouwuduoduo.com/assets/js/frontend/index.js?v=1538886666 [运行时间：0.016626s][吞吐率：60.15req/s] [内存消耗：1,721.89kb] [文件加载：48]
[ info ] [ BEHAVIOR ] Run Closure @app_init [ RunTime:0.000019s ]
[ info ] [ CACHE ] INIT File
[ info ] [ BEHAVIOR ] Run Closure @app_init [ RunTime:0.000935s ]
[ info ] [ ROUTE ] array (
  'type' => 'module',
  'module' => 
  array (
    0 => '404',
    1 => NULL,
    2 => NULL,
  ),
)
[ info ] [ HEADER ] array (
  'accept-encoding' => 'gzip,deflate,br',
  'user-agent' => 'Mozilla/5.0 (Linux; Android 6.0.1; Nexus 5X Build/MMB29P) AppleWebKit/537.36 (KHTML, like Gecko) Chrome/41.0.2272.96 Mobile Safari/537.36 (compatible; Googlebot/2.1; +http://www.google.com/bot.html)',
  'from' => 'googlebot(at)googlebot.com',
  'accept' => '*/*',
  'connection' => 'keep-alive',
  'accept-language' => 'en-US',
  'referer' => 'http://dage.gouwuduoduo.com/',
  'host' => 'dage.gouwuduoduo.com',
  'content-type' => '',
  'content-length' => '',
)
[ info ] [ PARAM ] array (
)
[ info ] [ LOG ] INIT File
---------------------------------------------------------------
[ 2018-10-07T15:24:22+08:00 ] 101.132.100.6 GET /
[ info ] dage.gouwuduoduo.com/ [运行时间：0.224032s][吞吐率：4.46req/s] [内存消耗：3,591.94kb] [文件加载：79]
[ info ] [ BEHAVIOR ] Run Closure @app_init [ RunTime:0.000025s ]
[ info ] [ CACHE ] INIT File
[ info ] [ BEHAVIOR ] Run Closure @app_init [ RunTime:0.002502s ]
[ info ] [ LANG ] /www/wwwroot/dage.gouwuduoduo.com/thinkphp/lang/zh-cn.php
[ info ] [ ROUTE ] array (
  'type' => 'module',
  'module' => 
  array (
    0 => '',
    1 => NULL,
    2 => NULL,
  ),
)
[ info ] [ HEADER ] array (
  'connection' => 'keep-alive',
  'accept' => 'text/html, image/gif, image/jpeg, *; q=.2, */*; q=.2',
  'host' => 'dage.gouwuduoduo.com',
  'user-agent' => 'Mozilla/5.0 (X11; Ubuntu; Linux x86_64; rv:36.0) Gecko/20100101 Firefox/36.0',
  'content-type' => '',
  'content-length' => '',
)
[ info ] [ PARAM ] array (
)
[ info ] [ LANG ] /www/wwwroot/dage.gouwuduoduo.com/public/../application/index/lang/zh-cn.php
[ info ] [ BEHAVIOR ] Run app\common\behavior\Common @module_init [ RunTime:0.002491s ]
[ info ] [ LANG ] /www/wwwroot/dage.gouwuduoduo.com/public/../application/index/lang/zh-cn/index.php
[ info ] [ DB ] INIT mysql
[ info ] [ RUN ] app\index\controller\Index->index[ /www/wwwroot/dage.gouwuduoduo.com/application/index/controller/Index.php ]
[ info ] [ VIEW ] /www/wwwroot/dage.gouwuduoduo.com/public/../application/index/view/index/index.html [ array (
  0 => 'user',
  1 => 'site',
  2 => 'config',
  3 => 'footer',
  4 => 'controller',
  5 => 'header',
  6 => 'title',
  7 => 'banner',
  8 => 'data',
  9 => 'area_list',
  10 => 'cate_list',
  11 => 'trans_list',
) ]
[ info ] [ LOG ] INIT File
[ sql ] [ DB ] CONNECT:[ UseTime:0.006708s ] mysql:host=47.94.166.69;dbname=dage_gouwuduodu;charset=utf8
[ sql ] [ SQL ] SHOW COLUMNS FROM `fa_category` [ RunTime:0.004842s ]
[ sql ] [ SQL ] SELECT * FROM `fa_category` WHERE  (  `type` = 'footer' ) ORDER BY `weigh` DESC [ RunTime:0.003914s ]
[ sql ] [ SQL ] SHOW COLUMNS FROM `fa_access_log` [ RunTime:0.004221s ]
[ sql ] [ SQL ] INSERT INTO `fa_access_log` (`user_id` , `url` , `from_url` , `ip` , `useragent` , `createtime`) VALUES (0 , '/' , 'index' , '101.132.100.6' , 'Mozilla/5.0 (X11; Ubuntu; Linux x86_64; rv:36.0) Gecko/20100101 Firefox/36.0' , 1538897062) [ RunTime:0.014642s ]
[ sql ] [ SQL ] SELECT * FROM `fa_category` WHERE  (  `type` = 'header' ) ORDER BY `weigh` DESC [ RunTime:0.003746s ]
[ sql ] [ SQL ] SELECT * FROM `fa_category` WHERE  (  `type` = 'banner' ) ORDER BY `weigh` DESC [ RunTime:0.003736s ]
[ sql ] [ SQL ] SELECT * FROM `fa_category` WHERE  (  `type` = 'index1' ) ORDER BY `weigh` DESC [ RunTime:0.003746s ]
[ sql ] [ SQL ] SHOW COLUMNS FROM `fa_videos` [ RunTime:0.004230s ]
[ sql ] [ SQL ] SELECT COUNT(*) AS tp_count FROM `fa_videos` WHERE  `type` = 'index1' LIMIT 1 [ RunTime:0.003662s ]
[ sql ] [ SQL ] SELECT * FROM `fa_videos` WHERE  `type` = 'index1' ORDER BY `id` DESC LIMIT 0,10 [ RunTime:0.003715s ]
[ sql ] [ SQL ] SELECT * FROM `fa_category` WHERE  (  `type` = 'index2' ) ORDER BY `weigh` DESC [ RunTime:0.003676s ]
[ sql ] [ SQL ] SELECT COUNT(*) AS tp_count FROM `fa_videos` WHERE  `type` = 'index2' LIMIT 1 [ RunTime:0.003654s ]
[ sql ] [ SQL ] SELECT * FROM `fa_videos` WHERE  `type` = 'index2' ORDER BY `id` DESC LIMIT 0,10 [ RunTime:0.003757s ]
[ sql ] [ SQL ] SELECT * FROM `fa_category` WHERE  (  `type` = 'index3' ) ORDER BY `weigh` DESC [ RunTime:0.003715s ]
[ sql ] [ SQL ] SELECT COUNT(*) AS tp_count FROM `fa_videos` WHERE  `type` = 'index3' LIMIT 1 [ RunTime:0.003649s ]
[ sql ] [ SQL ] SELECT * FROM `fa_videos` WHERE  `type` = 'index3' ORDER BY `id` DESC LIMIT 0,10 [ RunTime:0.003727s ]
[ sql ] [ SQL ] SHOW COLUMNS FROM `fa_area` [ RunTime:0.004137s ]
[ sql ] [ SQL ] SELECT * FROM `fa_area` WHERE  `status` = 1 [ RunTime:0.003674s ]
[ sql ] [ SQL ] SHOW COLUMNS FROM `fa_cate` [ RunTime:0.003985s ]
[ sql ] [ SQL ] SELECT * FROM `fa_cate` WHERE  `status` = 1 [ RunTime:0.003660s ]
[ sql ] [ SQL ] SHOW COLUMNS FROM `fa_trans` [ RunTime:0.004051s ]
[ sql ] [ SQL ] SELECT name,count(name) as num FROM `fa_trans` GROUP BY `name` ORDER BY `hots` DESC LIMIT 6 [ RunTime:0.003777s ]
---------------------------------------------------------------
[ 2018-10-07T16:30:28+08:00 ] 111.173.170.227 GET /index/index/show.html?id=207
[ info ] dage.gouwuduoduo.com/index/index/show.html?id=207 [运行时间：0.230685s][吞吐率：4.33req/s] [内存消耗：3,543.80kb] [文件加载：79]
[ info ] [ BEHAVIOR ] Run Closure @app_init [ RunTime:0.000024s ]
[ info ] [ CACHE ] INIT File
[ info ] [ BEHAVIOR ] Run Closure @app_init [ RunTime:0.001662s ]
[ info ] [ LANG ] /www/wwwroot/dage.gouwuduoduo.com/thinkphp/lang/zh-cn.php
[ info ] [ ROUTE ] array (
  'type' => 'module',
  'module' => 
  array (
    0 => 'index',
    1 => 'index',
    2 => 'show',
  ),
)
[ info ] [ HEADER ] array (
  'accept-language' => 'zh-CN,zh;q=0.9',
  'accept-encoding' => 'gzip, deflate',
  'accept' => 'text/html,application/xhtml+xml,application/xml;q=0.9,image/webp,image/apng,*/*;q=0.8',
  'upgrade-insecure-requests' => '1',
  'user-agent' => 'Mozilla/5.0 (Windows NT 6.1; WOW64) AppleWebKit/537.36 (KHTML, like Gecko) Chrome/63.0.3239.26 Safari/537.36 Core/1.63.6756.400 QQBrowser/10.3.2473.400',
  'connection' => 'keep-alive',
  'host' => 'dage.gouwuduoduo.com',
  'content-type' => '',
  'content-length' => '',
)
[ info ] [ PARAM ] array (
  'id' => '207',
)
[ info ] [ LANG ] /www/wwwroot/dage.gouwuduoduo.com/public/../application/index/lang/zh-cn.php
[ info ] [ BEHAVIOR ] Run app\common\behavior\Common @module_init [ RunTime:0.000393s ]
[ info ] [ LANG ] /www/wwwroot/dage.gouwuduoduo.com/public/../application/index/lang/zh-cn/index.php
[ info ] [ DB ] INIT mysql
[ info ] [ RUN ] app\index\controller\Index->show[ /www/wwwroot/dage.gouwuduoduo.com/application/index/controller/Index.php ]
[ info ] [ VIEW ] /www/wwwroot/dage.gouwuduoduo.com/public/../application/index/view/index/show.html [ array (
  0 => 'user',
  1 => 'site',
  2 => 'config',
  3 => 'footer',
  4 => 'controller',
  5 => 'header',
  6 => 'data_left',
  7 => 'data_list',
  8 => 'title',
  9 => 'url_path',
  10 => 'data',
) ]
[ info ] [ LOG ] INIT File
[ sql ] [ DB ] CONNECT:[ UseTime:0.009495s ] mysql:host=47.94.166.69;dbname=dage_gouwuduodu;charset=utf8
[ sql ] [ SQL ] SHOW COLUMNS FROM `fa_category` [ RunTime:0.006119s ]
[ sql ] [ SQL ] SELECT * FROM `fa_category` WHERE  (  `type` = 'footer' ) ORDER BY `weigh` DESC [ RunTime:0.005336s ]
[ sql ] [ SQL ] SHOW COLUMNS FROM `fa_access_log` [ RunTime:0.005881s ]
[ sql ] [ SQL ] INSERT INTO `fa_access_log` (`user_id` , `url` , `from_url` , `ip` , `useragent` , `createtime`) VALUES (0 , 'index/index/show.html' , 'show' , '111.173.170.227' , 'Mozilla/5.0 (Windows NT 6.1; WOW64) AppleWebKit/537.36 (KHTML, like Gecko) Chrome/63.0.3239.26 Safari/537.36 Core/1.63.6756.400 QQBrowser/10.3.2473.400' , 1538901028) [ RunTime:0.013901s ]
[ sql ] [ SQL ] SELECT * FROM `fa_category` WHERE  (  `type` = 'header' ) ORDER BY `weigh` DESC [ RunTime:0.005381s ]
[ sql ] [ SQL ] SHOW COLUMNS FROM `fa_videos` [ RunTime:0.005947s ]
[ sql ] [ SQL ] SELECT * FROM `fa_videos` WHERE  `id` = 207 LIMIT 1 [ RunTime:0.008289s ]
[ sql ] [ SQL ] UPDATE `fa_videos`  SET `hits`=`hits`+1  WHERE  `id` = 207 [ RunTime:0.028197s ]
[ sql ] [ SQL ] SHOW COLUMNS FROM `fa_cate` [ RunTime:0.005889s ]
[ sql ] [ SQL ] SELECT `title` FROM `fa_cate` WHERE  `status` = 1  AND `id` = 1 LIMIT 1 [ RunTime:0.005369s ]
[ sql ] [ SQL ] SHOW COLUMNS FROM `fa_area` [ RunTime:0.005724s ]
[ sql ] [ SQL ] SELECT `title` FROM `fa_area` WHERE  `status` = 1  AND `id` = 1 LIMIT 1 [ RunTime:0.011990s ]
[ sql ] [ SQL ] SHOW COLUMNS FROM `fa_trans` [ RunTime:0.005822s ]
[ sql ] [ SQL ] SELECT * FROM `fa_trans` WHERE  `v_id` = 207 [ RunTime:0.005985s ]
[ sql ] [ SQL ] SELECT COUNT(*) AS tp_count FROM `fa_videos` WHERE  `area_id` = 1  AND `status` = 1 LIMIT 1 [ RunTime:0.005458s ]
[ sql ] [ SQL ] SELECT * FROM `fa_videos` WHERE  `area_id` = 1  AND `status` = 1 ORDER BY `hits` DESC LIMIT 0,6 [ RunTime:0.005801s ]
[ sql ] [ SQL ] SELECT * FROM `fa_videos` WHERE  `status` = 1 ORDER BY rand() LIMIT 10 [ RunTime:0.007671s ]
---------------------------------------------------------------
[ 2018-10-07T16:30:31+08:00 ] 111.173.170.227 GET /index/index/index.html
[ info ] dage.gouwuduoduo.com/index/index/index.html [运行时间：0.577603s][吞吐率：1.73req/s] [内存消耗：3,603.15kb] [文件加载：79]
[ info ] [ BEHAVIOR ] Run Closure @app_init [ RunTime:0.000022s ]
[ info ] [ CACHE ] INIT File
[ info ] [ BEHAVIOR ] Run Closure @app_init [ RunTime:0.000984s ]
[ info ] [ LANG ] /www/wwwroot/dage.gouwuduoduo.com/thinkphp/lang/zh-cn.php
[ info ] [ ROUTE ] array (
  'type' => 'module',
  'module' => 
  array (
    0 => 'index',
    1 => 'index',
    2 => 'index',
  ),
)
[ info ] [ HEADER ] array (
  'accept-language' => 'zh-CN,zh;q=0.9',
  'accept-encoding' => 'gzip, deflate',
  'referer' => 'http://dage.gouwuduoduo.com/index/index/show.html?id=207',
  'accept' => 'text/html,application/xhtml+xml,application/xml;q=0.9,image/webp,image/apng,*/*;q=0.8',
  'user-agent' => 'Mozilla/5.0 (Windows NT 6.1; WOW64) AppleWebKit/537.36 (KHTML, like Gecko) Chrome/63.0.3239.26 Safari/537.36 Core/1.63.6756.400 QQBrowser/10.3.2473.400',
  'upgrade-insecure-requests' => '1',
  'connection' => 'keep-alive',
  'host' => 'dage.gouwuduoduo.com',
  'content-type' => '',
  'content-length' => '',
)
[ info ] [ PARAM ] array (
)
[ info ] [ LANG ] /www/wwwroot/dage.gouwuduoduo.com/public/../application/index/lang/zh-cn.php
[ info ] [ BEHAVIOR ] Run app\common\behavior\Common @module_init [ RunTime:0.000216s ]
[ info ] [ LANG ] /www/wwwroot/dage.gouwuduoduo.com/public/../application/index/lang/zh-cn/index.php
[ info ] [ DB ] INIT mysql
[ info ] [ RUN ] app\index\controller\Index->index[ /www/wwwroot/dage.gouwuduoduo.com/application/index/controller/Index.php ]
[ info ] [ VIEW ] /www/wwwroot/dage.gouwuduoduo.com/public/../application/index/view/index/index.html [ array (
  0 => 'user',
  1 => 'site',
  2 => 'config',
  3 => 'footer',
  4 => 'controller',
  5 => 'header',
  6 => 'title',
  7 => 'banner',
  8 => 'data',
  9 => 'area_list',
  10 => 'cate_list',
  11 => 'trans_list',
) ]
[ info ] [ LOG ] INIT File
[ sql ] [ DB ] CONNECT:[ UseTime:0.007117s ] mysql:host=47.94.166.69;dbname=dage_gouwuduodu;charset=utf8
[ sql ] [ SQL ] SHOW COLUMNS FROM `fa_category` [ RunTime:0.005147s ]
[ sql ] [ SQL ] SELECT * FROM `fa_category` WHERE  (  `type` = 'footer' ) ORDER BY `weigh` DESC [ RunTime:0.221649s ]
[ sql ] [ SQL ] SHOW COLUMNS FROM `fa_access_log` [ RunTime:0.005047s ]
[ sql ] [ SQL ] INSERT INTO `fa_access_log` (`user_id` , `url` , `from_url` , `ip` , `useragent` , `createtime`) VALUES (0 , 'index/index/index.html' , 'index' , '111.173.170.227' , 'Mozilla/5.0 (Windows NT 6.1; WOW64) AppleWebKit/537.36 (KHTML, like Gecko) Chrome/63.0.3239.26 Safari/537.36 Core/1.63.6756.400 QQBrowser/10.3.2473.400' , 1538901031) [ RunTime:0.012467s ]
[ sql ] [ SQL ] SELECT * FROM `fa_category` WHERE  (  `type` = 'header' ) ORDER BY `weigh` DESC [ RunTime:0.004705s ]
[ sql ] [ SQL ] SELECT * FROM `fa_category` WHERE  (  `type` = 'banner' ) ORDER BY `weigh` DESC [ RunTime:0.004642s ]
[ sql ] [ SQL ] SELECT * FROM `fa_category` WHERE  (  `type` = 'index1' ) ORDER BY `weigh` DESC [ RunTime:0.004602s ]
[ sql ] [ SQL ] SHOW COLUMNS FROM `fa_videos` [ RunTime:0.005027s ]
[ sql ] [ SQL ] SELECT COUNT(*) AS tp_count FROM `fa_videos` WHERE  `type` = 'index1' LIMIT 1 [ RunTime:0.004756s ]
[ sql ] [ SQL ] SELECT * FROM `fa_videos` WHERE  `type` = 'index1' ORDER BY `id` DESC LIMIT 0,10 [ RunTime:0.004811s ]
[ sql ] [ SQL ] SELECT * FROM `fa_category` WHERE  (  `type` = 'index2' ) ORDER BY `weigh` DESC [ RunTime:0.004594s ]
[ sql ] [ SQL ] SELECT COUNT(*) AS tp_count FROM `fa_videos` WHERE  `type` = 'index2' LIMIT 1 [ RunTime:0.004706s ]
[ sql ] [ SQL ] SELECT * FROM `fa_videos` WHERE  `type` = 'index2' ORDER BY `id` DESC LIMIT 0,10 [ RunTime:0.004730s ]
[ sql ] [ SQL ] SELECT * FROM `fa_category` WHERE  (  `type` = 'index3' ) ORDER BY `weigh` DESC [ RunTime:0.004644s ]
[ sql ] [ SQL ] SELECT COUNT(*) AS tp_count FROM `fa_videos` WHERE  `type` = 'index3' LIMIT 1 [ RunTime:0.004764s ]
[ sql ] [ SQL ] SELECT * FROM `fa_videos` WHERE  `type` = 'index3' ORDER BY `id` DESC LIMIT 0,10 [ RunTime:0.004758s ]
[ sql ] [ SQL ] SHOW COLUMNS FROM `fa_area` [ RunTime:0.004969s ]
[ sql ] [ SQL ] SELECT * FROM `fa_area` WHERE  `status` = 1 [ RunTime:0.004534s ]
[ sql ] [ SQL ] SHOW COLUMNS FROM `fa_cate` [ RunTime:0.005118s ]
[ sql ] [ SQL ] SELECT * FROM `fa_cate` WHERE  `status` = 1 [ RunTime:0.004600s ]
[ sql ] [ SQL ] SHOW COLUMNS FROM `fa_trans` [ RunTime:0.004956s ]
[ sql ] [ SQL ] SELECT name,count(name) as num FROM `fa_trans` GROUP BY `name` ORDER BY `hots` DESC LIMIT 6 [ RunTime:0.207365s ]
---------------------------------------------------------------
[ 2018-10-07T16:30:33+08:00 ] 111.173.170.227 GET /index/ajax/lang?callback=define&controllername=index&v=1538901031
[ info ] dage.gouwuduoduo.com/index/ajax/lang?callback=define&controllername=index&v=1538901031 [运行时间：0.024141s][吞吐率：41.42req/s] [内存消耗：2,449.70kb] [文件加载：64]
[ info ] [ BEHAVIOR ] Run Closure @app_init [ RunTime:0.000022s ]
[ info ] [ CACHE ] INIT File
[ info ] [ BEHAVIOR ] Run Closure @app_init [ RunTime:0.000949s ]
[ info ] [ LANG ] /www/wwwroot/dage.gouwuduoduo.com/thinkphp/lang/zh-cn.php
[ info ] [ ROUTE ] array (
  'type' => 'module',
  'module' => 
  array (
    0 => 'index',
    1 => 'ajax',
    2 => 'lang',
  ),
)
[ info ] [ HEADER ] array (
  'accept-language' => 'zh-CN,zh;q=0.9',
  'accept-encoding' => 'gzip, deflate',
  'referer' => 'http://dage.gouwuduoduo.com/index/index/index.html',
  'accept' => '*/*',
  'user-agent' => 'Mozilla/5.0 (Windows NT 6.1; WOW64) AppleWebKit/537.36 (KHTML, like Gecko) Chrome/63.0.3239.26 Safari/537.36 Core/1.63.6756.400 QQBrowser/10.3.2473.400',
  'connection' => 'keep-alive',
  'host' => 'dage.gouwuduoduo.com',
  'content-type' => '',
  'content-length' => '',
)
[ info ] [ PARAM ] array (
  'callback' => 'define',
  'controllername' => 'index',
  'v' => '1538901031',
)
[ info ] [ LANG ] /www/wwwroot/dage.gouwuduoduo.com/public/../application/index/lang/zh-cn.php
[ info ] [ BEHAVIOR ] Run app\common\behavior\Common @module_init [ RunTime:0.000200s ]
[ info ] [ LANG ] /www/wwwroot/dage.gouwuduoduo.com/public/../application/index/lang/zh-cn/ajax.php
[ info ] [ RUN ] app\index\controller\Ajax->lang[ /www/wwwroot/dage.gouwuduoduo.com/application/index/controller/Ajax.php ]
[ info ] [ LANG ] /www/wwwroot/dage.gouwuduoduo.com/public/../application/index/lang/zh-cn/index.php
[ info ] [ LOG ] INIT File
---------------------------------------------------------------
[ 2018-10-07T16:30:34+08:00 ] 111.173.170.227 GET /assets/js/frontend/index.js?v=1538901031
[ info ] dage.gouwuduoduo.com/assets/js/frontend/index.js?v=1538901031 [运行时间：0.018386s][吞吐率：54.39req/s] [内存消耗：1,742.13kb] [文件加载：49]
[ info ] [ BEHAVIOR ] Run Closure @app_init [ RunTime:0.000023s ]
[ info ] [ CACHE ] INIT File
[ info ] [ BEHAVIOR ] Run Closure @app_init [ RunTime:0.000975s ]
[ info ] [ LANG ] /www/wwwroot/dage.gouwuduoduo.com/thinkphp/lang/zh-cn.php
[ info ] [ ROUTE ] array (
  'type' => 'module',
  'module' => 
  array (
    0 => '404',
    1 => NULL,
    2 => NULL,
  ),
)
[ info ] [ HEADER ] array (
  'accept-language' => 'zh-CN,zh;q=0.9',
  'accept-encoding' => 'gzip, deflate',
  'referer' => 'http://dage.gouwuduoduo.com/index/index/index.html',
  'accept' => '*/*',
  'user-agent' => 'Mozilla/5.0 (Windows NT 6.1; WOW64) AppleWebKit/537.36 (KHTML, like Gecko) Chrome/63.0.3239.26 Safari/537.36 Core/1.63.6756.400 QQBrowser/10.3.2473.400',
  'connection' => 'keep-alive',
  'host' => 'dage.gouwuduoduo.com',
  'content-type' => '',
  'content-length' => '',
)
[ info ] [ PARAM ] array (
)
[ info ] [ LOG ] INIT File
---------------------------------------------------------------
[ 2018-10-07T16:30:36+08:00 ] 111.173.170.227 GET /index/index/show.html?id=208
[ info ] dage.gouwuduoduo.com/index/index/show.html?id=208 [运行时间：0.615712s][吞吐率：1.62req/s] [内存消耗：3,544.14kb] [文件加载：79]
[ info ] [ BEHAVIOR ] Run Closure @app_init [ RunTime:0.000021s ]
[ info ] [ CACHE ] INIT File
[ info ] [ BEHAVIOR ] Run Closure @app_init [ RunTime:0.000912s ]
[ info ] [ LANG ] /www/wwwroot/dage.gouwuduoduo.com/thinkphp/lang/zh-cn.php
[ info ] [ ROUTE ] array (
  'type' => 'module',
  'module' => 
  array (
    0 => 'index',
    1 => 'index',
    2 => 'show',
  ),
)
[ info ] [ HEADER ] array (
  'accept-language' => 'zh-CN,zh;q=0.9',
  'accept-encoding' => 'gzip, deflate',
  'referer' => 'http://dage.gouwuduoduo.com/index/index/index.html',
  'accept' => 'text/html,application/xhtml+xml,application/xml;q=0.9,image/webp,image/apng,*/*;q=0.8',
  'user-agent' => 'Mozilla/5.0 (Windows NT 6.1; WOW64) AppleWebKit/537.36 (KHTML, like Gecko) Chrome/63.0.3239.26 Safari/537.36 Core/1.63.6756.400 QQBrowser/10.3.2473.400',
  'upgrade-insecure-requests' => '1',
  'connection' => 'keep-alive',
  'host' => 'dage.gouwuduoduo.com',
  'content-type' => '',
  'content-length' => '',
)
[ info ] [ PARAM ] array (
  'id' => '208',
)
[ info ] [ LANG ] /www/wwwroot/dage.gouwuduoduo.com/public/../application/index/lang/zh-cn.php
[ info ] [ BEHAVIOR ] Run app\common\behavior\Common @module_init [ RunTime:0.000211s ]
[ info ] [ LANG ] /www/wwwroot/dage.gouwuduoduo.com/public/../application/index/lang/zh-cn/index.php
[ info ] [ DB ] INIT mysql
[ info ] [ RUN ] app\index\controller\Index->show[ /www/wwwroot/dage.gouwuduoduo.com/application/index/controller/Index.php ]
[ info ] [ VIEW ] /www/wwwroot/dage.gouwuduoduo.com/public/../application/index/view/index/show.html [ array (
  0 => 'user',
  1 => 'site',
  2 => 'config',
  3 => 'footer',
  4 => 'controller',
  5 => 'header',
  6 => 'data_left',
  7 => 'data_list',
  8 => 'title',
  9 => 'url_path',
  10 => 'data',
) ]
[ info ] [ LOG ] INIT File
[ sql ] [ DB ] CONNECT:[ UseTime:0.008604s ] mysql:host=47.94.166.69;dbname=dage_gouwuduodu;charset=utf8
[ sql ] [ SQL ] SHOW COLUMNS FROM `fa_category` [ RunTime:0.006242s ]
[ sql ] [ SQL ] SELECT * FROM `fa_category` WHERE  (  `type` = 'footer' ) ORDER BY `weigh` DESC [ RunTime:0.223134s ]
[ sql ] [ SQL ] SHOW COLUMNS FROM `fa_access_log` [ RunTime:0.006307s ]
[ sql ] [ SQL ] INSERT INTO `fa_access_log` (`user_id` , `url` , `from_url` , `ip` , `useragent` , `createtime`) VALUES (0 , 'index/index/show.html' , 'show' , '111.173.170.227' , 'Mozilla/5.0 (Windows NT 6.1; WOW64) AppleWebKit/537.36 (KHTML, like Gecko) Chrome/63.0.3239.26 Safari/537.36 Core/1.63.6756.400 QQBrowser/10.3.2473.400' , 1538901036) [ RunTime:0.023894s ]
[ sql ] [ SQL ] SELECT * FROM `fa_category` WHERE  (  `type` = 'header' ) ORDER BY `weigh` DESC [ RunTime:0.008651s ]
[ sql ] [ SQL ] SHOW COLUMNS FROM `fa_videos` [ RunTime:0.020741s ]
[ sql ] [ SQL ] SELECT * FROM `fa_videos` WHERE  `id` = 208 LIMIT 1 [ RunTime:0.008305s ]
[ sql ] [ SQL ] UPDATE `fa_videos`  SET `hits`=`hits`+1  WHERE  `id` = 208 [ RunTime:0.012809s ]
[ sql ] [ SQL ] SHOW COLUMNS FROM `fa_cate` [ RunTime:0.006348s ]
[ sql ] [ SQL ] SELECT `title` FROM `fa_cate` WHERE  `status` = 1  AND `id` = 1 LIMIT 1 [ RunTime:0.005822s ]
[ sql ] [ SQL ] SHOW COLUMNS FROM `fa_area` [ RunTime:0.006423s ]
[ sql ] [ SQL ] SELECT `title` FROM `fa_area` WHERE  `status` = 1  AND `id` = 1 LIMIT 1 [ RunTime:0.007840s ]
[ sql ] [ SQL ] SHOW COLUMNS FROM `fa_trans` [ RunTime:0.006256s ]
[ sql ] [ SQL ] SELECT * FROM `fa_trans` WHERE  `v_id` = 208 [ RunTime:0.005949s ]
[ sql ] [ SQL ] SELECT COUNT(*) AS tp_count FROM `fa_videos` WHERE  `area_id` = 1  AND `status` = 1 LIMIT 1 [ RunTime:0.006094s ]
[ sql ] [ SQL ] SELECT * FROM `fa_videos` WHERE  `area_id` = 1  AND `status` = 1 ORDER BY `hits` DESC LIMIT 0,6 [ RunTime:0.209455s ]
[ sql ] [ SQL ] SELECT * FROM `fa_videos` WHERE  `status` = 1 ORDER BY rand() LIMIT 10 [ RunTime:0.006161s ]
---------------------------------------------------------------
[ 2018-10-07T16:30:37+08:00 ] 111.173.170.227 GET /index/ajax/lang?callback=define&controllername=index&v=1538901035
[ info ] dage.gouwuduoduo.com/index/ajax/lang?callback=define&controllername=index&v=1538901035 [运行时间：0.023884s][吞吐率：41.87req/s] [内存消耗：2,449.86kb] [文件加载：64]
[ info ] [ BEHAVIOR ] Run Closure @app_init [ RunTime:0.000024s ]
[ info ] [ CACHE ] INIT File
[ info ] [ BEHAVIOR ] Run Closure @app_init [ RunTime:0.000975s ]
[ info ] [ LANG ] /www/wwwroot/dage.gouwuduoduo.com/thinkphp/lang/zh-cn.php
[ info ] [ ROUTE ] array (
  'type' => 'module',
  'module' => 
  array (
    0 => 'index',
    1 => 'ajax',
    2 => 'lang',
  ),
)
[ info ] [ HEADER ] array (
  'accept-language' => 'zh-CN,zh;q=0.9',
  'accept-encoding' => 'gzip, deflate',
  'referer' => 'http://dage.gouwuduoduo.com/index/index/show.html?id=208',
  'accept' => '*/*',
  'user-agent' => 'Mozilla/5.0 (Windows NT 6.1; WOW64) AppleWebKit/537.36 (KHTML, like Gecko) Chrome/63.0.3239.26 Safari/537.36 Core/1.63.6756.400 QQBrowser/10.3.2473.400',
  'connection' => 'keep-alive',
  'host' => 'dage.gouwuduoduo.com',
  'content-type' => '',
  'content-length' => '',
)
[ info ] [ PARAM ] array (
  'callback' => 'define',
  'controllername' => 'index',
  'v' => '1538901035',
)
[ info ] [ LANG ] /www/wwwroot/dage.gouwuduoduo.com/public/../application/index/lang/zh-cn.php
[ info ] [ BEHAVIOR ] Run app\common\behavior\Common @module_init [ RunTime:0.000239s ]
[ info ] [ LANG ] /www/wwwroot/dage.gouwuduoduo.com/public/../application/index/lang/zh-cn/ajax.php
[ info ] [ RUN ] app\index\controller\Ajax->lang[ /www/wwwroot/dage.gouwuduoduo.com/application/index/controller/Ajax.php ]
[ info ] [ LANG ] /www/wwwroot/dage.gouwuduoduo.com/public/../application/index/lang/zh-cn/index.php
[ info ] [ LOG ] INIT File
---------------------------------------------------------------
[ 2018-10-07T16:30:38+08:00 ] 111.173.170.227 GET /assets/js/frontend/index.js?v=1538901035
[ info ] dage.gouwuduoduo.com/assets/js/frontend/index.js?v=1538901035 [运行时间：0.016468s][吞吐率：60.72req/s] [内存消耗：1,742.28kb] [文件加载：49]
[ info ] [ BEHAVIOR ] Run Closure @app_init [ RunTime:0.000021s ]
[ info ] [ CACHE ] INIT File
[ info ] [ BEHAVIOR ] Run Closure @app_init [ RunTime:0.000978s ]
[ info ] [ LANG ] /www/wwwroot/dage.gouwuduoduo.com/thinkphp/lang/zh-cn.php
[ info ] [ ROUTE ] array (
  'type' => 'module',
  'module' => 
  array (
    0 => '404',
    1 => NULL,
    2 => NULL,
  ),
)
[ info ] [ HEADER ] array (
  'accept-language' => 'zh-CN,zh;q=0.9',
  'accept-encoding' => 'gzip, deflate',
  'referer' => 'http://dage.gouwuduoduo.com/index/index/show.html?id=208',
  'accept' => '*/*',
  'user-agent' => 'Mozilla/5.0 (Windows NT 6.1; WOW64) AppleWebKit/537.36 (KHTML, like Gecko) Chrome/63.0.3239.26 Safari/537.36 Core/1.63.6756.400 QQBrowser/10.3.2473.400',
  'connection' => 'keep-alive',
  'host' => 'dage.gouwuduoduo.com',
  'content-type' => '',
  'content-length' => '',
)
[ info ] [ PARAM ] array (
)
[ info ] [ LOG ] INIT File
---------------------------------------------------------------
[ 2018-10-07T16:30:42+08:00 ] 111.173.170.227 GET /index/user/login.html
[ info ] dage.gouwuduoduo.com/index/user/login.html [运行时间：0.465217s][吞吐率：2.15req/s] [内存消耗：3,775.95kb] [文件加载：76]
[ info ] [ BEHAVIOR ] Run Closure @app_init [ RunTime:0.000030s ]
[ info ] [ CACHE ] INIT File
[ info ] [ BEHAVIOR ] Run Closure @app_init [ RunTime:0.001008s ]
[ info ] [ LANG ] /www/wwwroot/dage.gouwuduoduo.com/thinkphp/lang/zh-cn.php
[ info ] [ ROUTE ] array (
  'type' => 'module',
  'module' => 
  array (
    0 => 'index',
    1 => 'user',
    2 => 'login',
  ),
)
[ info ] [ HEADER ] array (
  'accept-language' => 'zh-CN,zh;q=0.9',
  'accept-encoding' => 'gzip, deflate',
  'referer' => 'http://dage.gouwuduoduo.com/index/index/show.html?id=208',
  'accept' => 'text/html,application/xhtml+xml,application/xml;q=0.9,image/webp,image/apng,*/*;q=0.8',
  'user-agent' => 'Mozilla/5.0 (Windows NT 6.1; WOW64) AppleWebKit/537.36 (KHTML, like Gecko) Chrome/63.0.3239.26 Safari/537.36 Core/1.63.6756.400 QQBrowser/10.3.2473.400',
  'upgrade-insecure-requests' => '1',
  'connection' => 'keep-alive',
  'host' => 'dage.gouwuduoduo.com',
  'content-type' => '',
  'content-length' => '',
)
[ info ] [ PARAM ] array (
)
[ info ] [ LANG ] /www/wwwroot/dage.gouwuduoduo.com/public/../application/index/lang/zh-cn.php
[ info ] [ BEHAVIOR ] Run app\common\behavior\Common @module_init [ RunTime:0.000209s ]
[ info ] [ LANG ] /www/wwwroot/dage.gouwuduoduo.com/public/../application/index/lang/zh-cn/user.php
[ info ] [ LANG ] /www/wwwroot/dage.gouwuduoduo.com/public/../application/index/lang/zh-cn/user.php
[ info ] [ DB ] INIT mysql
[ info ] [ RUN ] app\index\controller\User->login[ /www/wwwroot/dage.gouwuduoduo.com/application/index/controller/User.php ]
[ info ] [ VIEW ] /www/wwwroot/dage.gouwuduoduo.com/public/../application/index/view/user/login.html [ array (
  0 => 'user',
  1 => 'site',
  2 => 'config',
  3 => 'footer',
  4 => 'controller',
  5 => 'header',
  6 => 'url',
  7 => 'title',
) ]
[ info ] [ SESSION ] INIT array (
  'id' => '',
  'var_session_id' => '',
  'prefix' => 'think',
  'type' => '',
  'auto_start' => true,
)
[ info ] [ LOG ] INIT File
[ sql ] [ DB ] CONNECT:[ UseTime:0.008876s ] mysql:host=47.94.166.69;dbname=dage_gouwuduodu;charset=utf8
[ sql ] [ SQL ] SHOW COLUMNS FROM `fa_category` [ RunTime:0.006440s ]
[ sql ] [ SQL ] SELECT * FROM `fa_category` WHERE  (  `type` = 'footer' ) ORDER BY `weigh` DESC [ RunTime:0.007224s ]
[ sql ] [ SQL ] SHOW COLUMNS FROM `fa_access_log` [ RunTime:0.006306s ]
[ sql ] [ SQL ] INSERT INTO `fa_access_log` (`user_id` , `url` , `from_url` , `ip` , `useragent` , `createtime`) VALUES (0 , 'index/user/login.html' , 'login' , '111.173.170.227' , 'Mozilla/5.0 (Windows NT 6.1; WOW64) AppleWebKit/537.36 (KHTML, like Gecko) Chrome/63.0.3239.26 Safari/537.36 Core/1.63.6756.400 QQBrowser/10.3.2473.400' , 1538901042) [ RunTime:0.215289s ]
[ sql ] [ SQL ] SELECT * FROM `fa_category` WHERE  (  `type` = 'header' ) ORDER BY `weigh` DESC [ RunTime:0.005909s ]
[ sql ] [ SQL ] SELECT * FROM `fa_category` WHERE  (  `type` = 'footer' ) ORDER BY `weigh` DESC [ RunTime:0.005890s ]
---------------------------------------------------------------
[ 2018-10-07T16:30:43+08:00 ] 111.173.170.227 GET /index/ajax/lang?callback=define&controllername=user&v=1538901042
[ info ] dage.gouwuduoduo.com/index/ajax/lang?callback=define&controllername=user&v=1538901042 [运行时间：0.023531s][吞吐率：42.50req/s] [内存消耗：2,461.58kb] [文件加载：64]
[ info ] [ BEHAVIOR ] Run Closure @app_init [ RunTime:0.000021s ]
[ info ] [ CACHE ] INIT File
[ info ] [ BEHAVIOR ] Run Closure @app_init [ RunTime:0.000952s ]
[ info ] [ LANG ] /www/wwwroot/dage.gouwuduoduo.com/thinkphp/lang/zh-cn.php
[ info ] [ ROUTE ] array (
  'type' => 'module',
  'module' => 
  array (
    0 => 'index',
    1 => 'ajax',
    2 => 'lang',
  ),
)
[ info ] [ HEADER ] array (
  'cookie' => 'PHPSESSID=ccpko0bl2bh5en10vv99jkj16q',
  'accept-language' => 'zh-CN,zh;q=0.9',
  'accept-encoding' => 'gzip, deflate',
  'referer' => 'http://dage.gouwuduoduo.com/index/user/login.html',
  'accept' => '*/*',
  'user-agent' => 'Mozilla/5.0 (Windows NT 6.1; WOW64) AppleWebKit/537.36 (KHTML, like Gecko) Chrome/63.0.3239.26 Safari/537.36 Core/1.63.6756.400 QQBrowser/10.3.2473.400',
  'connection' => 'keep-alive',
  'host' => 'dage.gouwuduoduo.com',
  'content-type' => '',
  'content-length' => '',
)
[ info ] [ PARAM ] array (
  'callback' => 'define',
  'controllername' => 'user',
  'v' => '1538901042',
)
[ info ] [ LANG ] /www/wwwroot/dage.gouwuduoduo.com/public/../application/index/lang/zh-cn.php
[ info ] [ BEHAVIOR ] Run app\common\behavior\Common @module_init [ RunTime:0.000219s ]
[ info ] [ LANG ] /www/wwwroot/dage.gouwuduoduo.com/public/../application/index/lang/zh-cn/ajax.php
[ info ] [ RUN ] app\index\controller\Ajax->lang[ /www/wwwroot/dage.gouwuduoduo.com/application/index/controller/Ajax.php ]
[ info ] [ LANG ] /www/wwwroot/dage.gouwuduoduo.com/public/../application/index/lang/zh-cn/user.php
[ info ] [ LOG ] INIT File
---------------------------------------------------------------
[ 2018-10-07T16:30:45+08:00 ] 111.173.170.227 GET /index/user/register.html
[ info ] dage.gouwuduoduo.com/index/user/register.html [运行时间：0.776443s][吞吐率：1.29req/s] [内存消耗：3,765.04kb] [文件加载：76]
[ info ] [ BEHAVIOR ] Run Closure @app_init [ RunTime:0.000023s ]
[ info ] [ CACHE ] INIT File
[ info ] [ BEHAVIOR ] Run Closure @app_init [ RunTime:0.000979s ]
[ info ] [ LANG ] /www/wwwroot/dage.gouwuduoduo.com/thinkphp/lang/zh-cn.php
[ info ] [ ROUTE ] array (
  'type' => 'module',
  'module' => 
  array (
    0 => 'index',
    1 => 'user',
    2 => 'register',
  ),
)
[ info ] [ HEADER ] array (
  'cookie' => 'PHPSESSID=ccpko0bl2bh5en10vv99jkj16q',
  'accept-language' => 'zh-CN,zh;q=0.9',
  'accept-encoding' => 'gzip, deflate',
  'referer' => 'http://dage.gouwuduoduo.com/index/user/login.html',
  'accept' => 'text/html,application/xhtml+xml,application/xml;q=0.9,image/webp,image/apng,*/*;q=0.8',
  'user-agent' => 'Mozilla/5.0 (Windows NT 6.1; WOW64) AppleWebKit/537.36 (KHTML, like Gecko) Chrome/63.0.3239.26 Safari/537.36 Core/1.63.6756.400 QQBrowser/10.3.2473.400',
  'upgrade-insecure-requests' => '1',
  'connection' => 'keep-alive',
  'host' => 'dage.gouwuduoduo.com',
  'content-type' => '',
  'content-length' => '',
)
[ info ] [ PARAM ] array (
)
[ info ] [ LANG ] /www/wwwroot/dage.gouwuduoduo.com/public/../application/index/lang/zh-cn.php
[ info ] [ BEHAVIOR ] Run app\common\behavior\Common @module_init [ RunTime:0.000214s ]
[ info ] [ LANG ] /www/wwwroot/dage.gouwuduoduo.com/public/../application/index/lang/zh-cn/user.php
[ info ] [ LANG ] /www/wwwroot/dage.gouwuduoduo.com/public/../application/index/lang/zh-cn/user.php
[ info ] [ DB ] INIT mysql
[ info ] [ RUN ] app\index\controller\User->register[ /www/wwwroot/dage.gouwuduoduo.com/application/index/controller/User.php ]
[ info ] [ VIEW ] /www/wwwroot/dage.gouwuduoduo.com/public/../application/index/view/user/register.html [ array (
  0 => 'user',
  1 => 'site',
  2 => 'config',
  3 => 'footer',
  4 => 'controller',
  5 => 'header',
  6 => 'url',
  7 => 'title',
) ]
[ info ] [ SESSION ] INIT array (
  'id' => '',
  'var_session_id' => '',
  'prefix' => 'think',
  'type' => '',
  'auto_start' => true,
)
[ info ] [ LOG ] INIT File
[ sql ] [ DB ] CONNECT:[ UseTime:0.014843s ] mysql:host=47.94.166.69;dbname=dage_gouwuduodu;charset=utf8
[ sql ] [ SQL ] SHOW COLUMNS FROM `fa_category` [ RunTime:0.011320s ]
[ sql ] [ SQL ] SELECT * FROM `fa_category` WHERE  (  `type` = 'footer' ) ORDER BY `weigh` DESC [ RunTime:0.225857s ]
[ sql ] [ SQL ] SHOW COLUMNS FROM `fa_access_log` [ RunTime:0.211517s ]
[ sql ] [ SQL ] INSERT INTO `fa_access_log` (`user_id` , `url` , `from_url` , `ip` , `useragent` , `createtime`) VALUES (0 , 'index/user/register.html' , 'register' , '111.173.170.227' , 'Mozilla/5.0 (Windows NT 6.1; WOW64) AppleWebKit/537.36 (KHTML, like Gecko) Chrome/63.0.3239.26 Safari/537.36 Core/1.63.6756.400 QQBrowser/10.3.2473.400' , 1538901044) [ RunTime:0.013002s ]
[ sql ] [ SQL ] SELECT * FROM `fa_category` WHERE  (  `type` = 'header' ) ORDER BY `weigh` DESC [ RunTime:0.209904s ]
[ sql ] [ SQL ] SELECT * FROM `fa_category` WHERE  (  `type` = 'footer' ) ORDER BY `weigh` DESC [ RunTime:0.006725s ]
---------------------------------------------------------------
[ 2018-10-07T16:30:45+08:00 ] 111.173.170.227 GET /captcha.html
[ info ] dage.gouwuduoduo.com/captcha.html [运行时间：0.124409s][吞吐率：8.04req/s] [内存消耗：1,765.34kb] [文件加载：48]
[ info ] [ BEHAVIOR ] Run Closure @app_init [ RunTime:0.000020s ]
[ info ] [ CACHE ] INIT File
[ info ] [ BEHAVIOR ] Run Closure @app_init [ RunTime:0.000907s ]
[ info ] [ LANG ] /www/wwwroot/dage.gouwuduoduo.com/thinkphp/lang/zh-cn.php
[ info ] [ ROUTE ] array (
  'type' => 'method',
  'method' => 
  array (
    0 => '\\think\\captcha\\CaptchaController',
    1 => 'index',
  ),
  'var' => 
  array (
  ),
)
[ info ] [ HEADER ] array (
  'cookie' => 'PHPSESSID=ccpko0bl2bh5en10vv99jkj16q',
  'accept-language' => 'zh-CN,zh;q=0.9',
  'accept-encoding' => 'gzip, deflate',
  'referer' => 'http://dage.gouwuduoduo.com/index/user/register.html',
  'accept' => 'image/webp,image/apng,image/*,*/*;q=0.8',
  'user-agent' => 'Mozilla/5.0 (Windows NT 6.1; WOW64) AppleWebKit/537.36 (KHTML, like Gecko) Chrome/63.0.3239.26 Safari/537.36 Core/1.63.6756.400 QQBrowser/10.3.2473.400',
  'connection' => 'keep-alive',
  'host' => 'dage.gouwuduoduo.com',
  'content-type' => '',
  'content-length' => '',
)
[ info ] [ PARAM ] array (
  'id' => NULL,
)
[ info ] [ RUN ] think\captcha\CaptchaController->index[ /www/wwwroot/dage.gouwuduoduo.com/vendor/topthink/think-captcha/src/CaptchaController.php ]
[ info ] [ SESSION ] INIT array (
  'id' => '',
  'var_session_id' => '',
  'prefix' => 'think',
  'type' => '',
  'auto_start' => true,
)
[ info ] [ LOG ] INIT File
---------------------------------------------------------------
[ 2018-10-07T16:30:46+08:00 ] 111.173.170.227 GET /index/ajax/lang?callback=define&controllername=user&v=1538901044
[ info ] dage.gouwuduoduo.com/index/ajax/lang?callback=define&controllername=user&v=1538901044 [运行时间：0.022872s][吞吐率：43.72req/s] [内存消耗：2,461.58kb] [文件加载：64]
[ info ] [ BEHAVIOR ] Run Closure @app_init [ RunTime:0.000018s ]
[ info ] [ CACHE ] INIT File
[ info ] [ BEHAVIOR ] Run Closure @app_init [ RunTime:0.000924s ]
[ info ] [ LANG ] /www/wwwroot/dage.gouwuduoduo.com/thinkphp/lang/zh-cn.php
[ info ] [ ROUTE ] array (
  'type' => 'module',
  'module' => 
  array (
    0 => 'index',
    1 => 'ajax',
    2 => 'lang',
  ),
)
[ info ] [ HEADER ] array (
  'cookie' => 'PHPSESSID=ccpko0bl2bh5en10vv99jkj16q',
  'accept-language' => 'zh-CN,zh;q=0.9',
  'accept-encoding' => 'gzip, deflate',
  'referer' => 'http://dage.gouwuduoduo.com/index/user/register.html',
  'accept' => '*/*',
  'user-agent' => 'Mozilla/5.0 (Windows NT 6.1; WOW64) AppleWebKit/537.36 (KHTML, like Gecko) Chrome/63.0.3239.26 Safari/537.36 Core/1.63.6756.400 QQBrowser/10.3.2473.400',
  'connection' => 'keep-alive',
  'host' => 'dage.gouwuduoduo.com',
  'content-type' => '',
  'content-length' => '',
)
[ info ] [ PARAM ] array (
  'callback' => 'define',
  'controllername' => 'user',
  'v' => '1538901044',
)
[ info ] [ LANG ] /www/wwwroot/dage.gouwuduoduo.com/public/../application/index/lang/zh-cn.php
[ info ] [ BEHAVIOR ] Run app\common\behavior\Common @module_init [ RunTime:0.000251s ]
[ info ] [ LANG ] /www/wwwroot/dage.gouwuduoduo.com/public/../application/index/lang/zh-cn/ajax.php
[ info ] [ RUN ] app\index\controller\Ajax->lang[ /www/wwwroot/dage.gouwuduoduo.com/application/index/controller/Ajax.php ]
[ info ] [ LANG ] /www/wwwroot/dage.gouwuduoduo.com/public/../application/index/lang/zh-cn/user.php
[ info ] [ LOG ] INIT File
---------------------------------------------------------------
[ 2018-10-07T16:30:58+08:00 ] 111.173.170.227 GET /index/index/index.html
[ info ] dage.gouwuduoduo.com/index/index/index.html [运行时间：0.233110s][吞吐率：4.29req/s] [内存消耗：3,603.51kb] [文件加载：79]
[ info ] [ BEHAVIOR ] Run Closure @app_init [ RunTime:0.000020s ]
[ info ] [ CACHE ] INIT File
[ info ] [ BEHAVIOR ] Run Closure @app_init [ RunTime:0.000989s ]
[ info ] [ LANG ] /www/wwwroot/dage.gouwuduoduo.com/thinkphp/lang/zh-cn.php
[ info ] [ ROUTE ] array (
  'type' => 'module',
  'module' => 
  array (
    0 => 'index',
    1 => 'index',
    2 => 'index',
  ),
)
[ info ] [ HEADER ] array (
  'cookie' => 'PHPSESSID=ccpko0bl2bh5en10vv99jkj16q',
  'accept-language' => 'zh-CN,zh;q=0.9',
  'accept-encoding' => 'gzip, deflate',
  'referer' => 'http://dage.gouwuduoduo.com/index/index/show.html?id=208',
  'accept' => 'text/html,application/xhtml+xml,application/xml;q=0.9,image/webp,image/apng,*/*;q=0.8',
  'user-agent' => 'Mozilla/5.0 (Windows NT 6.1; WOW64) AppleWebKit/537.36 (KHTML, like Gecko) Chrome/63.0.3239.26 Safari/537.36 Core/1.63.6756.400 QQBrowser/10.3.2473.400',
  'upgrade-insecure-requests' => '1',
  'connection' => 'keep-alive',
  'host' => 'dage.gouwuduoduo.com',
  'content-type' => '',
  'content-length' => '',
)
[ info ] [ PARAM ] array (
)
[ info ] [ LANG ] /www/wwwroot/dage.gouwuduoduo.com/public/../application/index/lang/zh-cn.php
[ info ] [ BEHAVIOR ] Run app\common\behavior\Common @module_init [ RunTime:0.000196s ]
[ info ] [ LANG ] /www/wwwroot/dage.gouwuduoduo.com/public/../application/index/lang/zh-cn/index.php
[ info ] [ DB ] INIT mysql
[ info ] [ RUN ] app\index\controller\Index->index[ /www/wwwroot/dage.gouwuduoduo.com/application/index/controller/Index.php ]
[ info ] [ VIEW ] /www/wwwroot/dage.gouwuduoduo.com/public/../application/index/view/index/index.html [ array (
  0 => 'user',
  1 => 'site',
  2 => 'config',
  3 => 'footer',
  4 => 'controller',
  5 => 'header',
  6 => 'title',
  7 => 'banner',
  8 => 'data',
  9 => 'area_list',
  10 => 'cate_list',
  11 => 'trans_list',
) ]
[ info ] [ LOG ] INIT File
[ sql ] [ DB ] CONNECT:[ UseTime:0.010790s ] mysql:host=47.94.166.69;dbname=dage_gouwuduodu;charset=utf8
[ sql ] [ SQL ] SHOW COLUMNS FROM `fa_category` [ RunTime:0.007820s ]
[ sql ] [ SQL ] SELECT * FROM `fa_category` WHERE  (  `type` = 'footer' ) ORDER BY `weigh` DESC [ RunTime:0.007284s ]
[ sql ] [ SQL ] SHOW COLUMNS FROM `fa_access_log` [ RunTime:0.007549s ]
[ sql ] [ SQL ] INSERT INTO `fa_access_log` (`user_id` , `url` , `from_url` , `ip` , `useragent` , `createtime`) VALUES (0 , 'index/index/index.html' , 'index' , '111.173.170.227' , 'Mozilla/5.0 (Windows NT 6.1; WOW64) AppleWebKit/537.36 (KHTML, like Gecko) Chrome/63.0.3239.26 Safari/537.36 Core/1.63.6756.400 QQBrowser/10.3.2473.400' , 1538901058) [ RunTime:0.025502s ]
[ sql ] [ SQL ] SELECT * FROM `fa_category` WHERE  (  `type` = 'header' ) ORDER BY `weigh` DESC [ RunTime:0.007230s ]
[ sql ] [ SQL ] SELECT * FROM `fa_category` WHERE  (  `type` = 'banner' ) ORDER BY `weigh` DESC [ RunTime:0.007172s ]
[ sql ] [ SQL ] SELECT * FROM `fa_category` WHERE  (  `type` = 'index1' ) ORDER BY `weigh` DESC [ RunTime:0.007118s ]
[ sql ] [ SQL ] SHOW COLUMNS FROM `fa_videos` [ RunTime:0.007642s ]
[ sql ] [ SQL ] SELECT COUNT(*) AS tp_count FROM `fa_videos` WHERE  `type` = 'index1' LIMIT 1 [ RunTime:0.007288s ]
[ sql ] [ SQL ] SELECT * FROM `fa_videos` WHERE  `type` = 'index1' ORDER BY `id` DESC LIMIT 0,10 [ RunTime:0.007294s ]
[ sql ] [ SQL ] SELECT * FROM `fa_category` WHERE  (  `type` = 'index2' ) ORDER BY `weigh` DESC [ RunTime:0.007127s ]
[ sql ] [ SQL ] SELECT COUNT(*) AS tp_count FROM `fa_videos` WHERE  `type` = 'index2' LIMIT 1 [ RunTime:0.007521s ]
[ sql ] [ SQL ] SELECT * FROM `fa_videos` WHERE  `type` = 'index2' ORDER BY `id` DESC LIMIT 0,10 [ RunTime:0.007586s ]
[ sql ] [ SQL ] SELECT * FROM `fa_category` WHERE  (  `type` = 'index3' ) ORDER BY `weigh` DESC [ RunTime:0.007248s ]
[ sql ] [ SQL ] SELECT COUNT(*) AS tp_count FROM `fa_videos` WHERE  `type` = 'index3' LIMIT 1 [ RunTime:0.007395s ]
[ sql ] [ SQL ] SELECT * FROM `fa_videos` WHERE  `type` = 'index3' ORDER BY `id` DESC LIMIT 0,10 [ RunTime:0.007477s ]
[ sql ] [ SQL ] SHOW COLUMNS FROM `fa_area` [ RunTime:0.007618s ]
[ sql ] [ SQL ] SELECT * FROM `fa_area` WHERE  `status` = 1 [ RunTime:0.007192s ]
[ sql ] [ SQL ] SHOW COLUMNS FROM `fa_cate` [ RunTime:0.007819s ]
[ sql ] [ SQL ] SELECT * FROM `fa_cate` WHERE  `status` = 1 [ RunTime:0.007324s ]
[ sql ] [ SQL ] SHOW COLUMNS FROM `fa_trans` [ RunTime:0.007871s ]
[ sql ] [ SQL ] SELECT name,count(name) as num FROM `fa_trans` GROUP BY `name` ORDER BY `hots` DESC LIMIT 6 [ RunTime:0.007162s ]
---------------------------------------------------------------
[ 2018-10-07T16:30:59+08:00 ] 111.173.170.227 GET /index/ajax/lang?callback=define&controllername=index&v=1538901058
[ info ] dage.gouwuduoduo.com/index/ajax/lang?callback=define&controllername=index&v=1538901058 [运行时间：0.023553s][吞吐率：42.46req/s] [内存消耗：2,450.06kb] [文件加载：64]
[ info ] [ BEHAVIOR ] Run Closure @app_init [ RunTime:0.000021s ]
[ info ] [ CACHE ] INIT File
[ info ] [ BEHAVIOR ] Run Closure @app_init [ RunTime:0.000962s ]
[ info ] [ LANG ] /www/wwwroot/dage.gouwuduoduo.com/thinkphp/lang/zh-cn.php
[ info ] [ ROUTE ] array (
  'type' => 'module',
  'module' => 
  array (
    0 => 'index',
    1 => 'ajax',
    2 => 'lang',
  ),
)
[ info ] [ HEADER ] array (
  'cookie' => 'PHPSESSID=ccpko0bl2bh5en10vv99jkj16q',
  'accept-language' => 'zh-CN,zh;q=0.9',
  'accept-encoding' => 'gzip, deflate',
  'referer' => 'http://dage.gouwuduoduo.com/index/index/index.html',
  'accept' => '*/*',
  'user-agent' => 'Mozilla/5.0 (Windows NT 6.1; WOW64) AppleWebKit/537.36 (KHTML, like Gecko) Chrome/63.0.3239.26 Safari/537.36 Core/1.63.6756.400 QQBrowser/10.3.2473.400',
  'connection' => 'keep-alive',
  'host' => 'dage.gouwuduoduo.com',
  'content-type' => '',
  'content-length' => '',
)
[ info ] [ PARAM ] array (
  'callback' => 'define',
  'controllername' => 'index',
  'v' => '1538901058',
)
[ info ] [ LANG ] /www/wwwroot/dage.gouwuduoduo.com/public/../application/index/lang/zh-cn.php
[ info ] [ BEHAVIOR ] Run app\common\behavior\Common @module_init [ RunTime:0.000207s ]
[ info ] [ LANG ] /www/wwwroot/dage.gouwuduoduo.com/public/../application/index/lang/zh-cn/ajax.php
[ info ] [ RUN ] app\index\controller\Ajax->lang[ /www/wwwroot/dage.gouwuduoduo.com/application/index/controller/Ajax.php ]
[ info ] [ LANG ] /www/wwwroot/dage.gouwuduoduo.com/public/../application/index/lang/zh-cn/index.php
[ info ] [ LOG ] INIT File
---------------------------------------------------------------
[ 2018-10-07T16:30:59+08:00 ] 111.173.170.227 GET /assets/js/frontend/index.js?v=1538901058
[ info ] dage.gouwuduoduo.com/assets/js/frontend/index.js?v=1538901058 [运行时间：0.016219s][吞吐率：61.66req/s] [内存消耗：1,742.48kb] [文件加载：49]
[ info ] [ BEHAVIOR ] Run Closure @app_init [ RunTime:0.000019s ]
[ info ] [ CACHE ] INIT File
[ info ] [ BEHAVIOR ] Run Closure @app_init [ RunTime:0.000920s ]
[ info ] [ LANG ] /www/wwwroot/dage.gouwuduoduo.com/thinkphp/lang/zh-cn.php
[ info ] [ ROUTE ] array (
  'type' => 'module',
  'module' => 
  array (
    0 => '404',
    1 => NULL,
    2 => NULL,
  ),
)
[ info ] [ HEADER ] array (
  'cookie' => 'PHPSESSID=ccpko0bl2bh5en10vv99jkj16q',
  'accept-language' => 'zh-CN,zh;q=0.9',
  'accept-encoding' => 'gzip, deflate',
  'referer' => 'http://dage.gouwuduoduo.com/index/index/index.html',
  'accept' => '*/*',
  'user-agent' => 'Mozilla/5.0 (Windows NT 6.1; WOW64) AppleWebKit/537.36 (KHTML, like Gecko) Chrome/63.0.3239.26 Safari/537.36 Core/1.63.6756.400 QQBrowser/10.3.2473.400',
  'connection' => 'keep-alive',
  'host' => 'dage.gouwuduoduo.com',
  'content-type' => '',
  'content-length' => '',
)
[ info ] [ PARAM ] array (
)
[ info ] [ LOG ] INIT File
---------------------------------------------------------------
[ 2018-10-07T16:31:27+08:00 ] 61.129.6.151 GET /index/index/show.html?id=207
[ info ] dage.gouwuduoduo.com/index/index/show.html?id=207 [运行时间：0.177667s][吞吐率：5.63req/s] [内存消耗：3,540.34kb] [文件加载：79]
[ info ] [ BEHAVIOR ] Run Closure @app_init [ RunTime:0.000018s ]
[ info ] [ CACHE ] INIT File
[ info ] [ BEHAVIOR ] Run Closure @app_init [ RunTime:0.000921s ]
[ info ] [ LANG ] /www/wwwroot/dage.gouwuduoduo.com/thinkphp/lang/zh-cn.php
[ info ] [ ROUTE ] array (
  'type' => 'module',
  'module' => 
  array (
    0 => 'index',
    1 => 'index',
    2 => 'show',
  ),
)
[ info ] [ HEADER ] array (
  'connection' => 'keep-alive',
  'host' => 'dage.gouwuduoduo.com',
  'accept-language' => 'zh-CN,zh;q=0.8,en-US;q=0.6,en;q=0.4',
  'referer' => 'blank',
  'accept' => '*/*',
  'user-agent' => 'Mozilla/5.0 (Macintosh; Intel Mac OS X 10_12_4) AppleWebKit/537.36 (KHTML, like Gecko) 			Chrome/55.0.2883.95 Safari/537.36',
  'content-type' => '',
  'content-length' => '',
)
[ info ] [ PARAM ] array (
  'id' => '207',
)
[ info ] [ LANG ] /www/wwwroot/dage.gouwuduoduo.com/public/../application/index/lang/zh-cn.php
[ info ] [ BEHAVIOR ] Run app\common\behavior\Common @module_init [ RunTime:0.000188s ]
[ info ] [ LANG ] /www/wwwroot/dage.gouwuduoduo.com/public/../application/index/lang/zh-cn/index.php
[ info ] [ DB ] INIT mysql
[ info ] [ RUN ] app\index\controller\Index->show[ /www/wwwroot/dage.gouwuduoduo.com/application/index/controller/Index.php ]
[ info ] [ VIEW ] /www/wwwroot/dage.gouwuduoduo.com/public/../application/index/view/index/show.html [ array (
  0 => 'user',
  1 => 'site',
  2 => 'config',
  3 => 'footer',
  4 => 'controller',
  5 => 'header',
  6 => 'data_left',
  7 => 'data_list',
  8 => 'title',
  9 => 'url_path',
  10 => 'data',
) ]
[ info ] [ LOG ] INIT File
[ sql ] [ DB ] CONNECT:[ UseTime:0.008539s ] mysql:host=47.94.166.69;dbname=dage_gouwuduodu;charset=utf8
[ sql ] [ SQL ] SHOW COLUMNS FROM `fa_category` [ RunTime:0.006130s ]
[ sql ] [ SQL ] SELECT * FROM `fa_category` WHERE  (  `type` = 'footer' ) ORDER BY `weigh` DESC [ RunTime:0.005817s ]
[ sql ] [ SQL ] SHOW COLUMNS FROM `fa_access_log` [ RunTime:0.005992s ]
[ sql ] [ SQL ] INSERT INTO `fa_access_log` (`user_id` , `url` , `from_url` , `ip` , `useragent` , `createtime`) VALUES (0 , 'index/index/show.html' , 'show' , '61.129.6.151' , 'Mozilla/5.0 (Macintosh; Intel Mac OS X 10_12_4) AppleWebKit/537.36 (KHTML, like Gecko) 			Chrome/55.0.2883.95 Safari/537.36' , 1538901087) [ RunTime:0.011899s ]
[ sql ] [ SQL ] SELECT * FROM `fa_category` WHERE  (  `type` = 'header' ) ORDER BY `weigh` DESC [ RunTime:0.005910s ]
[ sql ] [ SQL ] SHOW COLUMNS FROM `fa_videos` [ RunTime:0.006024s ]
[ sql ] [ SQL ] SELECT * FROM `fa_videos` WHERE  `id` = 207 LIMIT 1 [ RunTime:0.005737s ]
[ sql ] [ SQL ] UPDATE `fa_videos`  SET `hits`=`hits`+1  WHERE  `id` = 207 [ RunTime:0.031494s ]
[ sql ] [ SQL ] SHOW COLUMNS FROM `fa_cate` [ RunTime:0.006343s ]
[ sql ] [ SQL ] SELECT `title` FROM `fa_cate` WHERE  `status` = 1  AND `id` = 1 LIMIT 1 [ RunTime:0.005901s ]
[ sql ] [ SQL ] SHOW COLUMNS FROM `fa_area` [ RunTime:0.006146s ]
[ sql ] [ SQL ] SELECT `title` FROM `fa_area` WHERE  `status` = 1  AND `id` = 1 LIMIT 1 [ RunTime:0.005680s ]
[ sql ] [ SQL ] SHOW COLUMNS FROM `fa_trans` [ RunTime:0.006052s ]
[ sql ] [ SQL ] SELECT * FROM `fa_trans` WHERE  `v_id` = 207 [ RunTime:0.005664s ]
[ sql ] [ SQL ] SELECT COUNT(*) AS tp_count FROM `fa_videos` WHERE  `area_id` = 1  AND `status` = 1 LIMIT 1 [ RunTime:0.005996s ]
[ sql ] [ SQL ] SELECT * FROM `fa_videos` WHERE  `area_id` = 1  AND `status` = 1 ORDER BY `hits` DESC LIMIT 0,6 [ RunTime:0.006125s ]
[ sql ] [ SQL ] SELECT * FROM `fa_videos` WHERE  `status` = 1 ORDER BY rand() LIMIT 10 [ RunTime:0.007100s ]
---------------------------------------------------------------
[ 2018-10-07T16:31:31+08:00 ] 61.151.178.164 GET /index/index/index.html
[ info ] dage.gouwuduoduo.com/index/index/index.html [运行时间：0.157686s][吞吐率：6.34req/s] [内存消耗：3,599.13kb] [文件加载：79]
[ info ] [ BEHAVIOR ] Run Closure @app_init [ RunTime:0.000020s ]
[ info ] [ CACHE ] INIT File
[ info ] [ BEHAVIOR ] Run Closure @app_init [ RunTime:0.001150s ]
[ info ] [ LANG ] /www/wwwroot/dage.gouwuduoduo.com/thinkphp/lang/zh-cn.php
[ info ] [ ROUTE ] array (
  'type' => 'module',
  'module' => 
  array (
    0 => 'index',
    1 => 'index',
    2 => 'index',
  ),
)
[ info ] [ HEADER ] array (
  'connection' => 'keep-alive',
  'host' => 'dage.gouwuduoduo.com',
  'accept-language' => 'zh-CN,zh;q=0.8,en-US;q=0.6,en;q=0.4',
  'referer' => 'blank',
  'accept' => '*/*',
  'user-agent' => 'Mozilla/5.0 (Windows NT 6.1; WOW64; rv:50.0) Gecko/20100101 Firefox/50.0',
  'content-type' => '',
  'content-length' => '',
)
[ info ] [ PARAM ] array (
)
[ info ] [ LANG ] /www/wwwroot/dage.gouwuduoduo.com/public/../application/index/lang/zh-cn.php
[ info ] [ BEHAVIOR ] Run app\common\behavior\Common @module_init [ RunTime:0.000202s ]
[ info ] [ LANG ] /www/wwwroot/dage.gouwuduoduo.com/public/../application/index/lang/zh-cn/index.php
[ info ] [ DB ] INIT mysql
[ info ] [ RUN ] app\index\controller\Index->index[ /www/wwwroot/dage.gouwuduoduo.com/application/index/controller/Index.php ]
[ info ] [ VIEW ] /www/wwwroot/dage.gouwuduoduo.com/public/../application/index/view/index/index.html [ array (
  0 => 'user',
  1 => 'site',
  2 => 'config',
  3 => 'footer',
  4 => 'controller',
  5 => 'header',
  6 => 'title',
  7 => 'banner',
  8 => 'data',
  9 => 'area_list',
  10 => 'cate_list',
  11 => 'trans_list',
) ]
[ info ] [ LOG ] INIT File
[ sql ] [ DB ] CONNECT:[ UseTime:0.006689s ] mysql:host=47.94.166.69;dbname=dage_gouwuduodu;charset=utf8
[ sql ] [ SQL ] SHOW COLUMNS FROM `fa_category` [ RunTime:0.005003s ]
[ sql ] [ SQL ] SELECT * FROM `fa_category` WHERE  (  `type` = 'footer' ) ORDER BY `weigh` DESC [ RunTime:0.004584s ]
[ sql ] [ SQL ] SHOW COLUMNS FROM `fa_access_log` [ RunTime:0.004871s ]
[ sql ] [ SQL ] INSERT INTO `fa_access_log` (`user_id` , `url` , `from_url` , `ip` , `useragent` , `createtime`) VALUES (0 , 'index/index/index.html' , 'index' , '61.151.178.164' , 'Mozilla/5.0 (Windows NT 6.1; WOW64; rv:50.0) Gecko/20100101 Firefox/50.0' , 1538901091) [ RunTime:0.012159s ]
[ sql ] [ SQL ] SELECT * FROM `fa_category` WHERE  (  `type` = 'header' ) ORDER BY `weigh` DESC [ RunTime:0.004465s ]
[ sql ] [ SQL ] SELECT * FROM `fa_category` WHERE  (  `type` = 'banner' ) ORDER BY `weigh` DESC [ RunTime:0.005080s ]
[ sql ] [ SQL ] SELECT * FROM `fa_category` WHERE  (  `type` = 'index1' ) ORDER BY `weigh` DESC [ RunTime:0.004446s ]
[ sql ] [ SQL ] SHOW COLUMNS FROM `fa_videos` [ RunTime:0.005056s ]
[ sql ] [ SQL ] SELECT COUNT(*) AS tp_count FROM `fa_videos` WHERE  `type` = 'index1' LIMIT 1 [ RunTime:0.004543s ]
[ sql ] [ SQL ] SELECT * FROM `fa_videos` WHERE  `type` = 'index1' ORDER BY `id` DESC LIMIT 0,10 [ RunTime:0.004562s ]
[ sql ] [ SQL ] SELECT * FROM `fa_category` WHERE  (  `type` = 'index2' ) ORDER BY `weigh` DESC [ RunTime:0.004394s ]
[ sql ] [ SQL ] SELECT COUNT(*) AS tp_count FROM `fa_videos` WHERE  `type` = 'index2' LIMIT 1 [ RunTime:0.004608s ]
[ sql ] [ SQL ] SELECT * FROM `fa_videos` WHERE  `type` = 'index2' ORDER BY `id` DESC LIMIT 0,10 [ RunTime:0.004611s ]
[ sql ] [ SQL ] SELECT * FROM `fa_category` WHERE  (  `type` = 'index3' ) ORDER BY `weigh` DESC [ RunTime:0.004418s ]
[ sql ] [ SQL ] SELECT COUNT(*) AS tp_count FROM `fa_videos` WHERE  `type` = 'index3' LIMIT 1 [ RunTime:0.004496s ]
[ sql ] [ SQL ] SELECT * FROM `fa_videos` WHERE  `type` = 'index3' ORDER BY `id` DESC LIMIT 0,10 [ RunTime:0.004649s ]
[ sql ] [ SQL ] SHOW COLUMNS FROM `fa_area` [ RunTime:0.004771s ]
[ sql ] [ SQL ] SELECT * FROM `fa_area` WHERE  `status` = 1 [ RunTime:0.004393s ]
[ sql ] [ SQL ] SHOW COLUMNS FROM `fa_cate` [ RunTime:0.004800s ]
[ sql ] [ SQL ] SELECT * FROM `fa_cate` WHERE  `status` = 1 [ RunTime:0.004390s ]
[ sql ] [ SQL ] SHOW COLUMNS FROM `fa_trans` [ RunTime:0.004788s ]
[ sql ] [ SQL ] SELECT name,count(name) as num FROM `fa_trans` GROUP BY `name` ORDER BY `hots` DESC LIMIT 6 [ RunTime:0.004413s ]
---------------------------------------------------------------
[ 2018-10-07T16:31:36+08:00 ] 180.97.118.219 GET /index/index/show.html?id=208
[ info ] dage.gouwuduoduo.com/index/index/show.html?id=208 [运行时间：0.148835s][吞吐率：6.72req/s] [内存消耗：3,540.24kb] [文件加载：79]
[ info ] [ BEHAVIOR ] Run Closure @app_init [ RunTime:0.000020s ]
[ info ] [ CACHE ] INIT File
[ info ] [ BEHAVIOR ] Run Closure @app_init [ RunTime:0.000899s ]
[ info ] [ LANG ] /www/wwwroot/dage.gouwuduoduo.com/thinkphp/lang/zh-cn.php
[ info ] [ ROUTE ] array (
  'type' => 'module',
  'module' => 
  array (
    0 => 'index',
    1 => 'index',
    2 => 'show',
  ),
)
[ info ] [ HEADER ] array (
  'connection' => 'keep-alive',
  'host' => 'dage.gouwuduoduo.com',
  'accept-language' => 'zh-CN,zh;q=0.8,en-US;q=0.6,en;q=0.4',
  'referer' => 'blank',
  'accept' => '*/*',
  'user-agent' => 'Mozilla/5.0 (Windows NT 6.1; WOW64; rv:50.0) Gecko/20100101 Firefox/50.0',
  'content-type' => '',
  'content-length' => '',
)
[ info ] [ PARAM ] array (
  'id' => '208',
)
[ info ] [ LANG ] /www/wwwroot/dage.gouwuduoduo.com/public/../application/index/lang/zh-cn.php
[ info ] [ BEHAVIOR ] Run app\common\behavior\Common @module_init [ RunTime:0.000214s ]
[ info ] [ LANG ] /www/wwwroot/dage.gouwuduoduo.com/public/../application/index/lang/zh-cn/index.php
[ info ] [ DB ] INIT mysql
[ info ] [ RUN ] app\index\controller\Index->show[ /www/wwwroot/dage.gouwuduoduo.com/application/index/controller/Index.php ]
[ info ] [ VIEW ] /www/wwwroot/dage.gouwuduoduo.com/public/../application/index/view/index/show.html [ array (
  0 => 'user',
  1 => 'site',
  2 => 'config',
  3 => 'footer',
  4 => 'controller',
  5 => 'header',
  6 => 'data_left',
  7 => 'data_list',
  8 => 'title',
  9 => 'url_path',
  10 => 'data',
) ]
[ info ] [ LOG ] INIT File
[ sql ] [ DB ] CONNECT:[ UseTime:0.007026s ] mysql:host=47.94.166.69;dbname=dage_gouwuduodu;charset=utf8
[ sql ] [ SQL ] SHOW COLUMNS FROM `fa_category` [ RunTime:0.005263s ]
[ sql ] [ SQL ] SELECT * FROM `fa_category` WHERE  (  `type` = 'footer' ) ORDER BY `weigh` DESC [ RunTime:0.004802s ]
[ sql ] [ SQL ] SHOW COLUMNS FROM `fa_access_log` [ RunTime:0.005095s ]
[ sql ] [ SQL ] INSERT INTO `fa_access_log` (`user_id` , `url` , `from_url` , `ip` , `useragent` , `createtime`) VALUES (0 , 'index/index/show.html' , 'show' , '180.97.118.219' , 'Mozilla/5.0 (Windows NT 6.1; WOW64; rv:50.0) Gecko/20100101 Firefox/50.0' , 1538901096) [ RunTime:0.020451s ]
[ sql ] [ SQL ] SELECT * FROM `fa_category` WHERE  (  `type` = 'header' ) ORDER BY `weigh` DESC [ RunTime:0.004734s ]
[ sql ] [ SQL ] SHOW COLUMNS FROM `fa_videos` [ RunTime:0.005222s ]
[ sql ] [ SQL ] SELECT * FROM `fa_videos` WHERE  `id` = 208 LIMIT 1 [ RunTime:0.004807s ]
[ sql ] [ SQL ] UPDATE `fa_videos`  SET `hits`=`hits`+1  WHERE  `id` = 208 [ RunTime:0.012994s ]
[ sql ] [ SQL ] SHOW COLUMNS FROM `fa_cate` [ RunTime:0.005110s ]
[ sql ] [ SQL ] SELECT `title` FROM `fa_cate` WHERE  `status` = 1  AND `id` = 1 LIMIT 1 [ RunTime:0.004662s ]
[ sql ] [ SQL ] SHOW COLUMNS FROM `fa_area` [ RunTime:0.005003s ]
[ sql ] [ SQL ] SELECT `title` FROM `fa_area` WHERE  `status` = 1  AND `id` = 1 LIMIT 1 [ RunTime:0.004638s ]
[ sql ] [ SQL ] SHOW COLUMNS FROM `fa_trans` [ RunTime:0.004995s ]
[ sql ] [ SQL ] SELECT * FROM `fa_trans` WHERE  `v_id` = 208 [ RunTime:0.004612s ]
[ sql ] [ SQL ] SELECT COUNT(*) AS tp_count FROM `fa_videos` WHERE  `area_id` = 1  AND `status` = 1 LIMIT 1 [ RunTime:0.004799s ]
[ sql ] [ SQL ] SELECT * FROM `fa_videos` WHERE  `area_id` = 1  AND `status` = 1 ORDER BY `hits` DESC LIMIT 0,6 [ RunTime:0.005036s ]
[ sql ] [ SQL ] SELECT * FROM `fa_videos` WHERE  `status` = 1 ORDER BY rand() LIMIT 10 [ RunTime:0.005051s ]
---------------------------------------------------------------
[ 2018-10-07T16:31:42+08:00 ] 101.91.62.99 GET /index/user/login.html
[ info ] dage.gouwuduoduo.com/index/user/login.html [运行时间：0.148146s][吞吐率：6.75req/s] [内存消耗：3,409.80kb] [文件加载：74]
[ info ] [ BEHAVIOR ] Run Closure @app_init [ RunTime:0.000019s ]
[ info ] [ CACHE ] INIT File
[ info ] [ BEHAVIOR ] Run Closure @app_init [ RunTime:0.000965s ]
[ info ] [ LANG ] /www/wwwroot/dage.gouwuduoduo.com/thinkphp/lang/zh-cn.php
[ info ] [ ROUTE ] array (
  'type' => 'module',
  'module' => 
  array (
    0 => 'index',
    1 => 'user',
    2 => 'login',
  ),
)
[ info ] [ HEADER ] array (
  'connection' => 'keep-alive',
  'host' => 'dage.gouwuduoduo.com',
  'accept-language' => 'zh-CN,zh;q=0.8,en-US;q=0.6,en;q=0.4',
  'referer' => 'blank',
  'accept' => '*/*',
  'user-agent' => 'Mozilla/5.0 (Windows NT 6.1; WOW64; rv:50.0) Gecko/20100101 Firefox/50.0',
  'content-type' => '',
  'content-length' => '',
)
[ info ] [ PARAM ] array (
)
[ info ] [ LANG ] /www/wwwroot/dage.gouwuduoduo.com/public/../application/index/lang/zh-cn.php
[ info ] [ BEHAVIOR ] Run app\common\behavior\Common @module_init [ RunTime:0.000198s ]
[ info ] [ LANG ] /www/wwwroot/dage.gouwuduoduo.com/public/../application/index/lang/zh-cn/user.php
[ info ] [ LANG ] /www/wwwroot/dage.gouwuduoduo.com/public/../application/index/lang/zh-cn/user.php
[ info ] [ DB ] INIT mysql
[ info ] [ RUN ] app\index\controller\User->login[ /www/wwwroot/dage.gouwuduoduo.com/application/index/controller/User.php ]
[ info ] [ VIEW ] /www/wwwroot/dage.gouwuduoduo.com/public/../application/index/view/user/login.html [ array (
  0 => 'user',
  1 => 'site',
  2 => 'config',
  3 => 'footer',
  4 => 'controller',
  5 => 'header',
  6 => 'url',
  7 => 'title',
) ]
[ info ] [ SESSION ] INIT array (
  'id' => '',
  'var_session_id' => '',
  'prefix' => 'think',
  'type' => '',
  'auto_start' => true,
)
[ info ] [ LOG ] INIT File
[ sql ] [ DB ] CONNECT:[ UseTime:0.014033s ] mysql:host=47.94.166.69;dbname=dage_gouwuduodu;charset=utf8
[ sql ] [ SQL ] SHOW COLUMNS FROM `fa_category` [ RunTime:0.005592s ]
[ sql ] [ SQL ] SELECT * FROM `fa_category` WHERE  (  `type` = 'footer' ) ORDER BY `weigh` DESC [ RunTime:0.034761s ]
[ sql ] [ SQL ] SHOW COLUMNS FROM `fa_access_log` [ RunTime:0.036711s ]
[ sql ] [ SQL ] INSERT INTO `fa_access_log` (`user_id` , `url` , `from_url` , `ip` , `useragent` , `createtime`) VALUES (0 , 'index/user/login.html' , 'login' , '101.91.62.99' , 'Mozilla/5.0 (Windows NT 6.1; WOW64; rv:50.0) Gecko/20100101 Firefox/50.0' , 1538901102) [ RunTime:0.011926s ]
[ sql ] [ SQL ] SELECT * FROM `fa_category` WHERE  (  `type` = 'header' ) ORDER BY `weigh` DESC [ RunTime:0.005084s ]
[ sql ] [ SQL ] SELECT * FROM `fa_category` WHERE  (  `type` = 'footer' ) ORDER BY `weigh` DESC [ RunTime:0.005031s ]
---------------------------------------------------------------
[ 2018-10-07T16:31:44+08:00 ] 101.91.60.107 GET /index/user/register.html
[ info ] dage.gouwuduoduo.com/index/user/register.html [运行时间：0.087250s][吞吐率：11.46req/s] [内存消耗：3,406.66kb] [文件加载：74]
[ info ] [ BEHAVIOR ] Run Closure @app_init [ RunTime:0.000020s ]
[ info ] [ CACHE ] INIT File
[ info ] [ BEHAVIOR ] Run Closure @app_init [ RunTime:0.001058s ]
[ info ] [ LANG ] /www/wwwroot/dage.gouwuduoduo.com/thinkphp/lang/zh-cn.php
[ info ] [ ROUTE ] array (
  'type' => 'module',
  'module' => 
  array (
    0 => 'index',
    1 => 'user',
    2 => 'register',
  ),
)
[ info ] [ HEADER ] array (
  'connection' => 'keep-alive',
  'host' => 'dage.gouwuduoduo.com',
  'accept-language' => 'zh-CN,zh;q=0.8,en-US;q=0.6,en;q=0.4',
  'referer' => 'blank',
  'accept' => '*/*',
  'user-agent' => 'Mozilla/5.0 (Windows NT 6.1; WOW64; rv:50.0) Gecko/20100101 Firefox/50.0',
  'content-type' => '',
  'content-length' => '',
)
[ info ] [ PARAM ] array (
)
[ info ] [ LANG ] /www/wwwroot/dage.gouwuduoduo.com/public/../application/index/lang/zh-cn.php
[ info ] [ BEHAVIOR ] Run app\common\behavior\Common @module_init [ RunTime:0.000189s ]
[ info ] [ LANG ] /www/wwwroot/dage.gouwuduoduo.com/public/../application/index/lang/zh-cn/user.php
[ info ] [ LANG ] /www/wwwroot/dage.gouwuduoduo.com/public/../application/index/lang/zh-cn/user.php
[ info ] [ DB ] INIT mysql
[ info ] [ RUN ] app\index\controller\User->register[ /www/wwwroot/dage.gouwuduoduo.com/application/index/controller/User.php ]
[ info ] [ VIEW ] /www/wwwroot/dage.gouwuduoduo.com/public/../application/index/view/user/register.html [ array (
  0 => 'user',
  1 => 'site',
  2 => 'config',
  3 => 'footer',
  4 => 'controller',
  5 => 'header',
  6 => 'url',
  7 => 'title',
) ]
[ info ] [ SESSION ] INIT array (
  'id' => '',
  'var_session_id' => '',
  'prefix' => 'think',
  'type' => '',
  'auto_start' => true,
)
[ info ] [ LOG ] INIT File
[ sql ] [ DB ] CONNECT:[ UseTime:0.006930s ] mysql:host=47.94.166.69;dbname=dage_gouwuduodu;charset=utf8
[ sql ] [ SQL ] SHOW COLUMNS FROM `fa_category` [ RunTime:0.005015s ]
[ sql ] [ SQL ] SELECT * FROM `fa_category` WHERE  (  `type` = 'footer' ) ORDER BY `weigh` DESC [ RunTime:0.004611s ]
[ sql ] [ SQL ] SHOW COLUMNS FROM `fa_access_log` [ RunTime:0.004837s ]
[ sql ] [ SQL ] INSERT INTO `fa_access_log` (`user_id` , `url` , `from_url` , `ip` , `useragent` , `createtime`) VALUES (0 , 'index/user/register.html' , 'register' , '101.91.60.107' , 'Mozilla/5.0 (Windows NT 6.1; WOW64; rv:50.0) Gecko/20100101 Firefox/50.0' , 1538901104) [ RunTime:0.021699s ]
[ sql ] [ SQL ] SELECT * FROM `fa_category` WHERE  (  `type` = 'header' ) ORDER BY `weigh` DESC [ RunTime:0.004684s ]
[ sql ] [ SQL ] SELECT * FROM `fa_category` WHERE  (  `type` = 'footer' ) ORDER BY `weigh` DESC [ RunTime:0.004650s ]
