---------------------------------------------------------------
[ 2018-10-19T16:06:03+08:00 ] 203.208.60.33 GET /index/index/show.html?id=193
[ info ] dage.gouwuduoduo.com/index/index/show.html?id=193 [运行时间：0.399218s][吞吐率：2.50req/s] [内存消耗：3,543.35kb] [文件加载：79]
[ info ] [ BEHAVIOR ] Run Closure @app_init [ RunTime:0.000022s ]
[ info ] [ CACHE ] INIT File
[ info ] [ BEHAVIOR ] Run Closure @app_init [ RunTime:0.002179s ]
[ info ] [ LANG ] /www/wwwroot/dage.gouwuduoduo.com/thinkphp/lang/zh-cn.php
[ info ] [ ROUTE ] array (
  'type' => 'module',
  'module' => 
  array (
    0 => 'index',
    1 => 'index',
    2 => 'show',
  ),
)
[ info ] [ HEADER ] array (
  'if-modified-since' => 'Sun, 02 Sep 2018 17:42:54 GMT',
  'accept-encoding' => 'gzip,deflate,br',
  'user-agent' => 'Mozilla/5.0 (compatible; Googlebot/2.1; +http://www.google.com/bot.html)',
  'from' => 'googlebot(at)googlebot.com',
  'accept' => 'text/html,application/xhtml+xml,application/xml;q=0.9,*/*;q=0.8',
  'connection' => 'keep-alive',
  'host' => 'dage.gouwuduoduo.com',
  'content-type' => '',
  'content-length' => '',
)
[ info ] [ PARAM ] array (
  'id' => '193',
)
[ info ] [ LANG ] /www/wwwroot/dage.gouwuduoduo.com/public/../application/index/lang/zh-cn.php
[ info ] [ BEHAVIOR ] Run app\common\behavior\Common @module_init [ RunTime:0.000356s ]
[ info ] [ LANG ] /www/wwwroot/dage.gouwuduoduo.com/public/../application/index/lang/zh-cn/index.php
[ info ] [ DB ] INIT mysql
[ info ] [ RUN ] app\index\controller\Index->show[ /www/wwwroot/dage.gouwuduoduo.com/application/index/controller/Index.php ]
[ info ] [ VIEW ] /www/wwwroot/dage.gouwuduoduo.com/public/../application/index/view/index/show.html [ array (
  0 => 'user',
  1 => 'site',
  2 => 'config',
  3 => 'footer',
  4 => 'controller',
  5 => 'header',
  6 => 'data_left',
  7 => 'data_list',
  8 => 'title',
  9 => 'url_path',
  10 => 'data',
) ]
[ info ] [ LOG ] INIT File
[ sql ] [ DB ] CONNECT:[ UseTime:0.008418s ] mysql:host=47.94.166.69;dbname=dage_gouwuduodu;charset=utf8
[ sql ] [ SQL ] SHOW COLUMNS FROM `fa_category` [ RunTime:0.005949s ]
[ sql ] [ SQL ] SELECT * FROM `fa_category` WHERE  (  `type` = 'footer' ) ORDER BY `weigh` DESC [ RunTime:0.005538s ]
[ sql ] [ SQL ] SHOW COLUMNS FROM `fa_access_log` [ RunTime:0.005742s ]
[ sql ] [ SQL ] INSERT INTO `fa_access_log` (`user_id` , `url` , `from_url` , `ip` , `useragent` , `createtime`) VALUES (0 , 'index/index/show.html' , 'show' , '203.208.60.33' , 'Mozilla/5.0 (compatible; Googlebot/2.1; +http://www.google.com/bot.html)' , 1539936363) [ RunTime:0.012786s ]
[ sql ] [ SQL ] SELECT * FROM `fa_category` WHERE  (  `type` = 'header' ) ORDER BY `weigh` DESC [ RunTime:0.005567s ]
[ sql ] [ SQL ] SHOW COLUMNS FROM `fa_videos` [ RunTime:0.006046s ]
[ sql ] [ SQL ] SELECT * FROM `fa_videos` WHERE  `id` = 193 LIMIT 1 [ RunTime:0.005614s ]
[ sql ] [ SQL ] UPDATE `fa_videos`  SET `hits`=`hits`+1  WHERE  `id` = 193 [ RunTime:0.010242s ]
[ sql ] [ SQL ] SHOW COLUMNS FROM `fa_cate` [ RunTime:0.005845s ]
[ sql ] [ SQL ] SELECT `title` FROM `fa_cate` WHERE  `status` = 1  AND `id` = 1 LIMIT 1 [ RunTime:0.005468s ]
[ sql ] [ SQL ] SHOW COLUMNS FROM `fa_area` [ RunTime:0.005963s ]
[ sql ] [ SQL ] SELECT `title` FROM `fa_area` WHERE  `status` = 1  AND `id` = 1 LIMIT 1 [ RunTime:0.005521s ]
[ sql ] [ SQL ] SHOW COLUMNS FROM `fa_trans` [ RunTime:0.005938s ]
[ sql ] [ SQL ] SELECT * FROM `fa_trans` WHERE  `v_id` = 193 [ RunTime:0.005653s ]
[ sql ] [ SQL ] SELECT COUNT(*) AS tp_count FROM `fa_videos` WHERE  `area_id` = 1  AND `status` = 1 LIMIT 1 [ RunTime:0.005667s ]
[ sql ] [ SQL ] SELECT * FROM `fa_videos` WHERE  `area_id` = 1  AND `status` = 1 ORDER BY `hits` DESC LIMIT 0,6 [ RunTime:0.005993s ]
[ sql ] [ SQL ] SELECT * FROM `fa_videos` WHERE  `status` = 1 ORDER BY rand() LIMIT 10 [ RunTime:0.006140s ]
---------------------------------------------------------------
[ 2018-10-19T16:06:43+08:00 ] 203.208.60.80 GET /assets/js/frontend/index.js?v=1539648000
[ info ] dage.gouwuduoduo.com/assets/js/frontend/index.js?v=1539648000 [运行时间：0.020729s][吞吐率：48.24req/s] [内存消耗：1,721.59kb] [文件加载：48]
[ info ] [ BEHAVIOR ] Run Closure @app_init [ RunTime:0.000026s ]
[ info ] [ CACHE ] INIT File
[ info ] [ BEHAVIOR ] Run Closure @app_init [ RunTime:0.001015s ]
[ info ] [ ROUTE ] array (
  'type' => 'module',
  'module' => 
  array (
    0 => '404',
    1 => NULL,
    2 => NULL,
  ),
)
[ info ] [ HEADER ] array (
  'accept-encoding' => 'gzip,deflate,br',
  'user-agent' => 'Mozilla/5.0 AppleWebKit/537.36 (KHTML, like Gecko; compatible; Googlebot/2.1; +http://www.google.com/bot.html) Safari/537.36',
  'from' => 'googlebot(at)googlebot.com',
  'accept' => '*/*',
  'connection' => 'keep-alive',
  'accept-language' => 'en-US',
  'referer' => 'http://dage.gouwuduoduo.com/index/index/show.html?id=193',
  'host' => 'dage.gouwuduoduo.com',
  'content-type' => '',
  'content-length' => '',
)
[ info ] [ PARAM ] array (
)
[ info ] [ LOG ] INIT File
---------------------------------------------------------------
[ 2018-10-19T16:06:44+08:00 ] 203.208.60.63 GET /assets/js/frontend/index.js?v=1539936363
[ info ] dage.gouwuduoduo.com/assets/js/frontend/index.js?v=1539936363 [运行时间：0.016712s][吞吐率：59.84req/s] [内存消耗：1,721.59kb] [文件加载：48]
[ info ] [ BEHAVIOR ] Run Closure @app_init [ RunTime:0.000022s ]
[ info ] [ CACHE ] INIT File
[ info ] [ BEHAVIOR ] Run Closure @app_init [ RunTime:0.001001s ]
[ info ] [ ROUTE ] array (
  'type' => 'module',
  'module' => 
  array (
    0 => '404',
    1 => NULL,
    2 => NULL,
  ),
)
[ info ] [ HEADER ] array (
  'accept-encoding' => 'gzip,deflate,br',
  'user-agent' => 'Mozilla/5.0 AppleWebKit/537.36 (KHTML, like Gecko; compatible; Googlebot/2.1; +http://www.google.com/bot.html) Safari/537.36',
  'from' => 'googlebot(at)googlebot.com',
  'accept' => '*/*',
  'connection' => 'keep-alive',
  'accept-language' => 'en-US',
  'referer' => 'http://dage.gouwuduoduo.com/index/index/show.html?id=193',
  'host' => 'dage.gouwuduoduo.com',
  'content-type' => '',
  'content-length' => '',
)
[ info ] [ PARAM ] array (
)
[ info ] [ LOG ] INIT File
---------------------------------------------------------------
[ 2018-10-19T17:56:46+08:00 ] 203.208.60.0 GET /
[ info ] dage.gouwuduoduo.com/ [运行时间：0.195832s][吞吐率：5.11req/s] [内存消耗：3,596.46kb] [文件加载：79]
[ info ] [ BEHAVIOR ] Run Closure @app_init [ RunTime:0.000022s ]
[ info ] [ CACHE ] INIT File
[ info ] [ BEHAVIOR ] Run Closure @app_init [ RunTime:0.001380s ]
[ info ] [ LANG ] /www/wwwroot/dage.gouwuduoduo.com/thinkphp/lang/zh-cn.php
[ info ] [ ROUTE ] array (
  'type' => 'module',
  'module' => 
  array (
    0 => '',
    1 => NULL,
    2 => NULL,
  ),
)
[ info ] [ HEADER ] array (
  'accept-encoding' => 'gzip,deflate,br',
  'user-agent' => 'Mozilla/5.0 (compatible; Googlebot/2.1; +http://www.google.com/bot.html)',
  'from' => 'googlebot(at)googlebot.com',
  'accept' => 'text/html,application/xhtml+xml,application/xml;q=0.9,*/*;q=0.8',
  'connection' => 'keep-alive',
  'host' => 'dage.gouwuduoduo.com',
  'content-type' => '',
  'content-length' => '',
)
[ info ] [ PARAM ] array (
)
[ info ] [ LANG ] /www/wwwroot/dage.gouwuduoduo.com/public/../application/index/lang/zh-cn.php
[ info ] [ BEHAVIOR ] Run app\common\behavior\Common @module_init [ RunTime:0.000483s ]
[ info ] [ LANG ] /www/wwwroot/dage.gouwuduoduo.com/public/../application/index/lang/zh-cn/index.php
[ info ] [ DB ] INIT mysql
[ info ] [ RUN ] app\index\controller\Index->index[ /www/wwwroot/dage.gouwuduoduo.com/application/index/controller/Index.php ]
[ info ] [ VIEW ] /www/wwwroot/dage.gouwuduoduo.com/public/../application/index/view/index/index.html [ array (
  0 => 'user',
  1 => 'site',
  2 => 'config',
  3 => 'footer',
  4 => 'controller',
  5 => 'header',
  6 => 'title',
  7 => 'banner',
  8 => 'data',
  9 => 'area_list',
  10 => 'cate_list',
  11 => 'trans_list',
) ]
[ info ] [ LOG ] INIT File
[ sql ] [ DB ] CONNECT:[ UseTime:0.007628s ] mysql:host=47.94.166.69;dbname=dage_gouwuduodu;charset=utf8
[ sql ] [ SQL ] SHOW COLUMNS FROM `fa_category` [ RunTime:0.006506s ]
[ sql ] [ SQL ] SELECT * FROM `fa_category` WHERE  (  `type` = 'footer' ) ORDER BY `weigh` DESC [ RunTime:0.004891s ]
[ sql ] [ SQL ] SHOW COLUMNS FROM `fa_access_log` [ RunTime:0.005182s ]
[ sql ] [ SQL ] INSERT INTO `fa_access_log` (`user_id` , `url` , `from_url` , `ip` , `useragent` , `createtime`) VALUES (0 , '/' , 'index' , '203.208.60.0' , 'Mozilla/5.0 (compatible; Googlebot/2.1; +http://www.google.com/bot.html)' , 1539943006) [ RunTime:0.026345s ]
[ sql ] [ SQL ] SELECT * FROM `fa_category` WHERE  (  `type` = 'header' ) ORDER BY `weigh` DESC [ RunTime:0.005149s ]
[ sql ] [ SQL ] SELECT * FROM `fa_category` WHERE  (  `type` = 'banner' ) ORDER BY `weigh` DESC [ RunTime:0.004814s ]
[ sql ] [ SQL ] SELECT * FROM `fa_category` WHERE  (  `type` = 'index1' ) ORDER BY `weigh` DESC [ RunTime:0.004750s ]
[ sql ] [ SQL ] SHOW COLUMNS FROM `fa_videos` [ RunTime:0.005463s ]
[ sql ] [ SQL ] SELECT COUNT(*) AS tp_count FROM `fa_videos` WHERE  `type` = 'index1' LIMIT 1 [ RunTime:0.004958s ]
[ sql ] [ SQL ] SELECT * FROM `fa_videos` WHERE  `type` = 'index1' ORDER BY `id` DESC LIMIT 0,10 [ RunTime:0.005056s ]
[ sql ] [ SQL ] SELECT * FROM `fa_category` WHERE  (  `type` = 'index2' ) ORDER BY `weigh` DESC [ RunTime:0.005535s ]
[ sql ] [ SQL ] SELECT COUNT(*) AS tp_count FROM `fa_videos` WHERE  `type` = 'index2' LIMIT 1 [ RunTime:0.005146s ]
[ sql ] [ SQL ] SELECT * FROM `fa_videos` WHERE  `type` = 'index2' ORDER BY `id` DESC LIMIT 0,10 [ RunTime:0.004992s ]
[ sql ] [ SQL ] SELECT * FROM `fa_category` WHERE  (  `type` = 'index3' ) ORDER BY `weigh` DESC [ RunTime:0.004793s ]
[ sql ] [ SQL ] SELECT COUNT(*) AS tp_count FROM `fa_videos` WHERE  `type` = 'index3' LIMIT 1 [ RunTime:0.004957s ]
[ sql ] [ SQL ] SELECT * FROM `fa_videos` WHERE  `type` = 'index3' ORDER BY `id` DESC LIMIT 0,10 [ RunTime:0.004982s ]
[ sql ] [ SQL ] SHOW COLUMNS FROM `fa_area` [ RunTime:0.005222s ]
[ sql ] [ SQL ] SELECT * FROM `fa_area` WHERE  `status` = 1 [ RunTime:0.004800s ]
[ sql ] [ SQL ] SHOW COLUMNS FROM `fa_cate` [ RunTime:0.006342s ]
[ sql ] [ SQL ] SELECT * FROM `fa_cate` WHERE  `status` = 1 [ RunTime:0.004843s ]
[ sql ] [ SQL ] SHOW COLUMNS FROM `fa_trans` [ RunTime:0.005289s ]
[ sql ] [ SQL ] SELECT name,count(name) as num FROM `fa_trans` GROUP BY `name` ORDER BY `hots` DESC LIMIT 6 [ RunTime:0.005038s ]
---------------------------------------------------------------
[ 2018-10-19T17:56:50+08:00 ] 203.208.60.53 GET /assets/js/frontend/index.js?v=1539943006
[ info ] dage.gouwuduoduo.com/assets/js/frontend/index.js?v=1539943006 [运行时间：0.016275s][吞吐率：61.44req/s] [内存消耗：1,721.39kb] [文件加载：48]
[ info ] [ BEHAVIOR ] Run Closure @app_init [ RunTime:0.000018s ]
[ info ] [ CACHE ] INIT File
[ info ] [ BEHAVIOR ] Run Closure @app_init [ RunTime:0.000923s ]
[ info ] [ ROUTE ] array (
  'type' => 'module',
  'module' => 
  array (
    0 => '404',
    1 => NULL,
    2 => NULL,
  ),
)
[ info ] [ HEADER ] array (
  'accept-encoding' => 'gzip,deflate,br',
  'user-agent' => 'Mozilla/5.0 AppleWebKit/537.36 (KHTML, like Gecko; compatible; Googlebot/2.1; +http://www.google.com/bot.html) Safari/537.36',
  'from' => 'googlebot(at)googlebot.com',
  'accept' => '*/*',
  'connection' => 'keep-alive',
  'accept-language' => 'en-US',
  'referer' => 'http://dage.gouwuduoduo.com/',
  'host' => 'dage.gouwuduoduo.com',
  'content-type' => '',
  'content-length' => '',
)
[ info ] [ PARAM ] array (
)
[ info ] [ LOG ] INIT File
---------------------------------------------------------------
[ 2018-10-19T18:06:43+08:00 ] 203.208.60.19 GET /
[ info ] dage.gouwuduoduo.com/ [运行时间：0.189201s][吞吐率：5.29req/s] [内存消耗：3,597.49kb] [文件加载：79]
[ info ] [ BEHAVIOR ] Run Closure @app_init [ RunTime:0.000020s ]
[ info ] [ CACHE ] INIT File
[ info ] [ BEHAVIOR ] Run Closure @app_init [ RunTime:0.000966s ]
[ info ] [ LANG ] /www/wwwroot/dage.gouwuduoduo.com/thinkphp/lang/zh-cn.php
[ info ] [ ROUTE ] array (
  'type' => 'module',
  'module' => 
  array (
    0 => '',
    1 => NULL,
    2 => NULL,
  ),
)
[ info ] [ HEADER ] array (
  'accept-encoding' => 'gzip,deflate,br',
  'user-agent' => 'Mozilla/5.0 (Linux; Android 6.0.1; Nexus 5X Build/MMB29P) AppleWebKit/537.36 (KHTML, like Gecko) Chrome/41.0.2272.96 Mobile Safari/537.36 (compatible; Googlebot/2.1; +http://www.google.com/bot.html)',
  'from' => 'googlebot(at)googlebot.com',
  'accept' => 'text/html,application/xhtml+xml,application/xml;q=0.9,*/*;q=0.8',
  'connection' => 'keep-alive',
  'host' => 'dage.gouwuduoduo.com',
  'content-type' => '',
  'content-length' => '',
)
[ info ] [ PARAM ] array (
)
[ info ] [ LANG ] /www/wwwroot/dage.gouwuduoduo.com/public/../application/index/lang/zh-cn.php
[ info ] [ BEHAVIOR ] Run app\common\behavior\Common @module_init [ RunTime:0.000193s ]
[ info ] [ LANG ] /www/wwwroot/dage.gouwuduoduo.com/public/../application/index/lang/zh-cn/index.php
[ info ] [ DB ] INIT mysql
[ info ] [ RUN ] app\index\controller\Index->index[ /www/wwwroot/dage.gouwuduoduo.com/application/index/controller/Index.php ]
[ info ] [ VIEW ] /www/wwwroot/dage.gouwuduoduo.com/public/../application/index/view/index/index.html [ array (
  0 => 'user',
  1 => 'site',
  2 => 'config',
  3 => 'footer',
  4 => 'controller',
  5 => 'header',
  6 => 'title',
  7 => 'banner',
  8 => 'data',
  9 => 'area_list',
  10 => 'cate_list',
  11 => 'trans_list',
) ]
[ info ] [ LOG ] INIT File
[ sql ] [ DB ] CONNECT:[ UseTime:0.008800s ] mysql:host=47.94.166.69;dbname=dage_gouwuduodu;charset=utf8
[ sql ] [ SQL ] SHOW COLUMNS FROM `fa_category` [ RunTime:0.006415s ]
[ sql ] [ SQL ] SELECT * FROM `fa_category` WHERE  (  `type` = 'footer' ) ORDER BY `weigh` DESC [ RunTime:0.005890s ]
[ sql ] [ SQL ] SHOW COLUMNS FROM `fa_access_log` [ RunTime:0.006253s ]
[ sql ] [ SQL ] INSERT INTO `fa_access_log` (`user_id` , `url` , `from_url` , `ip` , `useragent` , `createtime`) VALUES (0 , '/' , 'index' , '203.208.60.19' , 'Mozilla/5.0 (Linux; Android 6.0.1; Nexus 5X Build/MMB29P) AppleWebKit/537.36 (KHTML, like Gecko) Chrome/41.0.2272.96 Mobile Safari/537.36 (compatible; Googlebot/2.1; +http://www.google.com/bot.html)' , 1539943603) [ RunTime:0.019075s ]
[ sql ] [ SQL ] SELECT * FROM `fa_category` WHERE  (  `type` = 'header' ) ORDER BY `weigh` DESC [ RunTime:0.005790s ]
[ sql ] [ SQL ] SELECT * FROM `fa_category` WHERE  (  `type` = 'banner' ) ORDER BY `weigh` DESC [ RunTime:0.005843s ]
[ sql ] [ SQL ] SELECT * FROM `fa_category` WHERE  (  `type` = 'index1' ) ORDER BY `weigh` DESC [ RunTime:0.005800s ]
[ sql ] [ SQL ] SHOW COLUMNS FROM `fa_videos` [ RunTime:0.006273s ]
[ sql ] [ SQL ] SELECT COUNT(*) AS tp_count FROM `fa_videos` WHERE  `type` = 'index1' LIMIT 1 [ RunTime:0.005751s ]
[ sql ] [ SQL ] SELECT * FROM `fa_videos` WHERE  `type` = 'index1' ORDER BY `id` DESC LIMIT 0,10 [ RunTime:0.005804s ]
[ sql ] [ SQL ] SELECT * FROM `fa_category` WHERE  (  `type` = 'index2' ) ORDER BY `weigh` DESC [ RunTime:0.005781s ]
[ sql ] [ SQL ] SELECT COUNT(*) AS tp_count FROM `fa_videos` WHERE  `type` = 'index2' LIMIT 1 [ RunTime:0.005775s ]
[ sql ] [ SQL ] SELECT * FROM `fa_videos` WHERE  `type` = 'index2' ORDER BY `id` DESC LIMIT 0,10 [ RunTime:0.005793s ]
[ sql ] [ SQL ] SELECT * FROM `fa_category` WHERE  (  `type` = 'index3' ) ORDER BY `weigh` DESC [ RunTime:0.005756s ]
[ sql ] [ SQL ] SELECT COUNT(*) AS tp_count FROM `fa_videos` WHERE  `type` = 'index3' LIMIT 1 [ RunTime:0.005937s ]
[ sql ] [ SQL ] SELECT * FROM `fa_videos` WHERE  `type` = 'index3' ORDER BY `id` DESC LIMIT 0,10 [ RunTime:0.005873s ]
[ sql ] [ SQL ] SHOW COLUMNS FROM `fa_area` [ RunTime:0.006111s ]
[ sql ] [ SQL ] SELECT * FROM `fa_area` WHERE  `status` = 1 [ RunTime:0.005809s ]
[ sql ] [ SQL ] SHOW COLUMNS FROM `fa_cate` [ RunTime:0.006272s ]
[ sql ] [ SQL ] SELECT * FROM `fa_cate` WHERE  `status` = 1 [ RunTime:0.005732s ]
[ sql ] [ SQL ] SHOW COLUMNS FROM `fa_trans` [ RunTime:0.006041s ]
[ sql ] [ SQL ] SELECT name,count(name) as num FROM `fa_trans` GROUP BY `name` ORDER BY `hots` DESC LIMIT 6 [ RunTime:0.005708s ]
---------------------------------------------------------------
[ 2018-10-19T18:06:45+08:00 ] 203.208.60.11 GET /assets/js/frontend/index.js?v=1539943602
[ info ] dage.gouwuduoduo.com/assets/js/frontend/index.js?v=1539943602 [运行时间：0.017514s][吞吐率：57.10req/s] [内存消耗：1,721.89kb] [文件加载：48]
[ info ] [ BEHAVIOR ] Run Closure @app_init [ RunTime:0.000020s ]
[ info ] [ CACHE ] INIT File
[ info ] [ BEHAVIOR ] Run Closure @app_init [ RunTime:0.000940s ]
[ info ] [ ROUTE ] array (
  'type' => 'module',
  'module' => 
  array (
    0 => '404',
    1 => NULL,
    2 => NULL,
  ),
)
[ info ] [ HEADER ] array (
  'accept-encoding' => 'gzip,deflate,br',
  'user-agent' => 'Mozilla/5.0 (Linux; Android 6.0.1; Nexus 5X Build/MMB29P) AppleWebKit/537.36 (KHTML, like Gecko) Chrome/41.0.2272.96 Mobile Safari/537.36 (compatible; Googlebot/2.1; +http://www.google.com/bot.html)',
  'from' => 'googlebot(at)googlebot.com',
  'accept' => '*/*',
  'connection' => 'keep-alive',
  'accept-language' => 'en-US',
  'referer' => 'http://dage.gouwuduoduo.com/',
  'host' => 'dage.gouwuduoduo.com',
  'content-type' => '',
  'content-length' => '',
)
[ info ] [ PARAM ] array (
)
[ info ] [ LOG ] INIT File
---------------------------------------------------------------
[ 2018-10-19T18:36:40+08:00 ] 203.208.60.8 GET /index/index/show.html?id=178
[ info ] dage.gouwuduoduo.com/index/index/show.html?id=178 [运行时间：0.198230s][吞吐率：5.04req/s] [内存消耗：3,543.38kb] [文件加载：79]
[ info ] [ BEHAVIOR ] Run Closure @app_init [ RunTime:0.000028s ]
[ info ] [ CACHE ] INIT File
[ info ] [ BEHAVIOR ] Run Closure @app_init [ RunTime:0.001717s ]
[ info ] [ LANG ] /www/wwwroot/dage.gouwuduoduo.com/thinkphp/lang/zh-cn.php
[ info ] [ ROUTE ] array (
  'type' => 'module',
  'module' => 
  array (
    0 => 'index',
    1 => 'index',
    2 => 'show',
  ),
)
[ info ] [ HEADER ] array (
  'if-modified-since' => 'Mon, 03 Sep 2018 13:56:36 GMT',
  'accept-encoding' => 'gzip,deflate,br',
  'user-agent' => 'Mozilla/5.0 (compatible; Googlebot/2.1; +http://www.google.com/bot.html)',
  'from' => 'googlebot(at)googlebot.com',
  'accept' => 'text/html,application/xhtml+xml,application/xml;q=0.9,*/*;q=0.8',
  'connection' => 'keep-alive',
  'host' => 'dage.gouwuduoduo.com',
  'content-type' => '',
  'content-length' => '',
)
[ info ] [ PARAM ] array (
  'id' => '178',
)
[ info ] [ LANG ] /www/wwwroot/dage.gouwuduoduo.com/public/../application/index/lang/zh-cn.php
[ info ] [ BEHAVIOR ] Run app\common\behavior\Common @module_init [ RunTime:0.000478s ]
[ info ] [ LANG ] /www/wwwroot/dage.gouwuduoduo.com/public/../application/index/lang/zh-cn/index.php
[ info ] [ DB ] INIT mysql
[ info ] [ RUN ] app\index\controller\Index->show[ /www/wwwroot/dage.gouwuduoduo.com/application/index/controller/Index.php ]
[ info ] [ VIEW ] /www/wwwroot/dage.gouwuduoduo.com/public/../application/index/view/index/show.html [ array (
  0 => 'user',
  1 => 'site',
  2 => 'config',
  3 => 'footer',
  4 => 'controller',
  5 => 'header',
  6 => 'data_left',
  7 => 'data_list',
  8 => 'title',
  9 => 'url_path',
  10 => 'data',
) ]
[ info ] [ LOG ] INIT File
[ sql ] [ DB ] CONNECT:[ UseTime:0.008796s ] mysql:host=47.94.166.69;dbname=dage_gouwuduodu;charset=utf8
[ sql ] [ SQL ] SHOW COLUMNS FROM `fa_category` [ RunTime:0.006485s ]
[ sql ] [ SQL ] SELECT * FROM `fa_category` WHERE  (  `type` = 'footer' ) ORDER BY `weigh` DESC [ RunTime:0.005968s ]
[ sql ] [ SQL ] SHOW COLUMNS FROM `fa_access_log` [ RunTime:0.006249s ]
[ sql ] [ SQL ] INSERT INTO `fa_access_log` (`user_id` , `url` , `from_url` , `ip` , `useragent` , `createtime`) VALUES (0 , 'index/index/show.html' , 'show' , '203.208.60.8' , 'Mozilla/5.0 (compatible; Googlebot/2.1; +http://www.google.com/bot.html)' , 1539945400) [ RunTime:0.012058s ]
[ sql ] [ SQL ] SELECT * FROM `fa_category` WHERE  (  `type` = 'header' ) ORDER BY `weigh` DESC [ RunTime:0.005818s ]
[ sql ] [ SQL ] SHOW COLUMNS FROM `fa_videos` [ RunTime:0.006307s ]
[ sql ] [ SQL ] SELECT * FROM `fa_videos` WHERE  `id` = 178 LIMIT 1 [ RunTime:0.005910s ]
[ sql ] [ SQL ] UPDATE `fa_videos`  SET `hits`=`hits`+1  WHERE  `id` = 178 [ RunTime:0.036923s ]
[ sql ] [ SQL ] SHOW COLUMNS FROM `fa_cate` [ RunTime:0.006268s ]
[ sql ] [ SQL ] SELECT `title` FROM `fa_cate` WHERE  `status` = 1  AND `id` = 1 LIMIT 1 [ RunTime:0.005764s ]
[ sql ] [ SQL ] SHOW COLUMNS FROM `fa_area` [ RunTime:0.006136s ]
[ sql ] [ SQL ] SELECT `title` FROM `fa_area` WHERE  `status` = 1  AND `id` = 1 LIMIT 1 [ RunTime:0.005894s ]
[ sql ] [ SQL ] SHOW COLUMNS FROM `fa_trans` [ RunTime:0.006197s ]
[ sql ] [ SQL ] SELECT * FROM `fa_trans` WHERE  `v_id` = 178 [ RunTime:0.005892s ]
[ sql ] [ SQL ] SELECT COUNT(*) AS tp_count FROM `fa_videos` WHERE  `area_id` = 1  AND `status` = 1 LIMIT 1 [ RunTime:0.005882s ]
[ sql ] [ SQL ] SELECT * FROM `fa_videos` WHERE  `area_id` = 1  AND `status` = 1 ORDER BY `hits` DESC LIMIT 0,6 [ RunTime:0.006142s ]
[ sql ] [ SQL ] SELECT * FROM `fa_videos` WHERE  `status` = 1 ORDER BY rand() LIMIT 10 [ RunTime:0.006236s ]
---------------------------------------------------------------
[ 2018-10-19T18:36:48+08:00 ] 203.208.60.50 GET /index/ajax/lang?callback=define&controllername=index&v=1539648000
[ info ] dage.gouwuduoduo.com/index/ajax/lang?callback=define&controllername=index&v=1539648000 [运行时间：0.022242s][吞吐率：44.96req/s] [内存消耗：2,413.80kb] [文件加载：60]
[ info ] [ BEHAVIOR ] Run Closure @app_init [ RunTime:0.000020s ]
[ info ] [ CACHE ] INIT File
[ info ] [ BEHAVIOR ] Run Closure @app_init [ RunTime:0.000895s ]
[ info ] [ ROUTE ] array (
  'type' => 'module',
  'module' => 
  array (
    0 => 'index',
    1 => 'ajax',
    2 => 'lang',
  ),
)
[ info ] [ HEADER ] array (
  'accept-encoding' => 'gzip,deflate,br',
  'user-agent' => 'Mozilla/5.0 AppleWebKit/537.36 (KHTML, like Gecko; compatible; Googlebot/2.1; +http://www.google.com/bot.html) Safari/537.36',
  'from' => 'googlebot(at)googlebot.com',
  'accept' => '*/*',
  'connection' => 'keep-alive',
  'accept-language' => 'en-US',
  'referer' => 'http://dage.gouwuduoduo.com/index/index/show.html?id=178',
  'host' => 'dage.gouwuduoduo.com',
  'content-type' => '',
  'content-length' => '',
)
[ info ] [ PARAM ] array (
  'callback' => 'define',
  'controllername' => 'index',
  'v' => '1539648000',
)
[ info ] [ BEHAVIOR ] Run app\common\behavior\Common @module_init [ RunTime:0.000194s ]
[ info ] [ RUN ] app\index\controller\Ajax->lang[ /www/wwwroot/dage.gouwuduoduo.com/application/index/controller/Ajax.php ]
[ info ] [ LOG ] INIT File
---------------------------------------------------------------
[ 2018-10-19T18:36:53+08:00 ] 203.208.60.111 GET /assets/js/frontend/index.js?v=1539648000
[ info ] dage.gouwuduoduo.com/assets/js/frontend/index.js?v=1539648000 [运行时间：0.016588s][吞吐率：60.28req/s] [内存消耗：1,721.59kb] [文件加载：48]
[ info ] [ BEHAVIOR ] Run Closure @app_init [ RunTime:0.000020s ]
[ info ] [ CACHE ] INIT File
[ info ] [ BEHAVIOR ] Run Closure @app_init [ RunTime:0.000963s ]
[ info ] [ ROUTE ] array (
  'type' => 'module',
  'module' => 
  array (
    0 => '404',
    1 => NULL,
    2 => NULL,
  ),
)
[ info ] [ HEADER ] array (
  'accept-encoding' => 'gzip,deflate,br',
  'user-agent' => 'Mozilla/5.0 AppleWebKit/537.36 (KHTML, like Gecko; compatible; Googlebot/2.1; +http://www.google.com/bot.html) Safari/537.36',
  'from' => 'googlebot(at)googlebot.com',
  'accept' => '*/*',
  'connection' => 'keep-alive',
  'accept-language' => 'en-US',
  'referer' => 'http://dage.gouwuduoduo.com/index/index/show.html?id=178',
  'host' => 'dage.gouwuduoduo.com',
  'content-type' => '',
  'content-length' => '',
)
[ info ] [ PARAM ] array (
)
[ info ] [ LOG ] INIT File
---------------------------------------------------------------
[ 2018-10-19T18:36:54+08:00 ] 203.208.60.4 GET /assets/js/frontend/index.js?v=1539945400
[ info ] dage.gouwuduoduo.com/assets/js/frontend/index.js?v=1539945400 [运行时间：0.017218s][吞吐率：58.08req/s] [内存消耗：1,721.59kb] [文件加载：48]
[ info ] [ BEHAVIOR ] Run Closure @app_init [ RunTime:0.000020s ]
[ info ] [ CACHE ] INIT File
[ info ] [ BEHAVIOR ] Run Closure @app_init [ RunTime:0.001076s ]
[ info ] [ ROUTE ] array (
  'type' => 'module',
  'module' => 
  array (
    0 => '404',
    1 => NULL,
    2 => NULL,
  ),
)
[ info ] [ HEADER ] array (
  'accept-encoding' => 'gzip,deflate,br',
  'user-agent' => 'Mozilla/5.0 AppleWebKit/537.36 (KHTML, like Gecko; compatible; Googlebot/2.1; +http://www.google.com/bot.html) Safari/537.36',
  'from' => 'googlebot(at)googlebot.com',
  'accept' => '*/*',
  'connection' => 'keep-alive',
  'accept-language' => 'en-US',
  'referer' => 'http://dage.gouwuduoduo.com/index/index/show.html?id=178',
  'host' => 'dage.gouwuduoduo.com',
  'content-type' => '',
  'content-length' => '',
)
[ info ] [ PARAM ] array (
)
[ info ] [ LOG ] INIT File
