---------------------------------------------------------------
[ 2018-10-26T01:44:09+08:00 ] 203.208.60.48 GET /index/index/list.html?page=2
[ info ] dage.gouwuduoduo.com/index/index/list.html?page=2 [运行时间：0.133230s][吞吐率：7.51req/s] [内存消耗：3,582.63kb] [文件加载：76]
[ info ] [ BEHAVIOR ] Run Closure @app_init [ RunTime:0.000028s ]
[ info ] [ CACHE ] INIT File
[ info ] [ BEHAVIOR ] Run Closure @app_init [ RunTime:0.001819s ]
[ info ] [ LANG ] /www/wwwroot/dage.gouwuduoduo.com/thinkphp/lang/zh-cn.php
[ info ] [ ROUTE ] array (
  'type' => 'module',
  'module' => 
  array (
    0 => 'index',
    1 => 'index',
    2 => 'list',
  ),
)
[ info ] [ HEADER ] array (
  'if-modified-since' => 'Mon, 03 Sep 2018 13:34:37 GMT',
  'accept-encoding' => 'gzip,deflate,br',
  'user-agent' => 'Mozilla/5.0 (compatible; Googlebot/2.1; +http://www.google.com/bot.html)',
  'from' => 'googlebot(at)googlebot.com',
  'accept' => 'text/html,application/xhtml+xml,application/xml;q=0.9,*/*;q=0.8',
  'connection' => 'keep-alive',
  'host' => 'dage.gouwuduoduo.com',
  'content-type' => '',
  'content-length' => '',
)
[ info ] [ PARAM ] array (
  'page' => '2',
)
[ info ] [ LANG ] /www/wwwroot/dage.gouwuduoduo.com/public/../application/index/lang/zh-cn.php
[ info ] [ BEHAVIOR ] Run app\common\behavior\Common @module_init [ RunTime:0.000196s ]
[ info ] [ LANG ] /www/wwwroot/dage.gouwuduoduo.com/public/../application/index/lang/zh-cn/index.php
[ info ] [ DB ] INIT mysql
[ info ] [ RUN ] app\index\controller\Index->list[ /www/wwwroot/dage.gouwuduoduo.com/application/index/controller/Index.php ]
[ info ] [ VIEW ] /www/wwwroot/dage.gouwuduoduo.com/public/../application/index/view/index/list.html [ array (
  0 => 'user',
  1 => 'site',
  2 => 'config',
  3 => 'footer',
  4 => 'controller',
  5 => 'header',
  6 => 'area_id',
  7 => 'cate_id',
  8 => 'sorts',
  9 => 'cate_url',
  10 => 'area_url',
  11 => 'sort_url',
  12 => 'title',
  13 => 'select_area',
  14 => 'select_cate',
  15 => 'page',
  16 => 'data',
) ]
[ info ] [ LOG ] INIT File
[ sql ] [ DB ] CONNECT:[ UseTime:0.010630s ] mysql:host=47.94.166.69;dbname=dage_gouwuduodu;charset=utf8
[ sql ] [ SQL ] SHOW COLUMNS FROM `fa_category` [ RunTime:0.007830s ]
[ sql ] [ SQL ] SELECT * FROM `fa_category` WHERE  (  `type` = 'footer' ) ORDER BY `weigh` DESC [ RunTime:0.006732s ]
[ sql ] [ SQL ] SHOW COLUMNS FROM `fa_access_log` [ RunTime:0.006948s ]
[ sql ] [ SQL ] INSERT INTO `fa_access_log` (`user_id` , `url` , `from_url` , `ip` , `useragent` , `createtime`) VALUES (0 , 'index/index/list.html' , 'list' , '203.208.60.48' , 'Mozilla/5.0 (compatible; Googlebot/2.1; +http://www.google.com/bot.html)' , 1540489449) [ RunTime:0.012916s ]
[ sql ] [ SQL ] SELECT * FROM `fa_category` WHERE  (  `type` = 'header' ) ORDER BY `weigh` DESC [ RunTime:0.006250s ]
[ sql ] [ SQL ] SHOW COLUMNS FROM `fa_area` [ RunTime:0.006602s ]
[ sql ] [ SQL ] SELECT * FROM `fa_area` WHERE  `status` = 1 [ RunTime:0.006231s ]
[ sql ] [ SQL ] SHOW COLUMNS FROM `fa_cate` [ RunTime:0.006532s ]
[ sql ] [ SQL ] SELECT * FROM `fa_cate` WHERE  `status` = 1 [ RunTime:0.006185s ]
[ sql ] [ SQL ] SHOW COLUMNS FROM `fa_videos` [ RunTime:0.006543s ]
[ sql ] [ SQL ] SELECT COUNT(*) AS tp_count FROM `fa_videos` WHERE  `status` = 1 LIMIT 1 [ RunTime:0.006376s ]
[ sql ] [ SQL ] SELECT * FROM `fa_videos` WHERE  `status` = 1 ORDER BY `id` DESC LIMIT 60,60 [ RunTime:0.006429s ]
---------------------------------------------------------------
[ 2018-10-26T01:44:13+08:00 ] 203.208.60.80 GET /index/index/list.html?page=2
[ info ] dage.gouwuduoduo.com/index/index/list.html?page=2 [运行时间：0.108004s][吞吐率：9.26req/s] [内存消耗：3,582.63kb] [文件加载：76]
[ info ] [ BEHAVIOR ] Run Closure @app_init [ RunTime:0.000022s ]
[ info ] [ CACHE ] INIT File
[ info ] [ BEHAVIOR ] Run Closure @app_init [ RunTime:0.001034s ]
[ info ] [ LANG ] /www/wwwroot/dage.gouwuduoduo.com/thinkphp/lang/zh-cn.php
[ info ] [ ROUTE ] array (
  'type' => 'module',
  'module' => 
  array (
    0 => 'index',
    1 => 'index',
    2 => 'list',
  ),
)
[ info ] [ HEADER ] array (
  'if-modified-since' => 'Mon, 03 Sep 2018 13:34:37 GMT',
  'accept-encoding' => 'gzip,deflate,br',
  'user-agent' => 'Mozilla/5.0 (compatible; Googlebot/2.1; +http://www.google.com/bot.html)',
  'from' => 'googlebot(at)googlebot.com',
  'accept' => 'text/html,application/xhtml+xml,application/xml;q=0.9,*/*;q=0.8',
  'connection' => 'keep-alive',
  'host' => 'dage.gouwuduoduo.com',
  'content-type' => '',
  'content-length' => '',
)
[ info ] [ PARAM ] array (
  'page' => '2',
)
[ info ] [ LANG ] /www/wwwroot/dage.gouwuduoduo.com/public/../application/index/lang/zh-cn.php
[ info ] [ BEHAVIOR ] Run app\common\behavior\Common @module_init [ RunTime:0.000215s ]
[ info ] [ LANG ] /www/wwwroot/dage.gouwuduoduo.com/public/../application/index/lang/zh-cn/index.php
[ info ] [ DB ] INIT mysql
[ info ] [ RUN ] app\index\controller\Index->list[ /www/wwwroot/dage.gouwuduoduo.com/application/index/controller/Index.php ]
[ info ] [ VIEW ] /www/wwwroot/dage.gouwuduoduo.com/public/../application/index/view/index/list.html [ array (
  0 => 'user',
  1 => 'site',
  2 => 'config',
  3 => 'footer',
  4 => 'controller',
  5 => 'header',
  6 => 'area_id',
  7 => 'cate_id',
  8 => 'sorts',
  9 => 'cate_url',
  10 => 'area_url',
  11 => 'sort_url',
  12 => 'title',
  13 => 'select_area',
  14 => 'select_cate',
  15 => 'page',
  16 => 'data',
) ]
[ info ] [ LOG ] INIT File
[ sql ] [ DB ] CONNECT:[ UseTime:0.006860s ] mysql:host=47.94.166.69;dbname=dage_gouwuduodu;charset=utf8
[ sql ] [ SQL ] SHOW COLUMNS FROM `fa_category` [ RunTime:0.005240s ]
[ sql ] [ SQL ] SELECT * FROM `fa_category` WHERE  (  `type` = 'footer' ) ORDER BY `weigh` DESC [ RunTime:0.004386s ]
[ sql ] [ SQL ] SHOW COLUMNS FROM `fa_access_log` [ RunTime:0.004678s ]
[ sql ] [ SQL ] INSERT INTO `fa_access_log` (`user_id` , `url` , `from_url` , `ip` , `useragent` , `createtime`) VALUES (0 , 'index/index/list.html' , 'list' , '203.208.60.80' , 'Mozilla/5.0 (compatible; Googlebot/2.1; +http://www.google.com/bot.html)' , 1540489453) [ RunTime:0.010966s ]
[ sql ] [ SQL ] SELECT * FROM `fa_category` WHERE  (  `type` = 'header' ) ORDER BY `weigh` DESC [ RunTime:0.004463s ]
[ sql ] [ SQL ] SHOW COLUMNS FROM `fa_area` [ RunTime:0.004733s ]
[ sql ] [ SQL ] SELECT * FROM `fa_area` WHERE  `status` = 1 [ RunTime:0.004348s ]
[ sql ] [ SQL ] SHOW COLUMNS FROM `fa_cate` [ RunTime:0.004720s ]
[ sql ] [ SQL ] SELECT * FROM `fa_cate` WHERE  `status` = 1 [ RunTime:0.005242s ]
[ sql ] [ SQL ] SHOW COLUMNS FROM `fa_videos` [ RunTime:0.005599s ]
[ sql ] [ SQL ] SELECT COUNT(*) AS tp_count FROM `fa_videos` WHERE  `status` = 1 LIMIT 1 [ RunTime:0.004334s ]
[ sql ] [ SQL ] SELECT * FROM `fa_videos` WHERE  `status` = 1 ORDER BY `id` DESC LIMIT 60,60 [ RunTime:0.004978s ]
---------------------------------------------------------------
[ 2018-10-26T01:44:21+08:00 ] 203.208.60.23 GET /assets/js/frontend/index.js?v=1539648000
[ info ] dage.gouwuduoduo.com/assets/js/frontend/index.js?v=1539648000 [运行时间：0.016482s][吞吐率：60.67req/s] [内存消耗：1,721.59kb] [文件加载：48]
[ info ] [ BEHAVIOR ] Run Closure @app_init [ RunTime:0.000023s ]
[ info ] [ CACHE ] INIT File
[ info ] [ BEHAVIOR ] Run Closure @app_init [ RunTime:0.000969s ]
[ info ] [ ROUTE ] array (
  'type' => 'module',
  'module' => 
  array (
    0 => '404',
    1 => NULL,
    2 => NULL,
  ),
)
[ info ] [ HEADER ] array (
  'accept-encoding' => 'gzip,deflate,br',
  'user-agent' => 'Mozilla/5.0 AppleWebKit/537.36 (KHTML, like Gecko; compatible; Googlebot/2.1; +http://www.google.com/bot.html) Safari/537.36',
  'from' => 'googlebot(at)googlebot.com',
  'accept' => '*/*',
  'connection' => 'keep-alive',
  'accept-language' => 'en-US',
  'referer' => 'http://dage.gouwuduoduo.com/index/index/list.html?page=2',
  'host' => 'dage.gouwuduoduo.com',
  'content-type' => '',
  'content-length' => '',
)
[ info ] [ PARAM ] array (
)
[ info ] [ LOG ] INIT File
---------------------------------------------------------------
[ 2018-10-26T01:44:21+08:00 ] 203.208.60.97 GET /assets/js/frontend/index.js?v=1540489453
[ info ] dage.gouwuduoduo.com/assets/js/frontend/index.js?v=1540489453 [运行时间：0.018954s][吞吐率：52.76req/s] [内存消耗：1,721.59kb] [文件加载：48]
[ info ] [ BEHAVIOR ] Run Closure @app_init [ RunTime:0.000032s ]
[ info ] [ CACHE ] INIT File
[ info ] [ BEHAVIOR ] Run Closure @app_init [ RunTime:0.001478s ]
[ info ] [ ROUTE ] array (
  'type' => 'module',
  'module' => 
  array (
    0 => '404',
    1 => NULL,
    2 => NULL,
  ),
)
[ info ] [ HEADER ] array (
  'accept-encoding' => 'gzip,deflate,br',
  'user-agent' => 'Mozilla/5.0 AppleWebKit/537.36 (KHTML, like Gecko; compatible; Googlebot/2.1; +http://www.google.com/bot.html) Safari/537.36',
  'from' => 'googlebot(at)googlebot.com',
  'accept' => '*/*',
  'connection' => 'keep-alive',
  'accept-language' => 'en-US',
  'referer' => 'http://dage.gouwuduoduo.com/index/index/list.html?page=2',
  'host' => 'dage.gouwuduoduo.com',
  'content-type' => '',
  'content-length' => '',
)
[ info ] [ PARAM ] array (
)
[ info ] [ LOG ] INIT File
---------------------------------------------------------------
[ 2018-10-26T08:14:33+08:00 ] 203.208.60.12 GET /index/index/show.html?id=169
[ info ] dage.gouwuduoduo.com/index/index/show.html?id=169 [运行时间：0.175374s][吞吐率：5.70req/s] [内存消耗：3,540.25kb] [文件加载：79]
[ info ] [ BEHAVIOR ] Run Closure @app_init [ RunTime:0.000019s ]
[ info ] [ CACHE ] INIT File
[ info ] [ BEHAVIOR ] Run Closure @app_init [ RunTime:0.001975s ]
[ info ] [ LANG ] /www/wwwroot/dage.gouwuduoduo.com/thinkphp/lang/zh-cn.php
[ info ] [ ROUTE ] array (
  'type' => 'module',
  'module' => 
  array (
    0 => 'index',
    1 => 'index',
    2 => 'show',
  ),
)
[ info ] [ HEADER ] array (
  'accept-encoding' => 'gzip,deflate,br',
  'user-agent' => 'Mozilla/5.0 (compatible; Googlebot/2.1; +http://www.google.com/bot.html)',
  'from' => 'googlebot(at)googlebot.com',
  'accept' => 'text/html,application/xhtml+xml,application/xml;q=0.9,*/*;q=0.8',
  'connection' => 'keep-alive',
  'host' => 'dage.gouwuduoduo.com',
  'content-type' => '',
  'content-length' => '',
)
[ info ] [ PARAM ] array (
  'id' => '169',
)
[ info ] [ LANG ] /www/wwwroot/dage.gouwuduoduo.com/public/../application/index/lang/zh-cn.php
[ info ] [ BEHAVIOR ] Run app\common\behavior\Common @module_init [ RunTime:0.000325s ]
[ info ] [ LANG ] /www/wwwroot/dage.gouwuduoduo.com/public/../application/index/lang/zh-cn/index.php
[ info ] [ DB ] INIT mysql
[ info ] [ RUN ] app\index\controller\Index->show[ /www/wwwroot/dage.gouwuduoduo.com/application/index/controller/Index.php ]
[ info ] [ VIEW ] /www/wwwroot/dage.gouwuduoduo.com/public/../application/index/view/index/show.html [ array (
  0 => 'user',
  1 => 'site',
  2 => 'config',
  3 => 'footer',
  4 => 'controller',
  5 => 'header',
  6 => 'data_left',
  7 => 'data_list',
  8 => 'title',
  9 => 'url_path',
  10 => 'data',
) ]
[ info ] [ LOG ] INIT File
[ sql ] [ DB ] CONNECT:[ UseTime:0.008530s ] mysql:host=47.94.166.69;dbname=dage_gouwuduodu;charset=utf8
[ sql ] [ SQL ] SHOW COLUMNS FROM `fa_category` [ RunTime:0.006414s ]
[ sql ] [ SQL ] SELECT * FROM `fa_category` WHERE  (  `type` = 'footer' ) ORDER BY `weigh` DESC [ RunTime:0.005524s ]
[ sql ] [ SQL ] SHOW COLUMNS FROM `fa_access_log` [ RunTime:0.005783s ]
[ sql ] [ SQL ] INSERT INTO `fa_access_log` (`user_id` , `url` , `from_url` , `ip` , `useragent` , `createtime`) VALUES (0 , 'index/index/show.html' , 'show' , '203.208.60.12' , 'Mozilla/5.0 (compatible; Googlebot/2.1; +http://www.google.com/bot.html)' , 1540512873) [ RunTime:0.012666s ]
[ sql ] [ SQL ] SELECT * FROM `fa_category` WHERE  (  `type` = 'header' ) ORDER BY `weigh` DESC [ RunTime:0.005482s ]
[ sql ] [ SQL ] SHOW COLUMNS FROM `fa_videos` [ RunTime:0.005892s ]
[ sql ] [ SQL ] SELECT * FROM `fa_videos` WHERE  `id` = 169 LIMIT 1 [ RunTime:0.005518s ]
[ sql ] [ SQL ] UPDATE `fa_videos`  SET `hits`=`hits`+1  WHERE  `id` = 169 [ RunTime:0.010249s ]
[ sql ] [ SQL ] SHOW COLUMNS FROM `fa_cate` [ RunTime:0.005879s ]
[ sql ] [ SQL ] SELECT `title` FROM `fa_cate` WHERE  `status` = 1  AND `id` = 1 LIMIT 1 [ RunTime:0.005431s ]
[ sql ] [ SQL ] SHOW COLUMNS FROM `fa_area` [ RunTime:0.005971s ]
[ sql ] [ SQL ] SELECT `title` FROM `fa_area` WHERE  `status` = 1  AND `id` = 1 LIMIT 1 [ RunTime:0.005506s ]
[ sql ] [ SQL ] SHOW COLUMNS FROM `fa_trans` [ RunTime:0.005916s ]
[ sql ] [ SQL ] SELECT * FROM `fa_trans` WHERE  `v_id` = 169 [ RunTime:0.005642s ]
[ sql ] [ SQL ] SELECT COUNT(*) AS tp_count FROM `fa_videos` WHERE  `area_id` = 1  AND `status` = 1 LIMIT 1 [ RunTime:0.005707s ]
[ sql ] [ SQL ] SELECT * FROM `fa_videos` WHERE  `area_id` = 1  AND `status` = 1 ORDER BY `hits` DESC LIMIT 0,6 [ RunTime:0.006066s ]
[ sql ] [ SQL ] SELECT * FROM `fa_videos` WHERE  `status` = 1 ORDER BY rand() LIMIT 10 [ RunTime:0.006092s ]
---------------------------------------------------------------
[ 2018-10-26T08:14:40+08:00 ] 203.208.60.57 GET /assets/js/frontend/index.js?v=1540512873
[ info ] dage.gouwuduoduo.com/assets/js/frontend/index.js?v=1540512873 [运行时间：0.019993s][吞吐率：50.02req/s] [内存消耗：1,721.59kb] [文件加载：48]
[ info ] [ BEHAVIOR ] Run Closure @app_init [ RunTime:0.000021s ]
[ info ] [ CACHE ] INIT File
[ info ] [ BEHAVIOR ] Run Closure @app_init [ RunTime:0.001001s ]
[ info ] [ ROUTE ] array (
  'type' => 'module',
  'module' => 
  array (
    0 => '404',
    1 => NULL,
    2 => NULL,
  ),
)
[ info ] [ HEADER ] array (
  'accept-encoding' => 'gzip,deflate,br',
  'user-agent' => 'Mozilla/5.0 AppleWebKit/537.36 (KHTML, like Gecko; compatible; Googlebot/2.1; +http://www.google.com/bot.html) Safari/537.36',
  'from' => 'googlebot(at)googlebot.com',
  'accept' => '*/*',
  'connection' => 'keep-alive',
  'accept-language' => 'en-US',
  'referer' => 'http://dage.gouwuduoduo.com/index/index/show.html?id=169',
  'host' => 'dage.gouwuduoduo.com',
  'content-type' => '',
  'content-length' => '',
)
[ info ] [ PARAM ] array (
)
[ info ] [ LOG ] INIT File
