---------------------------------------------------------------
[ 2018-10-28T16:49:05+08:00 ] 223.104.3.246 GET /index/mobile/index
[ info ] dage.gouwuduoduo.com/index/mobile/index [运行时间：0.324540s][吞吐率：3.08req/s] [内存消耗：3,520.36kb] [文件加载：74]
[ info ] [ BEHAVIOR ] Run Closure @app_init [ RunTime:0.000023s ]
[ info ] [ CACHE ] INIT File
[ info ] [ BEHAVIOR ] Run Closure @app_init [ RunTime:0.002673s ]
[ info ] [ LANG ] /www/wwwroot/dage.gouwuduoduo.com/thinkphp/lang/zh-cn.php
[ info ] [ ROUTE ] array (
  'type' => 'module',
  'module' => 
  array (
    0 => 'index',
    1 => 'mobile',
    2 => 'index',
  ),
)
[ info ] [ HEADER ] array (
  'connection' => 'keep-alive',
  'accept-encoding' => 'gzip, deflate',
  'accept-language' => 'zh-cn',
  'user-agent' => 'Mozilla/5.0 (iPhone; CPU iPhone OS 12_0_1 like Mac OS X) AppleWebKit/605.1.15 (KHTML, like Gecko) FxiOS/14.0b12646 Mobile/16A404 Safari/605.1.15',
  'cookie' => 'UM_distinctid=165b4b1fb423ab-0078bed733e962-1a1b5c0b-4a640-165b4b1fb4797a',
  'upgrade-insecure-requests' => '1',
  'accept' => 'text/html,application/xhtml+xml,application/xml;q=0.9,*/*;q=0.8',
  'host' => 'dage.gouwuduoduo.com',
  'content-type' => '',
  'content-length' => '',
)
[ info ] [ PARAM ] array (
)
[ info ] [ LANG ] /www/wwwroot/dage.gouwuduoduo.com/public/../application/index/lang/zh-cn.php
[ info ] [ BEHAVIOR ] Run app\common\behavior\Common @module_init [ RunTime:0.000460s ]
[ info ] [ DB ] INIT mysql
[ info ] [ RUN ] app\index\controller\Mobile->index[ /www/wwwroot/dage.gouwuduoduo.com/application/index/controller/Mobile.php ]
[ info ] [ VIEW ] /www/wwwroot/dage.gouwuduoduo.com/public/../application/index/view/mobile/index.html [ array (
  0 => 'user',
  1 => 'site',
  2 => 'config',
  3 => 'title',
  4 => 'data',
) ]
[ info ] [ LOG ] INIT File
[ sql ] [ DB ] CONNECT:[ UseTime:0.058800s ] mysql:host=47.94.166.69;dbname=dage_gouwuduodu;charset=utf8
[ sql ] [ SQL ] SHOW COLUMNS FROM `fa_access_log` [ RunTime:0.006144s ]
[ sql ] [ SQL ] INSERT INTO `fa_access_log` (`user_id` , `url` , `from_url` , `ip` , `useragent` , `createtime`) VALUES (0 , 'index/mobile/index' , 'index' , '223.104.3.246' , 'Mozilla/5.0 (iPhone; CPU iPhone OS 12_0_1 like Mac OS X) AppleWebKit/605.1.15 (KHTML, like Gecko) FxiOS/14.0b12646 Mobile/16A404 Safari/605.1.15' , 1540716545) [ RunTime:0.029567s ]
[ sql ] [ SQL ] SHOW COLUMNS FROM `fa_videos` [ RunTime:0.006071s ]
[ sql ] [ SQL ] SELECT COUNT(*) AS tp_count FROM `fa_videos` WHERE  `status` = 1 LIMIT 1 [ RunTime:0.005626s ]
[ sql ] [ SQL ] SELECT * FROM `fa_videos` WHERE  `status` = 1 ORDER BY `id` DESC LIMIT 0,100 [ RunTime:0.008462s ]
---------------------------------------------------------------
[ 2018-10-28T16:49:05+08:00 ] 223.104.3.246 GET /index/mobile/favicon.ico
[ info ] dage.gouwuduoduo.com/index/mobile/favicon.ico [运行时间：0.092370s][吞吐率：10.83req/s] [内存消耗：3,239.98kb] [文件加载：72]
[ info ] [ BEHAVIOR ] Run Closure @app_init [ RunTime:0.000024s ]
[ info ] [ CACHE ] INIT File
[ info ] [ BEHAVIOR ] Run Closure @app_init [ RunTime:0.001002s ]
[ info ] [ LANG ] /www/wwwroot/dage.gouwuduoduo.com/thinkphp/lang/zh-cn.php
[ info ] [ ROUTE ] array (
  'type' => 'module',
  'module' => 
  array (
    0 => 'index',
    1 => 'mobile',
    2 => 'favicon.ico',
  ),
)
[ info ] [ HEADER ] array (
  'user-agent' => 'Mozilla/5.0 (iPhone; CPU iPhone OS 12_0_1 like Mac OS X) AppleWebKit/605.1.15 (KHTML, like Gecko) FxiOS/14.0b12646 Mobile/16A404 Safari/605.1.15',
  'accept-encoding' => 'gzip, deflate',
  'connection' => 'keep-alive',
  'accept-language' => 'zh-cn',
  'accept' => 'image/webp,image/*;q=0.8',
  'host' => 'dage.gouwuduoduo.com',
  'content-type' => '',
  'content-length' => '',
)
[ info ] [ PARAM ] array (
)
[ info ] [ LANG ] /www/wwwroot/dage.gouwuduoduo.com/public/../application/index/lang/zh-cn.php
[ info ] [ BEHAVIOR ] Run app\common\behavior\Common @module_init [ RunTime:0.000208s ]
[ info ] [ DB ] INIT mysql
[ info ] [ LOG ] INIT File
[ sql ] [ DB ] CONNECT:[ UseTime:0.008949s ] mysql:host=47.94.166.69;dbname=dage_gouwuduodu;charset=utf8
[ sql ] [ SQL ] SHOW COLUMNS FROM `fa_access_log` [ RunTime:0.006509s ]
[ sql ] [ SQL ] INSERT INTO `fa_access_log` (`user_id` , `url` , `from_url` , `ip` , `useragent` , `createtime`) VALUES (0 , 'index/mobile/favicon.ico' , 'favicon.ico' , '223.104.3.246' , 'Mozilla/5.0 (iPhone; CPU iPhone OS 12_0_1 like Mac OS X) AppleWebKit/605.1.15 (KHTML, like Gecko) FxiOS/14.0b12646 Mobile/16A404 Safari/605.1.15' , 1540716545) [ RunTime:0.012350s ]
---------------------------------------------------------------
[ 2018-10-28T16:49:05+08:00 ] 223.104.3.246 GET /index/mobile/favicon.ico
[ info ] dage.gouwuduoduo.com/index/mobile/favicon.ico [运行时间：0.019574s][吞吐率：51.09req/s] [内存消耗：1,738.70kb] [文件加载：49]
[ info ] [ BEHAVIOR ] Run Closure @app_init [ RunTime:0.000024s ]
[ info ] [ CACHE ] INIT File
[ info ] [ BEHAVIOR ] Run Closure @app_init [ RunTime:0.000997s ]
[ info ] [ LANG ] /www/wwwroot/dage.gouwuduoduo.com/thinkphp/lang/zh-cn.php
[ info ] [ ROUTE ] array (
  'type' => 'module',
  'module' => 
  array (
    0 => '404',
    1 => NULL,
    2 => NULL,
  ),
)
[ info ] [ HEADER ] array (
  'user-agent' => 'Mozilla/5.0 (iPhone; CPU iPhone OS 12_0_1 like Mac OS X) AppleWebKit/605.1.15 (KHTML, like Gecko) FxiOS/14.0b12646 Mobile/16A404 Safari/605.1.15',
  'accept-encoding' => 'gzip, deflate',
  'connection' => 'keep-alive',
  'accept-language' => 'zh-cn',
  'accept' => 'image/webp,image/*;q=0.8',
  'host' => 'dage.gouwuduoduo.com',
  'content-type' => '',
  'content-length' => '',
)
[ info ] [ PARAM ] array (
)
[ info ] [ LOG ] INIT File
---------------------------------------------------------------
[ 2018-10-28T16:49:06+08:00 ] 223.104.3.246 GET /favicon.ico
[ info ] dage.gouwuduoduo.com/favicon.ico [运行时间：0.028530s][吞吐率：35.05req/s] [内存消耗：1,738.63kb] [文件加载：49]
[ info ] [ BEHAVIOR ] Run Closure @app_init [ RunTime:0.000028s ]
[ info ] [ CACHE ] INIT File
[ info ] [ BEHAVIOR ] Run Closure @app_init [ RunTime:0.001181s ]
[ info ] [ LANG ] /www/wwwroot/dage.gouwuduoduo.com/thinkphp/lang/zh-cn.php
[ info ] [ ROUTE ] array (
  'type' => 'module',
  'module' => 
  array (
    0 => 'favicon.ico',
    1 => NULL,
    2 => NULL,
  ),
)
[ info ] [ HEADER ] array (
  'user-agent' => 'Mozilla/5.0 (iPhone; CPU iPhone OS 12_0_1 like Mac OS X) AppleWebKit/605.1.15 (KHTML, like Gecko) FxiOS/14.0b12646 Mobile/16A404 Safari/605.1.15',
  'accept-encoding' => 'gzip, deflate',
  'connection' => 'keep-alive',
  'accept-language' => 'zh-cn',
  'accept' => 'image/webp,image/*;q=0.8',
  'host' => 'dage.gouwuduoduo.com',
  'content-type' => '',
  'content-length' => '',
)
[ info ] [ PARAM ] array (
)
[ info ] [ LOG ] INIT File
---------------------------------------------------------------
[ 2018-10-28T16:49:06+08:00 ] 223.104.3.246 GET /favicon.ico
[ info ] dage.gouwuduoduo.com/favicon.ico [运行时间：0.018209s][吞吐率：54.92req/s] [内存消耗：1,738.66kb] [文件加载：49]
[ info ] [ BEHAVIOR ] Run Closure @app_init [ RunTime:0.000022s ]
[ info ] [ CACHE ] INIT File
[ info ] [ BEHAVIOR ] Run Closure @app_init [ RunTime:0.000991s ]
[ info ] [ LANG ] /www/wwwroot/dage.gouwuduoduo.com/thinkphp/lang/zh-cn.php
[ info ] [ ROUTE ] array (
  'type' => 'module',
  'module' => 
  array (
    0 => '404',
    1 => NULL,
    2 => NULL,
  ),
)
[ info ] [ HEADER ] array (
  'user-agent' => 'Mozilla/5.0 (iPhone; CPU iPhone OS 12_0_1 like Mac OS X) AppleWebKit/605.1.15 (KHTML, like Gecko) FxiOS/14.0b12646 Mobile/16A404 Safari/605.1.15',
  'accept-encoding' => 'gzip, deflate',
  'connection' => 'keep-alive',
  'accept-language' => 'zh-cn',
  'accept' => 'image/webp,image/*;q=0.8',
  'host' => 'dage.gouwuduoduo.com',
  'content-type' => '',
  'content-length' => '',
)
[ info ] [ PARAM ] array (
)
[ info ] [ LOG ] INIT File
---------------------------------------------------------------
[ 2018-10-28T16:49:14+08:00 ] 223.104.3.246 GET /index/mobile/show.html?id=208
[ info ] dage.gouwuduoduo.com/index/mobile/show.html?id=208 [运行时间：0.062025s][吞吐率：16.12req/s] [内存消耗：3,341.24kb] [文件加载：70]
[ info ] [ BEHAVIOR ] Run Closure @app_init [ RunTime:0.000020s ]
[ info ] [ CACHE ] INIT File
[ info ] [ BEHAVIOR ] Run Closure @app_init [ RunTime:0.000934s ]
[ info ] [ LANG ] /www/wwwroot/dage.gouwuduoduo.com/thinkphp/lang/zh-cn.php
[ info ] [ ROUTE ] array (
  'type' => 'module',
  'module' => 
  array (
    0 => 'index',
    1 => 'mobile',
    2 => 'show',
  ),
)
[ info ] [ HEADER ] array (
  'accept-encoding' => 'gzip, deflate',
  'accept-language' => 'zh-cn',
  'referer' => 'http://dage.gouwuduoduo.com/index/mobile/index',
  'user-agent' => 'Mozilla/5.0 (iPhone; CPU iPhone OS 12_0_1 like Mac OS X) AppleWebKit/605.1.15 (KHTML, like Gecko) FxiOS/14.0b12646 Mobile/16A404 Safari/605.1.15',
  'accept' => 'text/html,application/xhtml+xml,application/xml;q=0.9,*/*;q=0.8',
  'upgrade-insecure-requests' => '1',
  'connection' => 'keep-alive',
  'cookie' => 'UM_distinctid=165b4b1fb423ab-0078bed733e962-1a1b5c0b-4a640-165b4b1fb4797a',
  'host' => 'dage.gouwuduoduo.com',
  'content-type' => '',
  'content-length' => '',
)
[ info ] [ PARAM ] array (
  'id' => '208',
)
[ info ] [ LANG ] /www/wwwroot/dage.gouwuduoduo.com/public/../application/index/lang/zh-cn.php
[ info ] [ BEHAVIOR ] Run app\common\behavior\Common @module_init [ RunTime:0.000202s ]
[ info ] [ DB ] INIT mysql
[ info ] [ RUN ] app\index\controller\Mobile->show[ /www/wwwroot/dage.gouwuduoduo.com/application/index/controller/Mobile.php ]
[ info ] [ VIEW ] /www/wwwroot/dage.gouwuduoduo.com/public/../application/index/view/mobile/show.html [ array (
  0 => 'user',
  1 => 'site',
  2 => 'config',
  3 => 'data',
) ]
[ info ] [ LOG ] INIT File
[ sql ] [ DB ] CONNECT:[ UseTime:0.010103s ] mysql:host=47.94.166.69;dbname=dage_gouwuduodu;charset=utf8
[ sql ] [ SQL ] SHOW COLUMNS FROM `fa_access_log` [ RunTime:0.007154s ]
[ sql ] [ SQL ] INSERT INTO `fa_access_log` (`user_id` , `url` , `from_url` , `ip` , `useragent` , `createtime`) VALUES (0 , 'index/mobile/show.html' , 'show' , '223.104.3.246' , 'Mozilla/5.0 (iPhone; CPU iPhone OS 12_0_1 like Mac OS X) AppleWebKit/605.1.15 (KHTML, like Gecko) FxiOS/14.0b12646 Mobile/16A404 Safari/605.1.15' , 1540716554) [ RunTime:0.013561s ]
---------------------------------------------------------------
[ 2018-10-28T16:50:35+08:00 ] 223.104.3.246 GET /index/mobile/show.html?id=208
[ info ] dage.gouwuduoduo.com/index/mobile/show.html?id=208 [运行时间：0.067359s][吞吐率：14.85req/s] [内存消耗：3,341.24kb] [文件加载：70]
[ info ] [ BEHAVIOR ] Run Closure @app_init [ RunTime:0.000023s ]
[ info ] [ CACHE ] INIT File
[ info ] [ BEHAVIOR ] Run Closure @app_init [ RunTime:0.001300s ]
[ info ] [ LANG ] /www/wwwroot/dage.gouwuduoduo.com/thinkphp/lang/zh-cn.php
[ info ] [ ROUTE ] array (
  'type' => 'module',
  'module' => 
  array (
    0 => 'index',
    1 => 'mobile',
    2 => 'show',
  ),
)
[ info ] [ HEADER ] array (
  'accept-encoding' => 'gzip, deflate',
  'accept-language' => 'zh-cn',
  'referer' => 'http://dage.gouwuduoduo.com/index/mobile/index',
  'user-agent' => 'Mozilla/5.0 (iPhone; CPU iPhone OS 12_0_1 like Mac OS X) AppleWebKit/605.1.15 (KHTML, like Gecko) FxiOS/14.0b12646 Mobile/16A404 Safari/605.1.15',
  'accept' => 'text/html,application/xhtml+xml,application/xml;q=0.9,*/*;q=0.8',
  'upgrade-insecure-requests' => '1',
  'connection' => 'keep-alive',
  'cookie' => 'UM_distinctid=165b4b1fb423ab-0078bed733e962-1a1b5c0b-4a640-165b4b1fb4797a',
  'host' => 'dage.gouwuduoduo.com',
  'content-type' => '',
  'content-length' => '',
)
[ info ] [ PARAM ] array (
  'id' => '208',
)
[ info ] [ LANG ] /www/wwwroot/dage.gouwuduoduo.com/public/../application/index/lang/zh-cn.php
[ info ] [ BEHAVIOR ] Run app\common\behavior\Common @module_init [ RunTime:0.000675s ]
[ info ] [ DB ] INIT mysql
[ info ] [ RUN ] app\index\controller\Mobile->show[ /www/wwwroot/dage.gouwuduoduo.com/application/index/controller/Mobile.php ]
[ info ] [ VIEW ] /www/wwwroot/dage.gouwuduoduo.com/public/../application/index/view/mobile/show.html [ array (
  0 => 'user',
  1 => 'site',
  2 => 'config',
  3 => 'data',
) ]
[ info ] [ LOG ] INIT File
[ sql ] [ DB ] CONNECT:[ UseTime:0.008561s ] mysql:host=47.94.166.69;dbname=dage_gouwuduodu;charset=utf8
[ sql ] [ SQL ] SHOW COLUMNS FROM `fa_access_log` [ RunTime:0.006196s ]
[ sql ] [ SQL ] INSERT INTO `fa_access_log` (`user_id` , `url` , `from_url` , `ip` , `useragent` , `createtime`) VALUES (0 , 'index/mobile/show.html' , 'show' , '223.104.3.246' , 'Mozilla/5.0 (iPhone; CPU iPhone OS 12_0_1 like Mac OS X) AppleWebKit/605.1.15 (KHTML, like Gecko) FxiOS/14.0b12646 Mobile/16A404 Safari/605.1.15' , 1540716635) [ RunTime:0.011500s ]
---------------------------------------------------------------
[ 2018-10-28T22:45:32+08:00 ] 123.119.228.4 GET /index/mobile/show.html?id=208
[ info ] dage.gouwuduoduo.com/index/mobile/show.html?id=208 [运行时间：0.110509s][吞吐率：9.05req/s] [内存消耗：3,522.89kb] [文件加载：74]
[ info ] [ BEHAVIOR ] Run Closure @app_init [ RunTime:0.000030s ]
[ info ] [ CACHE ] INIT File
[ info ] [ BEHAVIOR ] Run Closure @app_init [ RunTime:0.002441s ]
[ info ] [ LANG ] /www/wwwroot/dage.gouwuduoduo.com/thinkphp/lang/zh-cn.php
[ info ] [ ROUTE ] array (
  'type' => 'module',
  'module' => 
  array (
    0 => 'index',
    1 => 'mobile',
    2 => 'show',
  ),
)
[ info ] [ HEADER ] array (
  'connection' => 'keep-alive',
  'accept-encoding' => 'gzip, deflate',
  'accept-language' => 'zh-cn',
  'user-agent' => 'Mozilla/5.0 (iPhone; CPU iPhone OS 12_0_1 like Mac OS X) AppleWebKit/605.1.15 (KHTML, like Gecko) FxiOS/14.0b12646 Mobile/16A404 Safari/605.1.15',
  'cookie' => 'UM_distinctid=165b4b1fb423ab-0078bed733e962-1a1b5c0b-4a640-165b4b1fb4797a',
  'upgrade-insecure-requests' => '1',
  'accept' => 'text/html,application/xhtml+xml,application/xml;q=0.9,*/*;q=0.8',
  'host' => 'dage.gouwuduoduo.com',
  'content-type' => '',
  'content-length' => '',
)
[ info ] [ PARAM ] array (
  'id' => '208',
)
[ info ] [ LANG ] /www/wwwroot/dage.gouwuduoduo.com/public/../application/index/lang/zh-cn.php
[ info ] [ BEHAVIOR ] Run app\common\behavior\Common @module_init [ RunTime:0.000491s ]
[ info ] [ DB ] INIT mysql
[ info ] [ RUN ] app\index\controller\Mobile->show[ /www/wwwroot/dage.gouwuduoduo.com/application/index/controller/Mobile.php ]
[ info ] [ VIEW ] /www/wwwroot/dage.gouwuduoduo.com/public/../application/index/view/mobile/show.html [ array (
  0 => 'user',
  1 => 'site',
  2 => 'config',
  3 => 'data',
) ]
[ info ] [ LOG ] INIT File
[ sql ] [ DB ] CONNECT:[ UseTime:0.007161s ] mysql:host=47.94.166.69;dbname=dage_gouwuduodu;charset=utf8
[ sql ] [ SQL ] SHOW COLUMNS FROM `fa_access_log` [ RunTime:0.005619s ]
[ sql ] [ SQL ] INSERT INTO `fa_access_log` (`user_id` , `url` , `from_url` , `ip` , `useragent` , `createtime`) VALUES (0 , 'index/mobile/show.html' , 'show' , '123.119.228.4' , 'Mozilla/5.0 (iPhone; CPU iPhone OS 12_0_1 like Mac OS X) AppleWebKit/605.1.15 (KHTML, like Gecko) FxiOS/14.0b12646 Mobile/16A404 Safari/605.1.15' , 1540737932) [ RunTime:0.011590s ]
[ sql ] [ SQL ] SHOW COLUMNS FROM `fa_videos` [ RunTime:0.005495s ]
[ sql ] [ SQL ] SELECT COUNT(*) AS tp_count FROM `fa_videos` WHERE  `status` = 1 LIMIT 1 [ RunTime:0.004619s ]
[ sql ] [ SQL ] SELECT * FROM `fa_videos` WHERE  `status` = 1 ORDER BY `id` DESC LIMIT 0,100 [ RunTime:0.006946s ]
---------------------------------------------------------------
[ 2018-10-28T22:45:33+08:00 ] 123.119.228.4 GET /index/mobile/favicon.ico
[ info ] dage.gouwuduoduo.com/index/mobile/favicon.ico [运行时间：0.066747s][吞吐率：14.98req/s] [内存消耗：3,239.98kb] [文件加载：72]
[ info ] [ BEHAVIOR ] Run Closure @app_init [ RunTime:0.000023s ]
[ info ] [ CACHE ] INIT File
[ info ] [ BEHAVIOR ] Run Closure @app_init [ RunTime:0.000972s ]
[ info ] [ LANG ] /www/wwwroot/dage.gouwuduoduo.com/thinkphp/lang/zh-cn.php
[ info ] [ ROUTE ] array (
  'type' => 'module',
  'module' => 
  array (
    0 => 'index',
    1 => 'mobile',
    2 => 'favicon.ico',
  ),
)
[ info ] [ HEADER ] array (
  'user-agent' => 'Mozilla/5.0 (iPhone; CPU iPhone OS 12_0_1 like Mac OS X) AppleWebKit/605.1.15 (KHTML, like Gecko) FxiOS/14.0b12646 Mobile/16A404 Safari/605.1.15',
  'accept-encoding' => 'gzip, deflate',
  'connection' => 'keep-alive',
  'accept-language' => 'zh-cn',
  'accept' => 'image/webp,image/*;q=0.8',
  'host' => 'dage.gouwuduoduo.com',
  'content-type' => '',
  'content-length' => '',
)
[ info ] [ PARAM ] array (
)
[ info ] [ LANG ] /www/wwwroot/dage.gouwuduoduo.com/public/../application/index/lang/zh-cn.php
[ info ] [ BEHAVIOR ] Run app\common\behavior\Common @module_init [ RunTime:0.000201s ]
[ info ] [ DB ] INIT mysql
[ info ] [ LOG ] INIT File
[ sql ] [ DB ] CONNECT:[ UseTime:0.006941s ] mysql:host=47.94.166.69;dbname=dage_gouwuduodu;charset=utf8
[ sql ] [ SQL ] SHOW COLUMNS FROM `fa_access_log` [ RunTime:0.005132s ]
[ sql ] [ SQL ] INSERT INTO `fa_access_log` (`user_id` , `url` , `from_url` , `ip` , `useragent` , `createtime`) VALUES (0 , 'index/mobile/favicon.ico' , 'favicon.ico' , '123.119.228.4' , 'Mozilla/5.0 (iPhone; CPU iPhone OS 12_0_1 like Mac OS X) AppleWebKit/605.1.15 (KHTML, like Gecko) FxiOS/14.0b12646 Mobile/16A404 Safari/605.1.15' , 1540737933) [ RunTime:0.011477s ]
---------------------------------------------------------------
[ 2018-10-28T22:45:33+08:00 ] 123.119.228.4 GET /index/mobile/favicon.ico
[ info ] dage.gouwuduoduo.com/index/mobile/favicon.ico [运行时间：0.025634s][吞吐率：39.01req/s] [内存消耗：1,738.70kb] [文件加载：49]
[ info ] [ BEHAVIOR ] Run Closure @app_init [ RunTime:0.000030s ]
[ info ] [ CACHE ] INIT File
[ info ] [ BEHAVIOR ] Run Closure @app_init [ RunTime:0.001241s ]
[ info ] [ LANG ] /www/wwwroot/dage.gouwuduoduo.com/thinkphp/lang/zh-cn.php
[ info ] [ ROUTE ] array (
  'type' => 'module',
  'module' => 
  array (
    0 => '404',
    1 => NULL,
    2 => NULL,
  ),
)
[ info ] [ HEADER ] array (
  'user-agent' => 'Mozilla/5.0 (iPhone; CPU iPhone OS 12_0_1 like Mac OS X) AppleWebKit/605.1.15 (KHTML, like Gecko) FxiOS/14.0b12646 Mobile/16A404 Safari/605.1.15',
  'accept-encoding' => 'gzip, deflate',
  'connection' => 'keep-alive',
  'accept-language' => 'zh-cn',
  'accept' => 'image/webp,image/*;q=0.8',
  'host' => 'dage.gouwuduoduo.com',
  'content-type' => '',
  'content-length' => '',
)
[ info ] [ PARAM ] array (
)
[ info ] [ LOG ] INIT File
---------------------------------------------------------------
[ 2018-10-28T22:45:33+08:00 ] 123.119.228.4 GET /favicon.ico
[ info ] dage.gouwuduoduo.com/favicon.ico [运行时间：0.042849s][吞吐率：23.34req/s] [内存消耗：1,738.63kb] [文件加载：49]
[ info ] [ BEHAVIOR ] Run Closure @app_init [ RunTime:0.000030s ]
[ info ] [ CACHE ] INIT File
[ info ] [ BEHAVIOR ] Run Closure @app_init [ RunTime:0.001382s ]
[ info ] [ LANG ] /www/wwwroot/dage.gouwuduoduo.com/thinkphp/lang/zh-cn.php
[ info ] [ ROUTE ] array (
  'type' => 'module',
  'module' => 
  array (
    0 => 'favicon.ico',
    1 => NULL,
    2 => NULL,
  ),
)
[ info ] [ HEADER ] array (
  'user-agent' => 'Mozilla/5.0 (iPhone; CPU iPhone OS 12_0_1 like Mac OS X) AppleWebKit/605.1.15 (KHTML, like Gecko) FxiOS/14.0b12646 Mobile/16A404 Safari/605.1.15',
  'accept-encoding' => 'gzip, deflate',
  'connection' => 'keep-alive',
  'accept-language' => 'zh-cn',
  'accept' => 'image/webp,image/*;q=0.8',
  'host' => 'dage.gouwuduoduo.com',
  'content-type' => '',
  'content-length' => '',
)
[ info ] [ PARAM ] array (
)
[ info ] [ LOG ] INIT File
---------------------------------------------------------------
[ 2018-10-28T22:45:33+08:00 ] 123.119.228.4 GET /favicon.ico
[ info ] dage.gouwuduoduo.com/favicon.ico [运行时间：0.023601s][吞吐率：42.37req/s] [内存消耗：1,738.66kb] [文件加载：49]
[ info ] [ BEHAVIOR ] Run Closure @app_init [ RunTime:0.000032s ]
[ info ] [ CACHE ] INIT File
[ info ] [ BEHAVIOR ] Run Closure @app_init [ RunTime:0.001498s ]
[ info ] [ LANG ] /www/wwwroot/dage.gouwuduoduo.com/thinkphp/lang/zh-cn.php
[ info ] [ ROUTE ] array (
  'type' => 'module',
  'module' => 
  array (
    0 => '404',
    1 => NULL,
    2 => NULL,
  ),
)
[ info ] [ HEADER ] array (
  'user-agent' => 'Mozilla/5.0 (iPhone; CPU iPhone OS 12_0_1 like Mac OS X) AppleWebKit/605.1.15 (KHTML, like Gecko) FxiOS/14.0b12646 Mobile/16A404 Safari/605.1.15',
  'accept-encoding' => 'gzip, deflate',
  'connection' => 'keep-alive',
  'accept-language' => 'zh-cn',
  'accept' => 'image/webp,image/*;q=0.8',
  'host' => 'dage.gouwuduoduo.com',
  'content-type' => '',
  'content-length' => '',
)
[ info ] [ PARAM ] array (
)
[ info ] [ LOG ] INIT File
---------------------------------------------------------------
[ 2018-10-28T23:25:26+08:00 ] 123.119.228.4 GET /index/mobile/show.html?id=208
[ info ] dage.gouwuduoduo.com/index/mobile/show.html?id=208 [运行时间：0.057656s][吞吐率：17.34req/s] [内存消耗：3,340.85kb] [文件加载：70]
[ info ] [ BEHAVIOR ] Run Closure @app_init [ RunTime:0.000032s ]
[ info ] [ CACHE ] INIT File
[ info ] [ BEHAVIOR ] Run Closure @app_init [ RunTime:0.001008s ]
[ info ] [ LANG ] /www/wwwroot/dage.gouwuduoduo.com/thinkphp/lang/zh-cn.php
[ info ] [ ROUTE ] array (
  'type' => 'module',
  'module' => 
  array (
    0 => 'index',
    1 => 'mobile',
    2 => 'show',
  ),
)
[ info ] [ HEADER ] array (
  'connection' => 'keep-alive',
  'accept-encoding' => 'gzip, deflate',
  'accept-language' => 'zh-cn',
  'user-agent' => 'Mozilla/5.0 (iPhone; CPU iPhone OS 12_0_1 like Mac OS X) AppleWebKit/605.1.15 (KHTML, like Gecko) FxiOS/14.0b12646 Mobile/16A404 Safari/605.1.15',
  'cookie' => 'UM_distinctid=165b4b1fb423ab-0078bed733e962-1a1b5c0b-4a640-165b4b1fb4797a',
  'upgrade-insecure-requests' => '1',
  'accept' => 'text/html,application/xhtml+xml,application/xml;q=0.9,*/*;q=0.8',
  'host' => 'dage.gouwuduoduo.com',
  'content-type' => '',
  'content-length' => '',
)
[ info ] [ PARAM ] array (
  'id' => '208',
)
[ info ] [ LANG ] /www/wwwroot/dage.gouwuduoduo.com/public/../application/index/lang/zh-cn.php
[ info ] [ BEHAVIOR ] Run app\common\behavior\Common @module_init [ RunTime:0.000265s ]
[ info ] [ DB ] INIT mysql
[ info ] [ RUN ] app\index\controller\Mobile->show[ /www/wwwroot/dage.gouwuduoduo.com/application/index/controller/Mobile.php ]
[ info ] [ VIEW ] /www/wwwroot/dage.gouwuduoduo.com/public/../application/index/view/mobile/show.html [ array (
  0 => 'user',
  1 => 'site',
  2 => 'config',
  3 => 'data',
) ]
[ info ] [ LOG ] INIT File
[ sql ] [ DB ] CONNECT:[ UseTime:0.006865s ] mysql:host=47.94.166.69;dbname=dage_gouwuduodu;charset=utf8
[ sql ] [ SQL ] SHOW COLUMNS FROM `fa_access_log` [ RunTime:0.005113s ]
[ sql ] [ SQL ] INSERT INTO `fa_access_log` (`user_id` , `url` , `from_url` , `ip` , `useragent` , `createtime`) VALUES (0 , 'index/mobile/show.html' , 'show' , '123.119.228.4' , 'Mozilla/5.0 (iPhone; CPU iPhone OS 12_0_1 like Mac OS X) AppleWebKit/605.1.15 (KHTML, like Gecko) FxiOS/14.0b12646 Mobile/16A404 Safari/605.1.15' , 1540740325) [ RunTime:0.010370s ]
---------------------------------------------------------------
[ 2018-10-28T23:25:26+08:00 ] 123.119.228.4 GET /favicon.ico
[ info ] dage.gouwuduoduo.com/favicon.ico [运行时间：0.029519s][吞吐率：33.88req/s] [内存消耗：1,738.63kb] [文件加载：49]
[ info ] [ BEHAVIOR ] Run Closure @app_init [ RunTime:0.000019s ]
[ info ] [ CACHE ] INIT File
[ info ] [ BEHAVIOR ] Run Closure @app_init [ RunTime:0.000921s ]
[ info ] [ LANG ] /www/wwwroot/dage.gouwuduoduo.com/thinkphp/lang/zh-cn.php
[ info ] [ ROUTE ] array (
  'type' => 'module',
  'module' => 
  array (
    0 => 'favicon.ico',
    1 => NULL,
    2 => NULL,
  ),
)
[ info ] [ HEADER ] array (
  'user-agent' => 'Mozilla/5.0 (iPhone; CPU iPhone OS 12_0_1 like Mac OS X) AppleWebKit/605.1.15 (KHTML, like Gecko) FxiOS/14.0b12646 Mobile/16A404 Safari/605.1.15',
  'accept-encoding' => 'gzip, deflate',
  'connection' => 'keep-alive',
  'accept-language' => 'zh-cn',
  'accept' => 'image/webp,image/*;q=0.8',
  'host' => 'dage.gouwuduoduo.com',
  'content-type' => '',
  'content-length' => '',
)
[ info ] [ PARAM ] array (
)
[ info ] [ LOG ] INIT File
---------------------------------------------------------------
[ 2018-10-28T23:25:26+08:00 ] 123.119.228.4 GET /favicon.ico
[ info ] dage.gouwuduoduo.com/favicon.ico [运行时间：0.021360s][吞吐率：46.82req/s] [内存消耗：1,738.66kb] [文件加载：49]
[ info ] [ BEHAVIOR ] Run Closure @app_init [ RunTime:0.000022s ]
[ info ] [ CACHE ] INIT File
[ info ] [ BEHAVIOR ] Run Closure @app_init [ RunTime:0.001108s ]
[ info ] [ LANG ] /www/wwwroot/dage.gouwuduoduo.com/thinkphp/lang/zh-cn.php
[ info ] [ ROUTE ] array (
  'type' => 'module',
  'module' => 
  array (
    0 => '404',
    1 => NULL,
    2 => NULL,
  ),
)
[ info ] [ HEADER ] array (
  'user-agent' => 'Mozilla/5.0 (iPhone; CPU iPhone OS 12_0_1 like Mac OS X) AppleWebKit/605.1.15 (KHTML, like Gecko) FxiOS/14.0b12646 Mobile/16A404 Safari/605.1.15',
  'accept-encoding' => 'gzip, deflate',
  'connection' => 'keep-alive',
  'accept-language' => 'zh-cn',
  'accept' => 'image/webp,image/*;q=0.8',
  'host' => 'dage.gouwuduoduo.com',
  'content-type' => '',
  'content-length' => '',
)
[ info ] [ PARAM ] array (
)
[ info ] [ LOG ] INIT File
---------------------------------------------------------------
[ 2018-10-28T23:25:27+08:00 ] 123.119.228.4 GET /index/mobile/favicon.ico
[ info ] dage.gouwuduoduo.com/index/mobile/favicon.ico [运行时间：0.067806s][吞吐率：14.75req/s] [内存消耗：3,239.98kb] [文件加载：72]
[ info ] [ BEHAVIOR ] Run Closure @app_init [ RunTime:0.000019s ]
[ info ] [ CACHE ] INIT File
[ info ] [ BEHAVIOR ] Run Closure @app_init [ RunTime:0.000953s ]
[ info ] [ LANG ] /www/wwwroot/dage.gouwuduoduo.com/thinkphp/lang/zh-cn.php
[ info ] [ ROUTE ] array (
  'type' => 'module',
  'module' => 
  array (
    0 => 'index',
    1 => 'mobile',
    2 => 'favicon.ico',
  ),
)
[ info ] [ HEADER ] array (
  'user-agent' => 'Mozilla/5.0 (iPhone; CPU iPhone OS 12_0_1 like Mac OS X) AppleWebKit/605.1.15 (KHTML, like Gecko) FxiOS/14.0b12646 Mobile/16A404 Safari/605.1.15',
  'accept-encoding' => 'gzip, deflate',
  'connection' => 'keep-alive',
  'accept-language' => 'zh-cn',
  'accept' => 'image/webp,image/*;q=0.8',
  'host' => 'dage.gouwuduoduo.com',
  'content-type' => '',
  'content-length' => '',
)
[ info ] [ PARAM ] array (
)
[ info ] [ LANG ] /www/wwwroot/dage.gouwuduoduo.com/public/../application/index/lang/zh-cn.php
[ info ] [ BEHAVIOR ] Run app\common\behavior\Common @module_init [ RunTime:0.000197s ]
[ info ] [ DB ] INIT mysql
[ info ] [ LOG ] INIT File
[ sql ] [ DB ] CONNECT:[ UseTime:0.008764s ] mysql:host=47.94.166.69;dbname=dage_gouwuduodu;charset=utf8
[ sql ] [ SQL ] SHOW COLUMNS FROM `fa_access_log` [ RunTime:0.006454s ]
[ sql ] [ SQL ] INSERT INTO `fa_access_log` (`user_id` , `url` , `from_url` , `ip` , `useragent` , `createtime`) VALUES (0 , 'index/mobile/favicon.ico' , 'favicon.ico' , '123.119.228.4' , 'Mozilla/5.0 (iPhone; CPU iPhone OS 12_0_1 like Mac OS X) AppleWebKit/605.1.15 (KHTML, like Gecko) FxiOS/14.0b12646 Mobile/16A404 Safari/605.1.15' , 1540740327) [ RunTime:0.011495s ]
---------------------------------------------------------------
[ 2018-10-28T23:25:27+08:00 ] 123.119.228.4 GET /index/mobile/favicon.ico
[ info ] dage.gouwuduoduo.com/index/mobile/favicon.ico [运行时间：0.017189s][吞吐率：58.18req/s] [内存消耗：1,738.70kb] [文件加载：49]
[ info ] [ BEHAVIOR ] Run Closure @app_init [ RunTime:0.000018s ]
[ info ] [ CACHE ] INIT File
[ info ] [ BEHAVIOR ] Run Closure @app_init [ RunTime:0.000905s ]
[ info ] [ LANG ] /www/wwwroot/dage.gouwuduoduo.com/thinkphp/lang/zh-cn.php
[ info ] [ ROUTE ] array (
  'type' => 'module',
  'module' => 
  array (
    0 => '404',
    1 => NULL,
    2 => NULL,
  ),
)
[ info ] [ HEADER ] array (
  'user-agent' => 'Mozilla/5.0 (iPhone; CPU iPhone OS 12_0_1 like Mac OS X) AppleWebKit/605.1.15 (KHTML, like Gecko) FxiOS/14.0b12646 Mobile/16A404 Safari/605.1.15',
  'accept-encoding' => 'gzip, deflate',
  'connection' => 'keep-alive',
  'accept-language' => 'zh-cn',
  'accept' => 'image/webp,image/*;q=0.8',
  'host' => 'dage.gouwuduoduo.com',
  'content-type' => '',
  'content-length' => '',
)
[ info ] [ PARAM ] array (
)
[ info ] [ LOG ] INIT File
