---------------------------------------------------------------
[ 2018-12-23T11:32:47+08:00 ] 180.76.15.134 GET /index/index/show.html?id=170
[ info ] dage.gouwuduoduo.com/index/index/show.html?id=170 [运行时间：0.205613s][吞吐率：4.86req/s] [内存消耗：3,505.79kb] [文件加载：76]
[ info ] [ BEHAVIOR ] Run Closure @app_init [ RunTime:0.000021s ]
[ info ] [ CACHE ] INIT File
[ info ] [ BEHAVIOR ] Run Closure @app_init [ RunTime:0.002742s ]
[ info ] [ ROUTE ] array (
  'type' => 'module',
  'module' => 
  array (
    0 => 'index',
    1 => 'index',
    2 => 'show',
  ),
)
[ info ] [ HEADER ] array (
  'accept' => '*/*',
  'accept-language' => 'en-US',
  'accept-encoding' => 'gzip',
  'user-agent' => 'Mozilla/5.0 (compatible; Baiduspider/2.0; +http://www.baidu.com/search/spider.html)',
  'connection' => 'close',
  'host' => 'dage.gouwuduoduo.com',
  'content-type' => '',
  'content-length' => '',
)
[ info ] [ PARAM ] array (
  'id' => '170',
)
[ info ] [ BEHAVIOR ] Run app\common\behavior\Common @module_init [ RunTime:0.000821s ]
[ info ] [ DB ] INIT mysql
[ info ] [ RUN ] app\index\controller\Index->show[ /www/wwwroot/dage.gouwuduoduo.com/application/index/controller/Index.php ]
[ info ] [ VIEW ] /www/wwwroot/dage.gouwuduoduo.com/public/../application/index/view/index/show.html [ array (
  0 => 'user',
  1 => 'site',
  2 => 'config',
  3 => 'footer',
  4 => 'controller',
  5 => 'header',
  6 => 'data_left',
  7 => 'data_list',
  8 => 'title',
  9 => 'url_path',
  10 => 'data',
) ]
[ info ] [ LOG ] INIT File
[ sql ] [ DB ] CONNECT:[ UseTime:0.001232s ] mysql:host=127.0.0.1;dbname=dage_gouwuduodu;charset=utf8
[ sql ] [ SQL ] SHOW COLUMNS FROM `fa_category` [ RunTime:0.013632s ]
[ sql ] [ SQL ] SELECT * FROM `fa_category` WHERE  (  `type` = 'footer' ) ORDER BY `weigh` DESC [ RunTime:0.004915s ]
[ sql ] [ SQL ] SHOW COLUMNS FROM `fa_access_log` [ RunTime:0.000713s ]
[ sql ] [ SQL ] INSERT INTO `fa_access_log` (`user_id` , `url` , `from_url` , `ip` , `useragent` , `createtime`) VALUES (0 , 'index/index/show.html' , 'show' , '180.76.15.134' , 'Mozilla/5.0 (compatible; Baiduspider/2.0; +http://www.baidu.com/search/spider.html)' , 1545535967) [ RunTime:0.029965s ]
[ sql ] [ SQL ] SELECT * FROM `fa_category` WHERE  (  `type` = 'header' ) ORDER BY `weigh` DESC [ RunTime:0.000384s ]
[ sql ] [ SQL ] SHOW COLUMNS FROM `fa_videos` [ RunTime:0.000619s ]
[ sql ] [ SQL ] SELECT * FROM `fa_videos` WHERE  `id` = 170 LIMIT 1 [ RunTime:0.000245s ]
[ sql ] [ SQL ] UPDATE `fa_videos`  SET `hits`=`hits`+1  WHERE  `id` = 170 [ RunTime:0.018984s ]
[ sql ] [ SQL ] SHOW COLUMNS FROM `fa_cate` [ RunTime:0.000745s ]
[ sql ] [ SQL ] SELECT `title` FROM `fa_cate` WHERE  `status` = 1  AND `id` = 1 LIMIT 1 [ RunTime:0.000285s ]
[ sql ] [ SQL ] SHOW COLUMNS FROM `fa_area` [ RunTime:0.000497s ]
[ sql ] [ SQL ] SELECT `title` FROM `fa_area` WHERE  `status` = 1  AND `id` = 1 LIMIT 1 [ RunTime:0.000232s ]
[ sql ] [ SQL ] SHOW COLUMNS FROM `fa_trans` [ RunTime:0.000501s ]
[ sql ] [ SQL ] SELECT * FROM `fa_trans` WHERE  `v_id` = 170 [ RunTime:0.000266s ]
[ sql ] [ SQL ] SELECT COUNT(*) AS tp_count FROM `fa_videos` WHERE  `area_id` = 1  AND `status` = 1 LIMIT 1 [ RunTime:0.000313s ]
[ sql ] [ SQL ] SELECT * FROM `fa_videos` WHERE  `area_id` = 1  AND `status` = 1 ORDER BY `hits` DESC LIMIT 0,6 [ RunTime:0.000554s ]
[ sql ] [ SQL ] SELECT * FROM `fa_videos` WHERE  `status` = 1 ORDER BY rand() LIMIT 10 [ RunTime:0.001271s ]
---------------------------------------------------------------
[ 2018-12-23T12:06:07+08:00 ] 180.76.15.28 GET /index/index/show.html?id=200
[ info ] dage.gouwuduoduo.com/index/index/show.html?id=200 [运行时间：0.062726s][吞吐率：15.94req/s] [内存消耗：3,505.80kb] [文件加载：76]
[ info ] [ BEHAVIOR ] Run Closure @app_init [ RunTime:0.000020s ]
[ info ] [ CACHE ] INIT File
[ info ] [ BEHAVIOR ] Run Closure @app_init [ RunTime:0.000931s ]
[ info ] [ ROUTE ] array (
  'type' => 'module',
  'module' => 
  array (
    0 => 'index',
    1 => 'index',
    2 => 'show',
  ),
)
[ info ] [ HEADER ] array (
  'accept' => '*/*',
  'accept-language' => 'en-US',
  'accept-encoding' => 'gzip',
  'user-agent' => 'Mozilla/5.0 (compatible; Baiduspider/2.0; +http://www.baidu.com/search/spider.html)',
  'connection' => 'close',
  'host' => 'dage.gouwuduoduo.com',
  'content-type' => '',
  'content-length' => '',
)
[ info ] [ PARAM ] array (
  'id' => '200',
)
[ info ] [ BEHAVIOR ] Run app\common\behavior\Common @module_init [ RunTime:0.000182s ]
[ info ] [ DB ] INIT mysql
[ info ] [ RUN ] app\index\controller\Index->show[ /www/wwwroot/dage.gouwuduoduo.com/application/index/controller/Index.php ]
[ info ] [ VIEW ] /www/wwwroot/dage.gouwuduoduo.com/public/../application/index/view/index/show.html [ array (
  0 => 'user',
  1 => 'site',
  2 => 'config',
  3 => 'footer',
  4 => 'controller',
  5 => 'header',
  6 => 'data_left',
  7 => 'data_list',
  8 => 'title',
  9 => 'url_path',
  10 => 'data',
) ]
[ info ] [ LOG ] INIT File
[ sql ] [ DB ] CONNECT:[ UseTime:0.000350s ] mysql:host=127.0.0.1;dbname=dage_gouwuduodu;charset=utf8
[ sql ] [ SQL ] SHOW COLUMNS FROM `fa_category` [ RunTime:0.000729s ]
[ sql ] [ SQL ] SELECT * FROM `fa_category` WHERE  (  `type` = 'footer' ) ORDER BY `weigh` DESC [ RunTime:0.000268s ]
[ sql ] [ SQL ] SHOW COLUMNS FROM `fa_access_log` [ RunTime:0.000540s ]
[ sql ] [ SQL ] INSERT INTO `fa_access_log` (`user_id` , `url` , `from_url` , `ip` , `useragent` , `createtime`) VALUES (0 , 'index/index/show.html' , 'show' , '180.76.15.28' , 'Mozilla/5.0 (compatible; Baiduspider/2.0; +http://www.baidu.com/search/spider.html)' , 1545537967) [ RunTime:0.014827s ]
[ sql ] [ SQL ] SELECT * FROM `fa_category` WHERE  (  `type` = 'header' ) ORDER BY `weigh` DESC [ RunTime:0.000258s ]
[ sql ] [ SQL ] SHOW COLUMNS FROM `fa_videos` [ RunTime:0.000647s ]
[ sql ] [ SQL ] SELECT * FROM `fa_videos` WHERE  `id` = 200 LIMIT 1 [ RunTime:0.000345s ]
[ sql ] [ SQL ] UPDATE `fa_videos`  SET `hits`=`hits`+1  WHERE  `id` = 200 [ RunTime:0.007652s ]
[ sql ] [ SQL ] SHOW COLUMNS FROM `fa_cate` [ RunTime:0.000551s ]
[ sql ] [ SQL ] SELECT `title` FROM `fa_cate` WHERE  `status` = 1  AND `id` = 1 LIMIT 1 [ RunTime:0.000151s ]
[ sql ] [ SQL ] SHOW COLUMNS FROM `fa_area` [ RunTime:0.000591s ]
[ sql ] [ SQL ] SELECT `title` FROM `fa_area` WHERE  `status` = 1  AND `id` = 1 LIMIT 1 [ RunTime:0.000145s ]
[ sql ] [ SQL ] SHOW COLUMNS FROM `fa_trans` [ RunTime:0.000523s ]
[ sql ] [ SQL ] SELECT * FROM `fa_trans` WHERE  `v_id` = 200 [ RunTime:0.000221s ]
[ sql ] [ SQL ] SELECT COUNT(*) AS tp_count FROM `fa_videos` WHERE  `area_id` = 1  AND `status` = 1 LIMIT 1 [ RunTime:0.000312s ]
[ sql ] [ SQL ] SELECT * FROM `fa_videos` WHERE  `area_id` = 1  AND `status` = 1 ORDER BY `hits` DESC LIMIT 0,6 [ RunTime:0.000486s ]
[ sql ] [ SQL ] SELECT * FROM `fa_videos` WHERE  `status` = 1 ORDER BY rand() LIMIT 10 [ RunTime:0.000536s ]
