---------------------------------------------------------------
[ 2018-08-18T12:58:51+08:00 ] 47.98.97.252 GET /
[ info ] dage.gouwuduoduo.com/ [运行时间：2.021798s][吞吐率：0.49req/s] [内存消耗：3,588.66kb] [文件加载：79]
[ info ] [ BEHAVIOR ] Run Closure @app_init [ RunTime:0.010293s ]
[ info ] [ CACHE ] INIT File
[ info ] [ BEHAVIOR ] Run Closure @app_init [ RunTime:0.029896s ]
[ info ] [ LANG ] /www/wwwroot/dage.gouwuduoduo.com/thinkphp/lang/zh-cn.php
[ info ] [ ROUTE ] array (
  'type' => 'module',
  'module' => 
  array (
    0 => '',
    1 => NULL,
    2 => NULL,
  ),
)
[ info ] [ HEADER ] array (
  'connection' => 'keep-alive',
  'accept' => 'text/html, image/gif, image/jpeg, *; q=.2, */*; q=.2',
  'host' => 'dage.gouwuduoduo.com',
  'user-agent' => 'Mozilla/5.0 (X11; Ubuntu; Linux x86_64; rv:36.0) Gecko/20100101 Firefox/36.0',
  'content-type' => '',
  'content-length' => '',
)
[ info ] [ PARAM ] array (
)
[ info ] [ LANG ] /www/wwwroot/dage.gouwuduoduo.com/public/../application/index/lang/zh-cn.php
[ info ] [ BEHAVIOR ] Run app\common\behavior\Common @module_init [ RunTime:0.057941s ]
[ info ] [ LANG ] /www/wwwroot/dage.gouwuduoduo.com/public/../application/index/lang/zh-cn/index.php
[ info ] [ DB ] INIT mysql
[ info ] [ RUN ] app\index\controller\Index->index[ /www/wwwroot/dage.gouwuduoduo.com/application/index/controller/Index.php ]
[ info ] [ VIEW ] /www/wwwroot/dage.gouwuduoduo.com/public/../application/index/view/index/index.html [ array (
  0 => 'user',
  1 => 'site',
  2 => 'config',
  3 => 'footer',
  4 => 'header',
  5 => 'title',
  6 => 'banner',
  7 => 'data',
  8 => 'area_list',
  9 => 'cate_list',
  10 => 'trans_list',
) ]
[ info ] [ LOG ] INIT File
[ sql ] [ DB ] CONNECT:[ UseTime:0.087454s ] mysql:host=47.94.166.69;dbname=dage_gouwuduodu;charset=utf8
[ sql ] [ SQL ] SHOW COLUMNS FROM `fa_category` [ RunTime:0.047370s ]
[ sql ] [ SQL ] SELECT * FROM `fa_category` WHERE  (  `type` = 'footer' ) ORDER BY `weigh` DESC [ RunTime:0.039455s ]
[ sql ] [ SQL ] SHOW COLUMNS FROM `fa_access_log` [ RunTime:0.037261s ]
[ sql ] [ SQL ] INSERT INTO `fa_access_log` (`user_id` , `url` , `from_url` , `ip` , `useragent` , `createtime`) VALUES (0 , '/' , 'index' , '47.98.97.252' , 'Mozilla/5.0 (X11; Ubuntu; Linux x86_64; rv:36.0) Gecko/20100101 Firefox/36.0' , 1534568330) [ RunTime:0.117351s ]
[ sql ] [ SQL ] SELECT * FROM `fa_category` WHERE  (  `type` = 'header' ) ORDER BY `weigh` DESC [ RunTime:0.038772s ]
[ sql ] [ SQL ] SELECT * FROM `fa_category` WHERE  (  `type` = 'banner' ) ORDER BY `weigh` DESC [ RunTime:0.040505s ]
[ sql ] [ SQL ] SELECT * FROM `fa_category` WHERE  (  `type` = 'index1' ) ORDER BY `weigh` DESC [ RunTime:0.029463s ]
[ sql ] [ SQL ] SHOW COLUMNS FROM `fa_videos` [ RunTime:0.040484s ]
[ sql ] [ SQL ] SELECT COUNT(*) AS tp_count FROM `fa_videos` WHERE  `type` = 'index1' LIMIT 1 [ RunTime:0.040112s ]
[ sql ] [ SQL ] SELECT * FROM `fa_videos` WHERE  `type` = 'index1' ORDER BY `id` DESC LIMIT 0,10 [ RunTime:0.036209s ]
[ sql ] [ SQL ] SELECT * FROM `fa_category` WHERE  (  `type` = 'index2' ) ORDER BY `weigh` DESC [ RunTime:0.038933s ]
[ sql ] [ SQL ] SELECT COUNT(*) AS tp_count FROM `fa_videos` WHERE  `type` = 'index2' LIMIT 1 [ RunTime:0.039598s ]
[ sql ] [ SQL ] SELECT * FROM `fa_videos` WHERE  `type` = 'index2' ORDER BY `id` DESC LIMIT 0,10 [ RunTime:0.036364s ]
[ sql ] [ SQL ] SELECT * FROM `fa_category` WHERE  (  `type` = 'index3' ) ORDER BY `weigh` DESC [ RunTime:0.039151s ]
[ sql ] [ SQL ] SELECT COUNT(*) AS tp_count FROM `fa_videos` WHERE  `type` = 'index3' LIMIT 1 [ RunTime:0.040596s ]
[ sql ] [ SQL ] SELECT * FROM `fa_videos` WHERE  `type` = 'index3' ORDER BY `id` DESC LIMIT 0,10 [ RunTime:0.035842s ]
[ sql ] [ SQL ] SHOW COLUMNS FROM `fa_area` [ RunTime:0.040158s ]
[ sql ] [ SQL ] SELECT * FROM `fa_area` WHERE  `status` = 1 [ RunTime:0.039849s ]
[ sql ] [ SQL ] SHOW COLUMNS FROM `fa_cate` [ RunTime:0.039785s ]
[ sql ] [ SQL ] SELECT * FROM `fa_cate` WHERE  `status` = 1 [ RunTime:0.039855s ]
[ sql ] [ SQL ] SHOW COLUMNS FROM `fa_trans` [ RunTime:0.047279s ]
[ sql ] [ SQL ] SELECT name,count(name) as num FROM `fa_trans` GROUP BY `name` ORDER BY `hots` DESC LIMIT 6 [ RunTime:0.039832s ]
