---------------------------------------------------------------
[ 2018-09-27T07:43:09+08:00 ] 203.208.60.98 GET /
[ info ] dage.gouwuduoduo.com/ [运行时间：0.317863s][吞吐率：3.15req/s] [内存消耗：3,596.52kb] [文件加载：79]
[ info ] [ BEHAVIOR ] Run Closure @app_init [ RunTime:0.000022s ]
[ info ] [ CACHE ] INIT File
[ info ] [ BEHAVIOR ] Run Closure @app_init [ RunTime:0.002501s ]
[ info ] [ LANG ] /www/wwwroot/dage.gouwuduoduo.com/thinkphp/lang/zh-cn.php
[ info ] [ ROUTE ] array (
  'type' => 'module',
  'module' => 
  array (
    0 => '',
    1 => NULL,
    2 => NULL,
  ),
)
[ info ] [ HEADER ] array (
  'accept-encoding' => 'gzip,deflate,br',
  'user-agent' => 'Mozilla/5.0 (compatible; Googlebot/2.1; +http://www.google.com/bot.html)',
  'from' => 'googlebot(at)googlebot.com',
  'accept' => 'text/html,application/xhtml+xml,application/xml;q=0.9,*/*;q=0.8',
  'connection' => 'keep-alive',
  'host' => 'dage.gouwuduoduo.com',
  'content-type' => '',
  'content-length' => '',
)
[ info ] [ PARAM ] array (
)
[ info ] [ LANG ] /www/wwwroot/dage.gouwuduoduo.com/public/../application/index/lang/zh-cn.php
[ info ] [ BEHAVIOR ] Run app\common\behavior\Common @module_init [ RunTime:0.000420s ]
[ info ] [ LANG ] /www/wwwroot/dage.gouwuduoduo.com/public/../application/index/lang/zh-cn/index.php
[ info ] [ DB ] INIT mysql
[ info ] [ RUN ] app\index\controller\Index->index[ /www/wwwroot/dage.gouwuduoduo.com/application/index/controller/Index.php ]
[ info ] [ VIEW ] /www/wwwroot/dage.gouwuduoduo.com/public/../application/index/view/index/index.html [ array (
  0 => 'user',
  1 => 'site',
  2 => 'config',
  3 => 'footer',
  4 => 'controller',
  5 => 'header',
  6 => 'title',
  7 => 'banner',
  8 => 'data',
  9 => 'area_list',
  10 => 'cate_list',
  11 => 'trans_list',
) ]
[ info ] [ LOG ] INIT File
[ sql ] [ DB ] CONNECT:[ UseTime:0.008222s ] mysql:host=47.94.166.69;dbname=dage_gouwuduodu;charset=utf8
[ sql ] [ SQL ] SHOW COLUMNS FROM `fa_category` [ RunTime:0.006501s ]
[ sql ] [ SQL ] SELECT * FROM `fa_category` WHERE  (  `type` = 'footer' ) ORDER BY `weigh` DESC [ RunTime:0.005416s ]
[ sql ] [ SQL ] SHOW COLUMNS FROM `fa_access_log` [ RunTime:0.005700s ]
[ sql ] [ SQL ] INSERT INTO `fa_access_log` (`user_id` , `url` , `from_url` , `ip` , `useragent` , `createtime`) VALUES (0 , '/' , 'index' , '203.208.60.98' , 'Mozilla/5.0 (compatible; Googlebot/2.1; +http://www.google.com/bot.html)' , 1538005388) [ RunTime:0.039738s ]
[ sql ] [ SQL ] SELECT * FROM `fa_category` WHERE  (  `type` = 'header' ) ORDER BY `weigh` DESC [ RunTime:0.005433s ]
[ sql ] [ SQL ] SELECT * FROM `fa_category` WHERE  (  `type` = 'banner' ) ORDER BY `weigh` DESC [ RunTime:0.005336s ]
[ sql ] [ SQL ] SELECT * FROM `fa_category` WHERE  (  `type` = 'index1' ) ORDER BY `weigh` DESC [ RunTime:0.005333s ]
[ sql ] [ SQL ] SHOW COLUMNS FROM `fa_videos` [ RunTime:0.005788s ]
[ sql ] [ SQL ] SELECT COUNT(*) AS tp_count FROM `fa_videos` WHERE  `type` = 'index1' LIMIT 1 [ RunTime:0.005559s ]
[ sql ] [ SQL ] SELECT * FROM `fa_videos` WHERE  `type` = 'index1' ORDER BY `id` DESC LIMIT 0,10 [ RunTime:0.005443s ]
[ sql ] [ SQL ] SELECT * FROM `fa_category` WHERE  (  `type` = 'index2' ) ORDER BY `weigh` DESC [ RunTime:0.005312s ]
[ sql ] [ SQL ] SELECT COUNT(*) AS tp_count FROM `fa_videos` WHERE  `type` = 'index2' LIMIT 1 [ RunTime:0.005422s ]
[ sql ] [ SQL ] SELECT * FROM `fa_videos` WHERE  `type` = 'index2' ORDER BY `id` DESC LIMIT 0,10 [ RunTime:0.005444s ]
[ sql ] [ SQL ] SELECT * FROM `fa_category` WHERE  (  `type` = 'index3' ) ORDER BY `weigh` DESC [ RunTime:0.005308s ]
[ sql ] [ SQL ] SELECT COUNT(*) AS tp_count FROM `fa_videos` WHERE  `type` = 'index3' LIMIT 1 [ RunTime:0.005476s ]
[ sql ] [ SQL ] SELECT * FROM `fa_videos` WHERE  `type` = 'index3' ORDER BY `id` DESC LIMIT 0,10 [ RunTime:0.005439s ]
[ sql ] [ SQL ] SHOW COLUMNS FROM `fa_area` [ RunTime:0.005761s ]
[ sql ] [ SQL ] SELECT * FROM `fa_area` WHERE  `status` = 1 [ RunTime:0.005310s ]
[ sql ] [ SQL ] SHOW COLUMNS FROM `fa_cate` [ RunTime:0.005647s ]
[ sql ] [ SQL ] SELECT * FROM `fa_cate` WHERE  `status` = 1 [ RunTime:0.005313s ]
[ sql ] [ SQL ] SHOW COLUMNS FROM `fa_trans` [ RunTime:0.005755s ]
[ sql ] [ SQL ] SELECT name,count(name) as num FROM `fa_trans` GROUP BY `name` ORDER BY `hots` DESC LIMIT 6 [ RunTime:0.005296s ]
---------------------------------------------------------------
[ 2018-09-27T07:43:36+08:00 ] 203.208.60.7 GET /assets/js/frontend/index.js?v=1537056000
[ info ] dage.gouwuduoduo.com/assets/js/frontend/index.js?v=1537056000 [运行时间：0.017259s][吞吐率：57.94req/s] [内存消耗：1,721.46kb] [文件加载：48]
[ info ] [ BEHAVIOR ] Run Closure @app_init [ RunTime:0.000020s ]
[ info ] [ CACHE ] INIT File
[ info ] [ BEHAVIOR ] Run Closure @app_init [ RunTime:0.000958s ]
[ info ] [ ROUTE ] array (
  'type' => 'module',
  'module' => 
  array (
    0 => '404',
    1 => NULL,
    2 => NULL,
  ),
)
[ info ] [ HEADER ] array (
  'accept-encoding' => 'gzip,deflate,br',
  'user-agent' => 'Mozilla/5.0 AppleWebKit/537.36 (KHTML, like Gecko; compatible; Googlebot/2.1; +http://www.google.com/bot.html) Safari/537.36',
  'from' => 'googlebot(at)googlebot.com',
  'accept' => '*/*',
  'connection' => 'keep-alive',
  'accept-language' => 'en-US',
  'referer' => 'http://dage.gouwuduoduo.com/',
  'host' => 'dage.gouwuduoduo.com',
  'content-type' => '',
  'content-length' => '',
)
[ info ] [ PARAM ] array (
)
[ info ] [ LOG ] INIT File
---------------------------------------------------------------
[ 2018-09-27T07:43:37+08:00 ] 203.208.60.115 GET /assets/js/frontend/index.js?v=1538005388
[ info ] dage.gouwuduoduo.com/assets/js/frontend/index.js?v=1538005388 [运行时间：0.016098s][吞吐率：62.12req/s] [内存消耗：1,721.46kb] [文件加载：48]
[ info ] [ BEHAVIOR ] Run Closure @app_init [ RunTime:0.000020s ]
[ info ] [ CACHE ] INIT File
[ info ] [ BEHAVIOR ] Run Closure @app_init [ RunTime:0.000936s ]
[ info ] [ ROUTE ] array (
  'type' => 'module',
  'module' => 
  array (
    0 => '404',
    1 => NULL,
    2 => NULL,
  ),
)
[ info ] [ HEADER ] array (
  'accept-encoding' => 'gzip,deflate,br',
  'user-agent' => 'Mozilla/5.0 AppleWebKit/537.36 (KHTML, like Gecko; compatible; Googlebot/2.1; +http://www.google.com/bot.html) Safari/537.36',
  'from' => 'googlebot(at)googlebot.com',
  'accept' => '*/*',
  'connection' => 'keep-alive',
  'accept-language' => 'en-US',
  'referer' => 'http://dage.gouwuduoduo.com/',
  'host' => 'dage.gouwuduoduo.com',
  'content-type' => '',
  'content-length' => '',
)
[ info ] [ PARAM ] array (
)
[ info ] [ LOG ] INIT File
---------------------------------------------------------------
[ 2018-09-27T23:49:47+08:00 ] 203.208.60.30 GET /
[ info ] dage.gouwuduoduo.com/ [运行时间：0.371222s][吞吐率：2.69req/s] [内存消耗：3,597.56kb] [文件加载：79]
[ info ] [ BEHAVIOR ] Run Closure @app_init [ RunTime:0.000027s ]
[ info ] [ CACHE ] INIT File
[ info ] [ BEHAVIOR ] Run Closure @app_init [ RunTime:0.002370s ]
[ info ] [ LANG ] /www/wwwroot/dage.gouwuduoduo.com/thinkphp/lang/zh-cn.php
[ info ] [ ROUTE ] array (
  'type' => 'module',
  'module' => 
  array (
    0 => '',
    1 => NULL,
    2 => NULL,
  ),
)
[ info ] [ HEADER ] array (
  'accept-encoding' => 'gzip,deflate,br',
  'user-agent' => 'Mozilla/5.0 (Linux; Android 6.0.1; Nexus 5X Build/MMB29P) AppleWebKit/537.36 (KHTML, like Gecko) Chrome/41.0.2272.96 Mobile Safari/537.36 (compatible; Googlebot/2.1; +http://www.google.com/bot.html)',
  'from' => 'googlebot(at)googlebot.com',
  'accept' => 'text/html,application/xhtml+xml,application/xml;q=0.9,*/*;q=0.8',
  'connection' => 'keep-alive',
  'host' => 'dage.gouwuduoduo.com',
  'content-type' => '',
  'content-length' => '',
)
[ info ] [ PARAM ] array (
)
[ info ] [ LANG ] /www/wwwroot/dage.gouwuduoduo.com/public/../application/index/lang/zh-cn.php
[ info ] [ BEHAVIOR ] Run app\common\behavior\Common @module_init [ RunTime:0.000496s ]
[ info ] [ LANG ] /www/wwwroot/dage.gouwuduoduo.com/public/../application/index/lang/zh-cn/index.php
[ info ] [ DB ] INIT mysql
[ info ] [ RUN ] app\index\controller\Index->index[ /www/wwwroot/dage.gouwuduoduo.com/application/index/controller/Index.php ]
[ info ] [ VIEW ] /www/wwwroot/dage.gouwuduoduo.com/public/../application/index/view/index/index.html [ array (
  0 => 'user',
  1 => 'site',
  2 => 'config',
  3 => 'footer',
  4 => 'controller',
  5 => 'header',
  6 => 'title',
  7 => 'banner',
  8 => 'data',
  9 => 'area_list',
  10 => 'cate_list',
  11 => 'trans_list',
) ]
[ info ] [ LOG ] INIT File
[ sql ] [ DB ] CONNECT:[ UseTime:0.010237s ] mysql:host=47.94.166.69;dbname=dage_gouwuduodu;charset=utf8
[ sql ] [ SQL ] SHOW COLUMNS FROM `fa_category` [ RunTime:0.019028s ]
[ sql ] [ SQL ] SELECT * FROM `fa_category` WHERE  (  `type` = 'footer' ) ORDER BY `weigh` DESC [ RunTime:0.006970s ]
[ sql ] [ SQL ] SHOW COLUMNS FROM `fa_access_log` [ RunTime:0.022049s ]
[ sql ] [ SQL ] INSERT INTO `fa_access_log` (`user_id` , `url` , `from_url` , `ip` , `useragent` , `createtime`) VALUES (0 , '/' , 'index' , '203.208.60.30' , 'Mozilla/5.0 (Linux; Android 6.0.1; Nexus 5X Build/MMB29P) AppleWebKit/537.36 (KHTML, like Gecko) Chrome/41.0.2272.96 Mobile Safari/537.36 (compatible; Googlebot/2.1; +http://www.google.com/bot.html)' , 1538063387) [ RunTime:0.021325s ]
[ sql ] [ SQL ] SELECT * FROM `fa_category` WHERE  (  `type` = 'header' ) ORDER BY `weigh` DESC [ RunTime:0.006748s ]
[ sql ] [ SQL ] SELECT * FROM `fa_category` WHERE  (  `type` = 'banner' ) ORDER BY `weigh` DESC [ RunTime:0.006752s ]
[ sql ] [ SQL ] SELECT * FROM `fa_category` WHERE  (  `type` = 'index1' ) ORDER BY `weigh` DESC [ RunTime:0.006719s ]
[ sql ] [ SQL ] SHOW COLUMNS FROM `fa_videos` [ RunTime:0.007119s ]
[ sql ] [ SQL ] SELECT COUNT(*) AS tp_count FROM `fa_videos` WHERE  `type` = 'index1' LIMIT 1 [ RunTime:0.006918s ]
[ sql ] [ SQL ] SELECT * FROM `fa_videos` WHERE  `type` = 'index1' ORDER BY `id` DESC LIMIT 0,10 [ RunTime:0.006810s ]
[ sql ] [ SQL ] SELECT * FROM `fa_category` WHERE  (  `type` = 'index2' ) ORDER BY `weigh` DESC [ RunTime:0.006719s ]
[ sql ] [ SQL ] SELECT COUNT(*) AS tp_count FROM `fa_videos` WHERE  `type` = 'index2' LIMIT 1 [ RunTime:0.006840s ]
[ sql ] [ SQL ] SELECT * FROM `fa_videos` WHERE  `type` = 'index2' ORDER BY `id` DESC LIMIT 0,10 [ RunTime:0.011775s ]
[ sql ] [ SQL ] SELECT * FROM `fa_category` WHERE  (  `type` = 'index3' ) ORDER BY `weigh` DESC [ RunTime:0.006876s ]
[ sql ] [ SQL ] SELECT COUNT(*) AS tp_count FROM `fa_videos` WHERE  `type` = 'index3' LIMIT 1 [ RunTime:0.006874s ]
[ sql ] [ SQL ] SELECT * FROM `fa_videos` WHERE  `type` = 'index3' ORDER BY `id` DESC LIMIT 0,10 [ RunTime:0.006939s ]
[ sql ] [ SQL ] SHOW COLUMNS FROM `fa_area` [ RunTime:0.008283s ]
[ sql ] [ SQL ] SELECT * FROM `fa_area` WHERE  `status` = 1 [ RunTime:0.009429s ]
[ sql ] [ SQL ] SHOW COLUMNS FROM `fa_cate` [ RunTime:0.007142s ]
[ sql ] [ SQL ] SELECT * FROM `fa_cate` WHERE  `status` = 1 [ RunTime:0.006698s ]
[ sql ] [ SQL ] SHOW COLUMNS FROM `fa_trans` [ RunTime:0.007103s ]
[ sql ] [ SQL ] SELECT name,count(name) as num FROM `fa_trans` GROUP BY `name` ORDER BY `hots` DESC LIMIT 6 [ RunTime:0.006710s ]
---------------------------------------------------------------
[ 2018-09-27T23:50:28+08:00 ] 203.208.60.33 GET /assets/js/frontend/index.js?v=1537056000
[ info ] dage.gouwuduoduo.com/assets/js/frontend/index.js?v=1537056000 [运行时间：0.019831s][吞吐率：50.43req/s] [内存消耗：1,721.96kb] [文件加载：48]
[ info ] [ BEHAVIOR ] Run Closure @app_init [ RunTime:0.000031s ]
[ info ] [ CACHE ] INIT File
[ info ] [ BEHAVIOR ] Run Closure @app_init [ RunTime:0.001052s ]
[ info ] [ ROUTE ] array (
  'type' => 'module',
  'module' => 
  array (
    0 => '404',
    1 => NULL,
    2 => NULL,
  ),
)
[ info ] [ HEADER ] array (
  'accept-encoding' => 'gzip,deflate,br',
  'user-agent' => 'Mozilla/5.0 (Linux; Android 6.0.1; Nexus 5X Build/MMB29P) AppleWebKit/537.36 (KHTML, like Gecko) Chrome/41.0.2272.96 Mobile Safari/537.36 (compatible; Googlebot/2.1; +http://www.google.com/bot.html)',
  'from' => 'googlebot(at)googlebot.com',
  'accept' => '*/*',
  'connection' => 'keep-alive',
  'accept-language' => 'en-US',
  'referer' => 'http://dage.gouwuduoduo.com/',
  'host' => 'dage.gouwuduoduo.com',
  'content-type' => '',
  'content-length' => '',
)
[ info ] [ PARAM ] array (
)
[ info ] [ LOG ] INIT File
---------------------------------------------------------------
[ 2018-09-27T23:50:30+08:00 ] 203.208.60.22 GET /assets/js/frontend/index.js?v=1538063387
[ info ] dage.gouwuduoduo.com/assets/js/frontend/index.js?v=1538063387 [运行时间：0.016270s][吞吐率：61.46req/s] [内存消耗：1,721.96kb] [文件加载：48]
[ info ] [ BEHAVIOR ] Run Closure @app_init [ RunTime:0.000023s ]
[ info ] [ CACHE ] INIT File
[ info ] [ BEHAVIOR ] Run Closure @app_init [ RunTime:0.000945s ]
[ info ] [ ROUTE ] array (
  'type' => 'module',
  'module' => 
  array (
    0 => '404',
    1 => NULL,
    2 => NULL,
  ),
)
[ info ] [ HEADER ] array (
  'accept-encoding' => 'gzip,deflate,br',
  'user-agent' => 'Mozilla/5.0 (Linux; Android 6.0.1; Nexus 5X Build/MMB29P) AppleWebKit/537.36 (KHTML, like Gecko) Chrome/41.0.2272.96 Mobile Safari/537.36 (compatible; Googlebot/2.1; +http://www.google.com/bot.html)',
  'from' => 'googlebot(at)googlebot.com',
  'accept' => '*/*',
  'connection' => 'keep-alive',
  'accept-language' => 'en-US',
  'referer' => 'http://dage.gouwuduoduo.com/',
  'host' => 'dage.gouwuduoduo.com',
  'content-type' => '',
  'content-length' => '',
)
[ info ] [ PARAM ] array (
)
[ info ] [ LOG ] INIT File
